select * from cg_config

select * from cg_config

select * from cg_config

select * from cg_config

SELECT * FROM cg_user WHERE username = 'camelwu'

update cg_user set login_num=login_num+1,login_ip='223.72.84.101',time2='2015-04-11 07:01:35' where id=3

select * from cg_config

select * from cg_config

select * from cg_user where id=3

SELECT lft, rgt FROM con_menuitems WHERE classid='1' 

SELECT * FROM con_menuitems WHERE lft>=1 AND lft<=134   ORDER BY lft ASC

select * from cg_config

select * from cg_config

select * from cg_config

select * from cg_config where id=1

select * from cg_config

select * from cg_class where pid=0  and classtype=0   order by hots 

select * from cg_class where pid=0  and classtype=1   order by hots 

select * from cg_class where pid=0  and classtype=2   order by hots 

select * from cg_class where pid=0  and classtype=3   order by hots 

select * from cg_class where pid=0  and classtype=4   order by hots 

select * from cg_class where pid=0  and classtype=5   order by hots 

select * from cg_class where pid=0  and classtype=6   order by hots 

select * from cg_class where pid=0  and classtype=7   order by hots 

select * from cg_class where pid=0 and classtype=0 order by hots asc

select * from cg_config

select * from cg_config

select * from cg_class where html='undefined' limit 1

select * from cg_config

select * from cg_config

select * from cg_branch  where types=0  order by id 

select count(*)  from cg_user where 1 

select *  from cg_user where 1  order by id desc limit 0,15

select * from cg_config

select * from cg_class where pid=0  and classtype=5   order by hots 

select * from cg_area   order by id 

select count(*)  from cg_branch where 1 

select *  from cg_branch where 1  order by id desc limit 0,15

select * from cg_config

select * from cg_class where pid=0  and classtype=5   order by hots 

select * from cg_area   order by id 

select count(*)  from cg_banner where 1 

select *  from cg_banner where 1  order by id desc limit 0,15

select * from cg_config

select * from cg_class where pid=0  and classtype=5   order by hots 

select * from cg_area   order by id 

select count(*)  from cg_link where 1 

select *  from cg_link where 1  order by id desc limit 0,15

select * from cg_config

select * from cg_config

select count(*)  from cg_attached where 1=1

select *  from cg_attached where 1=1 order by addtime desc limit 0,15

select * from cg_config

select count(*)  from cg_air where types=1

select *  from cg_air where types=1 order by id desc limit 0,15

select * from cg_config

select count(*)  from cg_air where types=0

select *  from cg_air where types=0 order by id desc limit 0,15

select * from cg_config

select count(*)  from cg_air where types=0

select *  from cg_air where types=0 order by id desc limit 60,15

select * from cg_config

select * from cg_class where pid=0  and classtype=5   order by hots 

select * from cg_class where pid=0  and classtype=6   order by hots 

select count(*)  from cg_area where types=1

select *  from cg_area where types=1 order by id desc limit 0,15

select * from cg_config

select * from cg_class where pid=0  and classtype=5   order by hots 

select * from cg_class where pid=0  and classtype=6   order by hots 

select count(*)  from cg_area where types=0

select *  from cg_area where types=0 order by id desc limit 0,15

select * from cg_config

select * from cg_class where pid=0  and classtype=5   order by hots 

select * from cg_class where pid=0  and classtype=6   order by hots 

select count(*)  from cg_area where types=0

select *  from cg_area where types=0 order by id desc limit 195,15

select * from cg_config

select * from cg_class where pid=0  and classtype=5   order by hots 

select * from cg_class where pid=0  and classtype=6   order by hots 

select count(*)  from cg_area where types=0

select *  from cg_area where types=0 order by id desc limit 0,15

select * from cg_config

select * from cg_class where pid=0  and classtype=5   order by hots 

select * from cg_class where pid=0  and classtype=6   order by hots 

select * from cg_area where id=218

select * from cg_config

select * from cg_area where classid=1  and pid=0 order by region

select * from cg_config

select * from cg_class where pid=0  and classtype=5   order by hots 

select * from cg_area   order by id 

select count(*)  from cg_cost_tra_car where 1 

select *  from cg_cost_tra_car where 1  order by id desc limit 0,15

select * from cg_config

select * from cg_class where pid=0  and classtype=5   order by hots 

select * from cg_area   order by id 

select * from cg_cost_tra_car where id=0

select * from cg_config

select * from cg_air where types=0 order by id 

select * from cg_air where types=1 order by id 

select * from cg_cost_tra_plane where id=0

select * from cg_config

select * from cg_class where pid=0  and classtype=5   order by hots 

select * from cg_area   order by id 

select * from cg_cost_tra_ship where id=0

select * from cg_config

select * from cg_class where pid=0  and classtype=5   order by hots 

select * from cg_area   order by id 

select * from cg_cost_tra_train where id=0

select * from cg_config

select * from cg_class where pid=0  and classtype=5   order by hots 

select * from cg_area   order by id 

select * from cg_cost_tra_ship where id=0

select * from cg_config

select * from cg_air where types=0 order by id 

select * from cg_air where types=1 order by id 

select * from cg_cost_tra_plane where id=0

select * from cg_config

select * from cg_class where pid=0  and classtype=5   order by hots 

select * from cg_area   order by id 

select * from cg_class where pid=0  and classtype=7   order by hots 

select * from cg_guide where id=0

select * from cg_config

select * from cg_area where classid=1  and pid=0 order by region

select * from cg_config

select * from cg_area where classid=1  and pid=1 order by region

select * from cg_config

select * from cg_class where pid=0  and classtype=5   order by hots 

select * from cg_area   order by id 

select * from cg_class where pid=0  and classtype=7   order by hots 

select * from cg_guide where id=0

select * from cg_config

select * from cg_area where classid=1  and pid=0 order by region

select * from cg_config

select * from cg_area where classid=1  and pid=1 order by region

select * from cg_config

select * from cg_class where pid=0  and classtype=5   order by hots 

select * from cg_area   order by id 

select * from cg_class where pid=0  and classtype=7   order by hots 

select * from cg_guide where id=0

select * from cg_config

select * from cg_area where classid=1  and pid=0 order by region

select * from cg_config

select * from cg_area where classid=1  and pid=1 order by region

select * from cg_config

select * from cg_class where pid=0  and classtype=5   order by hots 

select * from cg_area   order by id 

select * from cg_class where pid=0  and classtype=7   order by hots 

select * from cg_guide where id=0

select * from cg_config

select * from cg_area where classid=1  and pid=0 order by region

select * from cg_config

select * from cg_area where classid=1  and pid=1 order by region

select * from cg_config

select * from cg_class where pid=0  and classtype=5   order by hots 

select * from cg_area   order by id 

select * from cg_class where pid=0  and classtype=7   order by hots 

select * from cg_guide where id=0

select * from cg_config

select * from cg_area where classid=1  and pid=0 order by region

select * from cg_config

select * from cg_area where classid=1  and pid=1 order by region

select * from cg_config

select * from cg_class where pid=0  and classtype=5   order by hots 

select * from cg_area   order by id 

select * from cg_class where pid=0  and classtype=7   order by hots 

select * from cg_guide where id=0

select * from cg_config

select * from cg_area where classid=1  and pid=0 order by region

select * from cg_config

select * from cg_area where classid=1  and pid=1 order by region

select * from cg_config

select * from cg_class where pid=0  and classtype=5   order by hots 

select * from cg_area   order by id 

select * from cg_class where pid=0  and classtype=7   order by hots 

select * from cg_guide where id=0

select * from cg_config

select * from cg_area where classid=1  and pid=0 order by region

select * from cg_config

select * from cg_area where classid=1  and pid=1 order by region

select * from cg_config

select * from cg_class where pid=0  and classtype=5   order by hots 

select * from cg_area   order by id 

select * from cg_class where pid=0  and classtype=7   order by hots 

select * from cg_guide where id=0

select * from cg_config

select * from cg_area where classid=1  and pid=0 order by region

select * from cg_config

select * from cg_area where classid=1  and pid=1 order by region

select * from cg_config

select * from cg_class where pid=0  and classtype=0   order by hots 

select * from cg_class where 1  and classtype=0 and pid!=0  order by hots 

select * from cg_branch  where types=0  order by id 

select count(*) from (select *, concat_ws(',',title,IFNULL(keywords,' '),IFNULL(remark,' '),op_user) keyword from cg_product_route) result where userid=3

select * from (select *, concat_ws(',',title,IFNULL(keywords,' '),IFNULL(remark,' '),op_user) keyword from cg_product_route) result where userid=3 order by id desc limit 0,15

