select * from cg_config

select * from cg_config

select * from cg_config

select * from cg_config

SELECT * FROM cg_user WHERE username = 'admin'

update cg_user set login_num=login_num+1,login_ip='223.72.84.46',time2='2015-05-23 06:10:47' where id=1

select * from cg_config

select * from cg_config

select * from cg_user where id=1

SELECT lft, rgt FROM con_menuitems WHERE classid='1' 

SELECT * FROM con_menuitems WHERE lft>=1 AND lft<=134   ORDER BY lft ASC

select * from cg_config

select * from cg_config

select * from cg_config

select * from cg_class where pid=0  and classtype=5   order by hots 

select * from cg_area   order by id 

select count(*)  from cg_banner where 1 

select *  from cg_banner where 1  order by id desc limit 0,15

select * from cg_config

select * from cg_class where pid=0  and classtype=0   order by hots 

select count(*)  from cg_search where 1 

select *  from cg_search where 1  order by ctype,csearch,display limit 0,15

select * from cg_config

select * from cg_class where pid=0  and classtype=0   order by hots 

select * from cg_config

select * from cg_search where ckey='yzkd' limit 1

select * from cg_config

select * from cg_class where pid=0  and classtype=5   order by hots 

select * from cg_config

select * from cg_class where pid=0  and classtype=0   order by hots 

select * from cg_search where ckey='cuab'

select * from cg_config

select * from cg_class where pid=0  and classtype=5   order by hots 

select * from cg_config

select * from cg_search where ckey='cuab' limit 1

select * from cg_search where ckey='ebns' limit 1

select * from cg_config

select * from cg_area where pid=0 order by region,id

select * from cg_config

select * from cg_area where pid>0 order by pid,region

select * from cg_config

select * from cg_cost_tra_ship 

select * from cg_config

select * from cg_area where pid>0 order by pid,region

select * from cg_config

select * from cg_search where ckey='cuab' limit 1

select * from cg_search where ckey='yudi' limit 1

select * from cg_config

select * from cg_search where ckey='cuab' limit 1

select * from cg_search where ckey='ktch' limit 1

select * from cg_config

select * from cg_class where pid=0  and classtype=0   order by hots 

select * from cg_class where pid=0  and classtype=1   order by hots 

select * from cg_class where pid=0  and classtype=2   order by hots 

select * from cg_class where pid=0  and classtype=3   order by hots 

select * from cg_class where pid=0  and classtype=4   order by hots 

select * from cg_class where pid=0  and classtype=5   order by hots 

select * from cg_class where pid=0  and classtype=6   order by hots 

select * from cg_class where pid=0  and classtype=7   order by hots 

select * from cg_class where pid=0 and classtype=0 order by hots asc

select * from cg_config

select * from cg_config

select * from cg_class where html='undefined' limit 1

select * from cg_config

select * from cg_config

select * from cg_class where pid=0  and classtype=0   order by hots 

select * from cg_class where pid=0  and classtype=1   order by hots 

select * from cg_class where pid=0  and classtype=2   order by hots 

select * from cg_class where pid=0  and classtype=3   order by hots 

select * from cg_class where pid=0  and classtype=4   order by hots 

select * from cg_class where pid=0  and classtype=5   order by hots 

select * from cg_class where pid=0  and classtype=6   order by hots 

select * from cg_class where pid=0  and classtype=7   order by hots 

select * from cg_class where pid=96 and classtype=1 order by hots asc

select * from cg_config

select * from cg_config

select * from cg_class where html='undefined' limit 1

select * from cg_config

select * from cg_config

select * from cg_class where pid=0  and classtype=0   order by hots 

select * from cg_class where pid=0  and classtype=1   order by hots 

select * from cg_class where pid=0  and classtype=2   order by hots 

select * from cg_class where pid=0  and classtype=3   order by hots 

select * from cg_class where pid=0  and classtype=4   order by hots 

select * from cg_class where pid=0  and classtype=5   order by hots 

select * from cg_class where pid=0  and classtype=6   order by hots 

select * from cg_class where pid=0  and classtype=7   order by hots 

select * from cg_class where pid=97 and classtype=1 order by hots asc

select * from cg_config

select * from cg_config

select * from cg_class where html='undefined' limit 1

select * from cg_config

select * from cg_config

select * from cg_class where pid=0  and classtype=0   order by hots 

select * from cg_class where pid=0  and classtype=1   order by hots 

select * from cg_class where pid=0  and classtype=2   order by hots 

select * from cg_class where pid=0  and classtype=3   order by hots 

select * from cg_class where pid=0  and classtype=4   order by hots 

select * from cg_class where pid=0  and classtype=5   order by hots 

select * from cg_class where pid=0  and classtype=6   order by hots 

select * from cg_class where pid=0  and classtype=7   order by hots 

select * from cg_class where pid=99 and classtype=1 order by hots asc

select * from cg_config

select * from cg_config

select * from cg_class where html='undefined' limit 1

select * from cg_config

select * from cg_config

select * from cg_class where pid=0  and classtype=0   order by hots 

select * from cg_class where pid=0  and classtype=1   order by hots 

select * from cg_class where pid=0  and classtype=2   order by hots 

select * from cg_class where pid=0  and classtype=3   order by hots 

select * from cg_class where pid=0  and classtype=4   order by hots 

select * from cg_class where pid=0  and classtype=5   order by hots 

select * from cg_class where pid=0  and classtype=6   order by hots 

select * from cg_class where pid=0  and classtype=7   order by hots 

select * from cg_class where pid=96 and classtype=1 order by hots asc

select * from cg_config

select * from cg_config

select * from cg_class where html='undefined' limit 1

select * from cg_config

select * from cg_config

select * from cg_config

select * from cg_config

select * from cg_config

SELECT * FROM cg_user WHERE username = 'admin'

update cg_user set login_num=login_num+1,login_ip='223.72.84.46',time2='2015-05-23 06:34:50' where id=1

select * from cg_config

select * from cg_config

select * from cg_config

select * from cg_user where id=1

SELECT lft, rgt FROM con_menuitems WHERE classid='1' 

SELECT * FROM con_menuitems WHERE lft>=1 AND lft<=134   ORDER BY lft ASC

select * from cg_config

select * from cg_config

select * from cg_class where pid=0  and classtype=0   order by hots 

select * from cg_class where pid=0  and classtype=1   order by hots 

select * from cg_class where pid=0  and classtype=2   order by hots 

select * from cg_class where pid=0  and classtype=3   order by hots 

select * from cg_class where pid=0  and classtype=4   order by hots 

select * from cg_class where pid=0  and classtype=5   order by hots 

select * from cg_class where pid=0  and classtype=6   order by hots 

select * from cg_class where pid=0  and classtype=7   order by hots 

select * from cg_class where pid=0 and classtype=0 order by hots asc

select * from cg_config

select * from cg_class where html='undefined' limit 1

select * from cg_config

select * from cg_config

select * from cg_config

select * from cg_class where pid=0  and classtype=0   order by hots 

select * from cg_class where pid=0  and classtype=1   order by hots 

select * from cg_class where pid=0  and classtype=2   order by hots 

select * from cg_class where pid=0  and classtype=3   order by hots 

select * from cg_class where pid=0  and classtype=4   order by hots 

select * from cg_class where pid=0  and classtype=5   order by hots 

select * from cg_class where pid=0  and classtype=6   order by hots 

select * from cg_class where pid=0  and classtype=7   order by hots 

select * from cg_class where pid=96 and classtype=1 order by hots asc

select * from cg_config

select * from cg_config

select * from cg_class where html='undefined' limit 1

select * from cg_config

select * from cg_config

select * from cg_class where id=102

select * from cg_class where pid=0  and classtype=96   order by hots 

select * from cg_config

select * from cg_class where html='rlgs' limit 1

select * from cg_config

select * from cg_class where pid=0  and classtype=1   order by hots 

select * from cg_config

select * from cg_config

select * from cg_class where html='kiag' limit 1

select * from cg_class where pid=0  and classtype=96   order by hots 

select * from cg_config

UPDATE cg_class SET title='FAQ', html='rlgs', classtype='1', hots='2', pid='96', userid='1' WHERE id='102'

INSERT INTO cg_daily (title, remark, userid, name, ip, sys) VALUES ('cg_class', '修改了1条分类数据,ID为：102', '1', 'admin', '223.72.84.46', 'Mozilla/5.0 (Windows NT 6.1; WOW64) AppleWebKit/537.36 (KHTML, like Gecko) Chrome/41.0.2272.101 Safari/537.36') 

select * from cg_config

select * from cg_class where pid=0  and classtype=0   order by hots 

select * from cg_class where pid=0  and classtype=1   order by hots 

select * from cg_class where pid=0  and classtype=2   order by hots 

select * from cg_class where pid=0  and classtype=3   order by hots 

select * from cg_class where pid=0  and classtype=4   order by hots 

select * from cg_class where pid=0  and classtype=5   order by hots 

select * from cg_class where pid=0  and classtype=6   order by hots 

select * from cg_class where pid=0  and classtype=7   order by hots 

select * from cg_class where pid=96 and classtype=1 order by hots asc

select * from cg_config

select * from cg_config

select * from cg_class where html='undefined' limit 1

select * from cg_config

select * from cg_config

select * from cg_class where id=103

select * from cg_class where pid=0  and classtype=96   order by hots 

select * from cg_config

select * from cg_class where pid=0  and classtype=1   order by hots 

select * from cg_config

select * from cg_class where html='lkcy' limit 1

select * from cg_config

select * from cg_config

select * from cg_class where pid=0  and classtype=0   order by hots 

select * from cg_class where pid=0  and classtype=1   order by hots 

select * from cg_class where pid=0  and classtype=2   order by hots 

select * from cg_class where pid=0  and classtype=3   order by hots 

select * from cg_class where pid=0  and classtype=4   order by hots 

select * from cg_class where pid=0  and classtype=5   order by hots 

select * from cg_class where pid=0  and classtype=6   order by hots 

select * from cg_class where pid=0  and classtype=7   order by hots 

select * from cg_class where pid=0 and classtype=2 order by hots asc

select * from cg_config

select * from cg_config

select * from cg_class where html='undefined' limit 1

select * from cg_config

select * from cg_config

select * from cg_class where pid=0  and classtype=0   order by hots 

select * from cg_class where pid=0  and classtype=1   order by hots 

select * from cg_class where pid=0  and classtype=2   order by hots 

select * from cg_class where pid=0  and classtype=3   order by hots 

select * from cg_class where pid=0  and classtype=4   order by hots 

select * from cg_class where pid=0  and classtype=5   order by hots 

select * from cg_class where pid=0  and classtype=6   order by hots 

select * from cg_class where pid=0  and classtype=7   order by hots 

select * from cg_class where pid=0 and classtype=1 order by hots asc

select * from cg_config

select * from cg_config

select * from cg_class where html='undefined' limit 1

select * from cg_config

select * from cg_config

select * from cg_class where pid=0  and classtype=0   order by hots 

select * from cg_class where pid=0  and classtype=1   order by hots 

select * from cg_class where pid=0  and classtype=2   order by hots 

select * from cg_class where pid=0  and classtype=3   order by hots 

select * from cg_class where pid=0  and classtype=4   order by hots 

select * from cg_class where pid=0  and classtype=5   order by hots 

select * from cg_class where pid=0  and classtype=6   order by hots 

select * from cg_class where pid=0  and classtype=7   order by hots 

select * from cg_class where pid=96 and classtype=1 order by hots asc

select * from cg_config

select * from cg_config

select * from cg_class where html='undefined' limit 1

select * from cg_config

select * from cg_config

select * from cg_class where id=102

select * from cg_class where pid=0  and classtype=96   order by hots 

select * from cg_config

select * from cg_class where html='rlgs' limit 1

select * from cg_config

select * from cg_class where pid=0  and classtype=1   order by hots 

select * from cg_config

select * from cg_config

select * from cg_class where pid=0  and classtype=5   order by hots 

select * from cg_area   order by id 

select * from cg_class where pid=0  and classtype=4   order by hots 

select * from cg_scenic where id=0

select * from cg_config

select * from cg_config

select * from cg_area where classid=1  and pid=0 order by region

select * from cg_config

select * from cg_area where classid=1  and pid=1 order by region

select * from cg_config

select * from cg_class where pid=0  and classtype=0   order by hots 

select count(*)  from cg_search where 1 

select *  from cg_search where 1  order by ctype,csearch,display limit 0,15

select * from cg_config

select * from cg_class where pid=0  and classtype=0   order by hots 

select * from cg_search where ckey='cuab'

select * from cg_config

select * from cg_class where pid=0  and classtype=5   order by hots 

select * from cg_config

select * from cg_search where ckey='cuab' limit 1

select * from cg_search where ckey='nsdr' limit 1

select * from cg_config

select * from cg_class where pid=0  and classtype=5   order by hots 

select * from cg_class where pid=0  and classtype=6   order by hots 

select count(*)  from cg_area t  where types=0

select *,(select title from cg_area where id=t.pid) as pidname  from cg_area t  where types=0 order by id desc limit 0,15

select * from cg_config

select * from cg_class where pid=0  and classtype=5   order by hots 

select * from cg_class where pid=0  and classtype=6   order by hots 

select * from cg_area where id=0

select * from cg_config

select * from cg_area where classid=1  and pid=0 order by region

select * from cg_config

select * from cg_class where pid=0  and classtype=5   order by hots 

select * from cg_class where pid=0  and classtype=6   order by hots 

select * from cg_area where id=0

select * from cg_config

select * from cg_area where classid=1  and pid=0 order by region

select * from cg_config

select * from cg_class where pid=0  and classtype=5   order by hots 

select * from cg_area   order by id 

select * from cg_class where pid=0  and classtype=4   order by hots 

select count(*)  from cg_scenic where types=2

select *  from cg_scenic where types=2 order by id desc limit 0,15

select * from cg_config

select * from cg_class where pid=0  and classtype=5   order by hots 

select * from cg_area   order by id 

select * from cg_class where pid=0  and classtype=4   order by hots 

select * from cg_scenic where id=1616

select * from cg_config

select * from cg_area where classid=3  and pid=0 order by region

select * from cg_config

select * from cg_config

select * from cg_area where classid=3  and pid=103 order by region

select * from cg_config

select * from cg_class where pid=0  and classtype=5   order by hots 

select * from cg_area   order by id 

select * from cg_class where pid=0  and classtype=4   order by hots 

select * from cg_scenic where id=1615

select * from cg_config

select * from cg_config

select * from cg_area where classid=3  and pid=0 order by region

select * from cg_config

select * from cg_area where classid=3  and pid=105 order by region

select * from cg_config

select * from cg_class where pid=0  and classtype=5   order by hots 

select * from cg_area   order by id 

select * from cg_class where pid=0  and classtype=4   order by hots 

select * from cg_scenic where id=1614

select * from cg_config

select * from cg_config

select * from cg_area where classid=3  and pid=0 order by region

select * from cg_config

select * from cg_area where classid=3  and pid=107 order by region

select * from cg_config

select * from cg_class where pid=0  and classtype=5   order by hots 

select * from cg_area   order by id 

select * from cg_class where pid=0  and classtype=4   order by hots 

select * from cg_scenic where id=1602

select * from cg_config

select * from cg_config

select * from cg_area where classid=6  and pid=0 order by region

select * from cg_config

select * from cg_area where classid=6  and pid=19 order by region

select * from cg_config

select * from cg_class where pid=0  and classtype=5   order by hots 

select * from cg_area   order by id 

select * from cg_class where pid=0  and classtype=4   order by hots 

select * from cg_scenic where id=1605

select * from cg_config

select * from cg_area where classid=1  and pid=0 order by region

select * from cg_config

select * from cg_config

select * from cg_area where classid=1  and pid=1 order by region

select * from cg_config

select * from cg_area where classid=2  and pid=0 order by region

select * from cg_config

select * from cg_area where classid=2  and pid=12 order by region

select * from cg_config

select * from cg_area where classid=2  and pid=149 order by region

select * from cg_config

select * from cg_class where pid=0  and classtype=5   order by hots 

select * from cg_area   order by id 

select * from cg_class where pid=0  and classtype=4   order by hots 

UPDATE cg_scenic SET id='1605', types='2', title='以色列旅游签证', info_id='', cid='2', aid='149', material='旅游签证', brand='12', item='', size='', stock='北京领区', price='100', price1='200', word='个人身份证明
<p class=\"MsoNormal\">
	护照
</p>
<p class=\"MsoNormal\">
	1. 有效期在6个月以上的因私护照（自回国之日开始算，为6个月以上）
</p>
<p class=\"MsoNormal\">
	2. 请在护照最后一页签名，中文姓名
</p>
<p class=\"MsoNormal\">
	照片
</p>
<p class=\"MsoNormal\">
	2寸近期蓝底彩色照片4张5cm*5cm
</p>
<p class=\"MsoNormal\">
	个人资料表 务求完整准确填写
</p>
<p class=\"MsoNormal\">
	<br />
</p>
<p class=\"MsoNormal\">
	资产证明
</p>
<p class=\"MsoNormal\">
	每人2万元的存款证明原件
</p>
<p class=\"MsoNormal\">
	<br />
</p>
<p class=\"MsoNormal\">
	工作证明
</p>
<p class=\"MsoNormal\">
	在职证明
</p>
<p class=\"MsoNormal\">
	单位抬头纸出具的在职证明信原件
</p>
<p class=\"MsoNormal\">
	其他：旅行行程单，酒店预订单，及确认的往返以色列的飞机票
</p>', info='', op_type='1', url='', op_user='admin' WHERE id='1605'

INSERT INTO cg_daily (title, remark, userid, name, ip, sys) VALUES ('cg_scenic', '修改了1条签证数据,ID为：1605', '1', 'admin', '223.72.84.46', 'Mozilla/5.0 (Windows NT 6.1; WOW64) AppleWebKit/537.36 (KHTML, like Gecko) Chrome/41.0.2272.101 Safari/537.36') 

select * from cg_config

select * from cg_class where pid=0  and classtype=5   order by hots 

select * from cg_area   order by id 

select * from cg_class where pid=0  and classtype=4   order by hots 

select count(*)  from cg_scenic where types=2

select *  from cg_scenic where types=2 order by id desc limit 0,15

select * from cg_config

select * from cg_class where pid=0  and classtype=5   order by hots 

select * from cg_area   order by id 

select * from cg_class where pid=0  and classtype=4   order by hots 

select * from cg_scenic where id=1606

select * from cg_config

select * from cg_config

select * from cg_area where classid=6  and pid=0 order by region

select * from cg_config

select * from cg_area where classid=6  and pid=19 order by region

select * from cg_config

select * from cg_area where classid=2  and pid=0 order by region

select * from cg_config

select * from cg_area where classid=2  and pid=12 order by region

select * from cg_config

select * from cg_area where classid=2  and pid=150 order by region

select * from cg_config

select * from cg_class where pid=0  and classtype=5   order by hots 

select * from cg_area   order by id 

select * from cg_class where pid=0  and classtype=4   order by hots 

UPDATE cg_scenic SET id='1606', types='2', title='印度尼西亚', info_id='', cid='2', aid='150', material='旅游签证', brand='12', item='90', size='30', stock='北京领区', price='300', price1='350', word='个人身份证明
<p class=\"MsoNormal\">
	照片
</p>
<p class=\"MsoNormal\">
	两寸白底彩色照片2张，在照片后面签名
</p>
<p class=\"MsoNormal\">
	身份证
</p>
<p class=\"MsoNormal\">
	1. 如果是旧版身份证请用A4纸复印2份
</p>
<p class=\"MsoNormal\">
	2. 如果是新版身份证请用A4纸复印正反两面各2份
</p>
<p class=\"MsoNormal\">
	护照
</p>
<p class=\"MsoNormal\">
	1.有效期在6个月以上的因私护照（自回国之日开始算，为6个月以上）
</p>
<p class=\"MsoNormal\">
	2.请在护照最后一页签名，中文姓名
</p>
<p class=\"MsoNormal\">
	3.持换发护照者，需同时提供所有旧护照原件（如旧护照丢失，需要当地派出所开出的证明原件）
</p>
<p class=\"MsoNormal\">
	<br />
</p>
<p class=\"MsoNormal\">
	工作证明
</p>
<p class=\"MsoNormal\">
	在职证明
</p>
<p class=\"MsoNormal\">
	1.使用公司正规抬头纸打印， 内容全部为英文，并加盖公司红章
</p>
<p class=\"MsoNormal\">
	2.在职证明内容需包括：申请人姓名、出生日期、护照号、职位、收入、入职时间、旅游具体起止时间并需注明担保申请人按期回国；单位名称、地址、传真、联系电话，和单位的营业执照/企业机构代码证号；以及负责人姓名和职务并请负责人签字
</p>
<p class=\"MsoNormal\">
	<br />
</p>
<p class=\"MsoNormal\">
	学生及儿童
</p>
<p class=\"MsoNormal\">
	学校准假信
</p>
<p class=\"MsoNormal\">
	1.使用学校正规抬头纸打印，内容全部为英文的证明原件
</p>
<p class=\"MsoNormal\">
	2.准假信内容需包括：学校名称、学生所在系或班级、具体的旅游起止时间、系领导或校长的签字以及电话，传真等，并注明申请人将按时回国，以及遵守国外法律
</p>
<p class=\"MsoNormal\">
	3.如果18岁以上学生单独出行或与非直系亲属出行，需提供父母一方的在职证明
</p>
<p class=\"MsoNormal\">
	4.若申请人是毕业生，暂无工作请提供学校的毕业证复印件；若申请人处于升学期间，请提供录取通知书复印件。上述这两种情况还需提供父母亲单位的在职证明，以及加盖公章的营业执照或组织机构代码证
</p>
<p class=\"MsoNormal\">
	<br />
</p>
<p class=\"MsoNormal\">
	老人
</p>
<p class=\"MsoNormal\">
	退休证
</p>
<p class=\"MsoNormal\">
	1.申请人为退休人员请提供退休证原件及复印件。（用A4纸复印）
</p>
<p class=\"MsoNormal\">
	2.如申请人目前正处于退休证办理中，请提供所在单位出具的退休证办理证明，其单位领导签字并加盖公章。
</p>
<p class=\"MsoNormal\">
	3.如申请人是外领区签发的护照，但居住在北京，请提供暂住证原件和复印件（用A4纸复印）
</p>
<p class=\"MsoNormal\">
	其他
</p>
<p class=\"MsoNormal\">
	机票：机票预订单
</p>', info='', op_type='1', url='', op_user='admin' WHERE id='1606'

INSERT INTO cg_daily (title, remark, userid, name, ip, sys) VALUES ('cg_scenic', '修改了1条签证数据,ID为：1606', '1', 'admin', '223.72.84.46', 'Mozilla/5.0 (Windows NT 6.1; WOW64) AppleWebKit/537.36 (KHTML, like Gecko) Chrome/41.0.2272.101 Safari/537.36') 

select * from cg_config

select * from cg_class where pid=0  and classtype=5   order by hots 

select * from cg_area   order by id 

select * from cg_class where pid=0  and classtype=4   order by hots 

select count(*)  from cg_scenic where types=2

select *  from cg_scenic where types=2 order by id desc limit 0,15

select * from cg_config

select * from cg_class where pid=0  and classtype=5   order by hots 

select * from cg_area   order by id 

select * from cg_class where pid=0  and classtype=4   order by hots 

select count(*)  from cg_scenic where types=2

select *  from cg_scenic where types=2 order by id desc limit 15,15

select * from cg_config

select * from cg_class where pid=0  and classtype=5   order by hots 

select * from cg_area   order by id 

select * from cg_class where pid=0  and classtype=4   order by hots 

select * from cg_scenic where id=1599

select * from cg_config

select * from cg_config

select * from cg_area where classid=1  and pid=0 order by region

select * from cg_config

select * from cg_area where classid=1  and pid=1 order by region

select * from cg_config

select * from cg_area where classid=7  and pid=0 order by region

select * from cg_config

select * from cg_area where classid=7  and pid=27 order by region

select * from cg_config

select * from cg_class where pid=0  and classtype=5   order by hots 

select * from cg_area   order by id 

select * from cg_class where pid=0  and classtype=4   order by hots 

UPDATE cg_scenic SET id='1599', types='2', title='澳大利亚旅游签证', info_id='', cid='7', aid='27', material='旅游签证', brand='23', item='一年至三个月不等', size='一个月或者三个月 多次往返', stock='北京领区', price='300', price1='350', word='<p class=\"MsoNormal\">
	个人身份证明
</p>
<p class=\"MsoNormal\">
	护照
</p>
<p class=\"MsoNormal\">
	1.本原件有效期至少半年以上，护照后需有个人本人签名
</p>
<p class=\"MsoNormal\">
	2.有旧护照，则必须提供原件，老护照后也必须本人签名
</p>
<p class=\"MsoNormal\">
	3.若申请人旧护照遗失，则必须提供旧护照的遗失证明（即客人自己写一份遗失说明并签字或者公安机关开具的遗失证明）
</p>
<p class=\"MsoNormal\">
	4.若申请者在以往申请欧洲签证过程中，有被拒签的记录显示，请提供说明。（即客人自己写一份拒签理由并签字即可。）
</p>
<p class=\"MsoNormal\">
	5.有2 张以上的空白可用页
</p>
<p class=\"MsoNormal\">
	照片（4张）
</p>
<p class=\"MsoNormal\">
	1. 白底彩色近照4张, 照片尺寸要求35×45mm
</p>
<p class=\"MsoNormal\">
	（注：照片的头顶-下巴的尺寸上下35mm，左右25mm）
</p>
<p class=\"MsoNormal\">
	2. 请在照片背面用铅笔写上自己的姓名
</p>
<p class=\"MsoNormal\">
	结婚证
</p>
<p class=\"MsoNormal\">
	已婚人士需提供结婚证复印件，如丢失，请提供结婚证件丢失说明（派出所或街道开具）
</p>
<p class=\"MsoNormal\">
	暂住证
</p>
<p class=\"MsoNormal\">
	如果护照签发地与工作地不一致,
</p>
<p class=\"MsoNormal\">
	1.在北京领区工作的,需提供在有效期之内的暂住证原件和复印件
</p>
<p class=\"MsoNormal\">
	2.在上海领区工作的,需提供在有效期之内的暂住证原件和复印件
</p>
<p class=\"MsoNormal\">
	身份证
</p>
<p class=\"MsoNormal\">
	1.旧版身份证原件及彩色复印件，请用A4纸复印正面
</p>
<p class=\"MsoNormal\">
	2.新版身份证原件及彩色复印件，请用A4复印正反两面
</p>
<p class=\"MsoNormal\">
	户口本
</p>
<p class=\"MsoNormal\">
	1.全家户口本原件及彩色复印件（请用A4纸复印）
</p>
<p class=\"MsoNormal\">
	2.若配偶、子女不在同一户口本，请一并提供配偶、子女完整户口本复印件（包括首页，户主页，本人页，配偶页，子女页，备注页，不能有缺页）
</p>
<p class=\"MsoNormal\">
	3.如在校学生为集体户口，请提供集体户主首页及本人页复印件
</p>
<p class=\"MsoNormal\">
	<br />
</p>
<p class=\"MsoNormal\">
	资产证明
</p>
<p class=\"MsoNormal\">
	银行存款证明原件及复印件，每人金额在五万元人民币以上
</p>
<p class=\"MsoNormal\">
	1.如是提供配偶财产，而户口本又无法体现其夫妻关系的，需提供结婚证的原件及复印件
</p>
<p class=\"MsoNormal\">
	2.存款证明需为银行标准格式（金额不少于5万人民币/人），有正确的英文译文，不可手写（历史记录至少在6个月以上的）存款证明对应的存折或者存单的原件和复印件
</p>
<p class=\"MsoNormal\">
	3.需提供申请人半年前开户的存折（有存取记录的）或存单原件，账户号最好与存款证明一致；如果提供的是配偶的，则需要提供结婚证原件及复印件
</p>
<p class=\"MsoNormal\">
	4.充裕的资金证明将有助于签证的申请
</p>
<p class=\"MsoNormal\">
	5.如果收入或存款仅仅能够负担旅行费用，则大额凭证式国债、股票和有价证券均可用于辅助资金证明；房产、车证也可起到上述目的
</p>
<p class=\"MsoNormal\">
	6.近六个月的银行对帐单，并加盖银行红章
</p>
<p class=\"MsoNormal\">
	7.近六个月的工资存折原件，工资卡银行对帐单明细（加盖单位红章），或每月领取工资的工资条原件（有本人签名）
</p>
<p class=\"MsoNormal\">
	<br />
</p>
<p class=\"MsoNormal\">
	工作证明
</p>
<p class=\"MsoNormal\">
	在职证明
</p>
<p class=\"MsoNormal\">
	1.在职证明一式两份，中文一份，英文一份
</p>
<p class=\"MsoNormal\">
	2.使用公司正规抬头纸打印，并加盖公司红章
</p>
<p class=\"MsoNormal\">
	3.在职证明内容需包括：单位名称、本人职务及收入、旅行时间、负责人职务、签字以及电话、传真，和单位的营业执照/企业机构代码证号。并需要注明担保申请人按期回国
</p>
<p class=\"MsoNormal\">
	4.同一单位的申请人必须以名单的形式打在同一份抬头纸上，而且每人都要提供担保原件
</p>
<p class=\"MsoNormal\">
	5.公司空白抬头纸4张，需有领导签字并加盖公章
</p>
<p class=\"MsoNormal\">
	营业执照或组织机构代码证
</p>
<p class=\"MsoNormal\">
	1、所在单位为企业单位的申请者，请提供营业执照副本的清晰复印件，用A4纸复印，有年检记录，并在复印件上加盖单位公章
</p>
<p class=\"MsoNormal\">
	2、所在单位为事业单位的申请者，请提供组织机构代码证的清晰复印件，用A4纸复印，有年检记录，并在复印件上加盖单位公章
</p>
<p class=\"MsoNormal\">
	机构代码证
</p>
<p class=\"MsoNormal\">
	1.所在单位为事业单位的申请者，请提供组织机构代码证的清晰复印件，用A4纸复印，有年检记录，并在复印件上加盖单位公章.
</p>
<p class=\"MsoNormal\">
	<br />
</p>
<p class=\"MsoNormal\">
	学生及儿童
</p>
<p class=\"MsoNormal\">
	学校准假证明
</p>
<p class=\"MsoNormal\">
	1. 使用学校正规抬头纸打印，内容中英文皆可
</p>
<p class=\"MsoNormal\">
	2. 准假证明内容需包括：学生姓名、学生所在系或班级、具体的旅游起止时间并需注明担保申请人按期回国；学校名称、地址、传真和联系电话；学校领导的姓名和职位并请领导签字
</p>
<p class=\"MsoNormal\">
	3. 样本供参考
</p>
<p class=\"MsoNormal\">
	4. 若申请人是毕业生，暂无工作请提供学校的毕业证复印件；若申请人处于升学期间，请提供录取通知书复印件。
</p>
<p class=\"MsoNormal\">
	其他补充材料
</p>
<p class=\"MsoNormal\">
	如是学生，请提供学生证复印件，12岁以下还需要提供出生证或者户籍证明；
</p>
<p class=\"MsoNormal\">
	亲属关系证明 同行关系证明18周岁以下申请人请根据出行情况提供以下材料（如户口簿已能体现与父母的关系，无需再递交出生证明）：
</p>
<p class=\"MsoNormal\">
	1.若与父母同行，须提供出生证明复印件。（经外交部认证）
</p>
<p class=\"MsoNormal\">
	2.若只与父母一方出行，须提供出生证复印件或亲属关系公证书复印件及不同行一方亲笔签名的同意信。（经外交部认证）
</p>
<p class=\"MsoNormal\">
	3.若与亲戚出行（父母均不出行），须提供出生证复印件或亲属关系公证书复印件、父母双方亲笔签名的委托书。（经外交部认证）
</p>
<p class=\"MsoNormal\">
	4、亲属关系公证书申请人必须为儿童本人，具体格式内容请参照样本
</p>
<p class=\"MsoNormal\">
	PS：如遇寒暑假，可用学生证或学籍卡复印件代替在校证明；如是应届毕业生（除大学生之外），可用毕业证书或录取通知书的复印件和情况说明书代替在校证明。
</p>
<p class=\"MsoNormal\">
	公证认证 18周岁以下学生及儿童需提供公证书及认证书
</p>
<p class=\"MsoNormal\">
	1.与父母双方一同出行的，提供省、市或区县级公证处出具的出生公证书。（请注意，一律提供出生公证，不能是亲属公证）
</p>
<p class=\"MsoNormal\">
	2.与父母一方出行的，在原有出生公证的基础上，另需提供一份不出行一方的委托公证书原件（内容主要是同意小孩随另一方出国旅游，同时请提供不出行一方的在职证明原件及工资单，以上材料18周岁以3.所有公证书必须是涉外公证书，即需附有英文翻译件的公证书
</p>
<p class=\"MsoNormal\">
	<br />
</p>
<p class=\"MsoNormal\">
	<br />
</p>
<p class=\"MsoNormal\">
	老人
</p>
<p class=\"MsoNormal\">
	退休证
</p>
<p class=\"MsoNormal\">
	1.申请人为退休人员请提供退休证原件及复印件。（用A4纸复印）
</p>
<p class=\"MsoNormal\">
	2.如申请人目前正处于退休证办理中，请提供所在单位出具的退休证办理证明，其单位领导签字并加盖公章。
</p>
<p class=\"MsoNormal\">
	3.如申请人是外领区签发的护照，但居住在北京，请提供暂住证原件和复印件（用A4纸复印）
</p>
<p class=\"MsoNormal\">
	补充材料 所有达到和超过75周岁的申请人在递交签证申请后使馆会给申请人邮寄体检表，申请人需要按照使馆的制定医院做体检
</p>
<p class=\"MsoNormal\">
	<br />
</p>
<p class=\"MsoNormal\">
	其他
</p>
<p class=\"MsoNormal\">
	其他补充材料
</p>
<p class=\"MsoNormal\">
	居住证明：无业人员或家庭主妇需提供街道或物业开具的居住证明
</p>
<p class=\"MsoNormal\">
	要求：
</p>
<p class=\"MsoNormal\">
	1．使用街道或物业正规抬头纸打印，加盖红章
</p>
<p class=\"MsoNormal\">
	2．街道或物业负责人的签字，职务和电话
</p>
<p class=\"MsoNormal\">
	其他补充材料
</p>
<p class=\"MsoNormal\">
	1.无业人员或家庭主妇需要提供出资人（一般是指配偶或父母）的在职证明 （用公司正规抬头纸打印，列明出资人与申请人的关系，出资人的职务，薪水，以及承担申请人此次的出行费用），以及加盖公章的营业执照或组织机构代码证
</p>
<p class=\"MsoNormal\">
	2.并提供关系证明材料
</p>', info='', op_type='1', url='', op_user='admin' WHERE id='1599'

INSERT INTO cg_daily (title, remark, userid, name, ip, sys) VALUES ('cg_scenic', '修改了1条签证数据,ID为：1599', '1', 'admin', '223.72.84.46', 'Mozilla/5.0 (Windows NT 6.1; WOW64) AppleWebKit/537.36 (KHTML, like Gecko) Chrome/41.0.2272.101 Safari/537.36') 

select * from cg_config

select * from cg_class where pid=0  and classtype=5   order by hots 

select * from cg_area   order by id 

select * from cg_class where pid=0  and classtype=4   order by hots 

select count(*)  from cg_scenic where types=2

select *  from cg_scenic where types=2 order by id desc limit 0,15

select * from cg_config

select * from cg_class where pid=0  and classtype=5   order by hots 

select * from cg_area   order by id 

select * from cg_class where pid=0  and classtype=4   order by hots 

select count(*)  from cg_scenic where types=2

select *  from cg_scenic where types=2 order by id desc limit 15,15

select * from cg_config

select * from cg_class where pid=0  and classtype=5   order by hots 

select * from cg_area   order by id 

select * from cg_class where pid=0  and classtype=4   order by hots 

select count(*)  from cg_scenic where types=2

select *  from cg_scenic where types=2 order by id desc limit 30,15

select * from cg_config

select * from cg_class where pid=0  and classtype=5   order by hots 

select * from cg_area   order by id 

select * from cg_class where pid=0  and classtype=4   order by hots 

select * from cg_scenic where id=1583

select * from cg_config

select * from cg_config

select * from cg_area where classid=2  and pid=0 order by region

select * from cg_config

select * from cg_area where classid=2  and pid=141 order by region

select * from cg_config

select * from cg_class where pid=0  and classtype=5   order by hots 

select * from cg_area   order by id 

select * from cg_class where pid=0  and classtype=4   order by hots 

UPDATE cg_scenic SET id='1583', types='2', title='马来西亚个人旅游签证', info_id='', cid='2', aid='141', material='旅游签证', brand='3', item='30', size='30', stock='北京领区', price='300', price1='300', word='1、所需资料：有交效期半年以上护照，照片片2张，身份证复印件， <br />
<br />
2、所需工作日4天 <br />
<br />
3、有效期3个月 <br />
<br />
4、停留期30天 <br />
<br />
5、费用：300元&nbsp;', info='', op_type='1', url='', op_user='admin' WHERE id='1583'

INSERT INTO cg_daily (title, remark, userid, name, ip, sys) VALUES ('cg_scenic', '修改了1条签证数据,ID为：1583', '1', 'admin', '223.72.84.46', 'Mozilla/5.0 (Windows NT 6.1; WOW64) AppleWebKit/537.36 (KHTML, like Gecko) Chrome/41.0.2272.101 Safari/537.36') 

select * from cg_config

select * from cg_class where pid=0  and classtype=5   order by hots 

select * from cg_area   order by id 

select * from cg_class where pid=0  and classtype=4   order by hots 

select count(*)  from cg_scenic where types=2

select *  from cg_scenic where types=2 order by id desc limit 0,15

select * from cg_config

select * from cg_class where pid=0  and classtype=5   order by hots 

select * from cg_area   order by id 

select * from cg_class where pid=0  and classtype=4   order by hots 

select count(*)  from cg_scenic where types=2

select *  from cg_scenic where types=2 order by id desc limit 15,15

select * from cg_config

select * from cg_class where pid=0  and classtype=5   order by hots 

select * from cg_area   order by id 

select * from cg_class where pid=0  and classtype=4   order by hots 

select * from cg_scenic where id=1591

select * from cg_config

select * from cg_area where classid=2  and pid=0 order by region

select * from cg_config

select * from cg_config

select * from cg_area where classid=2  and pid=138 order by region

select * from cg_config

select * from cg_class where pid=0  and classtype=5   order by hots 

select * from cg_area   order by id 

select * from cg_class where pid=0  and classtype=4   order by hots 

UPDATE cg_scenic SET id='1591', types='2', title='韩国商务签证（单次访问韩国）', info_id='', cid='2', aid='138', material='商务签证', brand='10', item='3个月', size='90天', stock='苏州领区', price='600', price1='600', word='<p>
	中方提交的资料
</p>
<p>
	1、护照原件
</p>
<p>
	2、身份证复印件
</p>
<p>
	3、在职收入证明（下面任选一项）：
</p>
<p class=\"MsoNormal\">
	<span style=\"font-family:宋体;\">   ①个人所得税完税证明</span> 
</p>
<p class=\"MsoNormal\">
	<span style=\"font-family:宋体;\">   ②信用卡交易明细单</span> 
</p>
<p class=\"MsoNormal\">
	<span style=\"font-family:宋体;\">   ③银行的工资入账详单</span> 
</p>
<p class=\"MsoNormal\">
	<span style=\"font-family:宋体;\">   ④社会保险加入证明</span> 
</p>
<p class=\"MsoNormal\">
	<span style=\"font-family:宋体;\">4、出差派遣函（指定格式）</span> 
</p>
<p class=\"MsoNormal\">
	<span style=\"font-family:宋体;\">5、公司营业执照复印件并加盖公章</span> 
</p>
<p class=\"MsoNormal\">
	韩国邀请方需提交的资料如下：
</p>
<p class=\"MsoNormal\">
	1、邀请函原件
</p>
<p class=\"MsoNormal\">
	2、法人登记簿誊本（事业者登录证明）或固有号码证。
</p>
<p class=\"MsoNormal\">
	 
</p>
<p class=\"MsoNormal\">
	大韩民国驻中国大使馆 领事/签证业务查询网址：<a href=\"http://chn.mofa.go.kr/worldlanguage/asia/chn/visa/download/index.jsp\">http://chn.mofa.go.kr/worldlanguage/asia/chn/visa/download/index.jsp</a>
</p>
<p class=\"MsoNormal\">
	<span style=\"font-family:宋体;\"></span> 
</p>
<p>
	 
</p>', info='1.此价格不含签证费;
2.请务必确保您的护照在归国后仍有半年以上有效期，并且至少留有两页空白签证页；
3.以上签证所需材料，若领馆临时变更，以领馆变更为准；
4.办理时长指领馆正常受理工作日（领馆节假日随各国情况有所差异）。往返快递时间另计。', op_type='1', url='', op_user='admin' WHERE id='1591'

INSERT INTO cg_daily (title, remark, userid, name, ip, sys) VALUES ('cg_scenic', '修改了1条签证数据,ID为：1591', '1', 'admin', '223.72.84.46', 'Mozilla/5.0 (Windows NT 6.1; WOW64) AppleWebKit/537.36 (KHTML, like Gecko) Chrome/41.0.2272.101 Safari/537.36') 

select * from cg_config

select * from cg_class where pid=0  and classtype=5   order by hots 

select * from cg_area   order by id 

select * from cg_class where pid=0  and classtype=4   order by hots 

select count(*)  from cg_scenic where types=2

select *  from cg_scenic where types=2 order by id desc limit 0,15

select * from cg_config

select * from cg_class where pid=0  and classtype=5   order by hots 

select * from cg_area   order by id 

select * from cg_class where pid=0  and classtype=4   order by hots 

select count(*)  from cg_scenic where types=2

select *  from cg_scenic where types=2 order by id desc limit 15,15

select * from cg_config

select * from cg_class where pid=0  and classtype=5   order by hots 

select * from cg_area   order by id 

select * from cg_class where pid=0  and classtype=4   order by hots 

select * from cg_scenic where id=1591

select * from cg_config

select * from cg_area where classid=2  and pid=0 order by region

select * from cg_config

select * from cg_config

select * from cg_area where classid=2  and pid=138 order by region

select * from cg_config

select * from cg_class where pid=0  and classtype=5   order by hots 

select * from cg_area   order by id 

select * from cg_class where pid=0  and classtype=4   order by hots 

UPDATE cg_scenic SET id='1591', types='2', title='韩国商务签证（单次访问韩国）', info_id='', cid='2', aid='138', material='商务签证', brand='10', item='3个月', size='90天', stock='苏州领区', price='600', price1='600', word='<p>
	中方提交的资料
</p>
<p>
	1、护照原件
</p>
<p>
	2、身份证复印件
</p>
<p>
	3、在职收入证明（下面任选一项）：
</p>
<p class=\"MsoNormal\">
	<span style=\"font-family:宋体;\"> ①个人所得税完税证明</span> 
</p>
<p class=\"MsoNormal\">
	<span style=\"font-family:宋体;\"> ②信用卡交易明细单</span> 
</p>
<p class=\"MsoNormal\">
	<span style=\"font-family:宋体;\"> ③银行的工资入账详单</span> 
</p>
<p class=\"MsoNormal\">
	<span style=\"font-family:宋体;\"> ④社会保险加入证明</span> 
</p>
<p class=\"MsoNormal\">
	<span style=\"font-family:宋体;\">4、出差派遣函（指定格式）</span> 
</p>
<p class=\"MsoNormal\">
	<span style=\"font-family:宋体;\">5、公司营业执照复印件并加盖公章</span> 
</p>
<p class=\"MsoNormal\">
	韩国邀请方需提交的资料如下：
</p>
<p class=\"MsoNormal\">
	1、邀请函原件
</p>
<p class=\"MsoNormal\">
	2、法人登记簿誊本（事业者登录证明）或固有号码证。
</p>
<p class=\"MsoNormal\">
	大韩民国驻中国大使馆 领事/签证业务查询网址：<a href=\"http://chn.mofa.go.kr/worldlanguage/asia/chn/visa/download/index.jsp\">http://chn.mofa.go.kr/worldlanguage/asia/chn/visa/download/index.jsp</a> 
</p>', info='1.此价格不含签证费;
2.请务必确保您的护照在归国后仍有半年以上有效期，并且至少留有两页空白签证页；
3.以上签证所需材料，若领馆临时变更，以领馆变更为准；
4.办理时长指领馆正常受理工作日（领馆节假日随各国情况有所差异）。往返快递时间另计。', op_type='1', url='', op_user='admin' WHERE id='1591'

INSERT INTO cg_daily (title, remark, userid, name, ip, sys) VALUES ('cg_scenic', '修改了1条签证数据,ID为：1591', '1', 'admin', '223.72.84.46', 'Mozilla/5.0 (Windows NT 6.1; WOW64) AppleWebKit/537.36 (KHTML, like Gecko) Chrome/41.0.2272.101 Safari/537.36') 

select * from cg_config

select * from cg_class where pid=0  and classtype=5   order by hots 

select * from cg_area   order by id 

select * from cg_class where pid=0  and classtype=4   order by hots 

select count(*)  from cg_scenic where types=2

select *  from cg_scenic where types=2 order by id desc limit 0,15

select * from cg_config

select * from cg_class where pid=0  and classtype=5   order by hots 

select * from cg_area   order by id 

select * from cg_class where pid=0  and classtype=4   order by hots 

select count(*)  from cg_scenic where types=2

select *  from cg_scenic where types=2 order by id desc limit 15,15

select * from cg_config

select * from cg_class where pid=0  and classtype=5   order by hots 

select * from cg_area   order by id 

select * from cg_class where pid=0  and classtype=4   order by hots 

select * from cg_scenic where id=1591

select * from cg_config

select * from cg_config

select * from cg_area where classid=2  and pid=0 order by region

select * from cg_config

select * from cg_area where classid=2  and pid=138 order by region

select * from cg_config

select * from cg_class where pid=0  and classtype=5   order by hots 

select * from cg_area   order by id 

select * from cg_class where pid=0  and classtype=4   order by hots 

UPDATE cg_scenic SET id='1591', types='2', title='韩国商务签证（单次访问韩国）', info_id='', cid='2', aid='138', material='商务签证', brand='10', item='3个月', size='90天', stock='苏州领区', price='600', price1='600', word='	中方提交的资料
	1、护照原件
	2、身份证复印件
<p>
	3、在职收入证明（下面任选一项）：
</p>
<p class=\"MsoNormal\">
	①个人所得税完税证明
</p>
<p class=\"MsoNormal\">
	②信用卡交易明细单
</p>
<p class=\"MsoNormal\">
	③银行的工资入账详单
</p>
<p class=\"MsoNormal\">
	④社会保险加入证明
</p>
<p class=\"MsoNormal\">
	4、出差派遣函（指定格式）
</p>
<p class=\"MsoNormal\">
	5、公司营业执照复印件并加盖公章
</p>
<p class=\"MsoNormal\">
	韩国邀请方需提交的资料如下：
</p>
<p class=\"MsoNormal\">
	1、邀请函原件
</p>
<p class=\"MsoNormal\">
	2、法人登记簿誊本（事业者登录证明）或固有号码证。
</p>
<p class=\"MsoNormal\">
	大韩民国驻中国大使馆 领事/签证业务查询网址：<a href=\"http://chn.mofa.go.kr/worldlanguage/asia/chn/visa/download/index.jsp\">http://chn.mofa.go.kr/worldlanguage/asia/chn/visa/download/index.jsp</a> 
</p>', info='1.此价格不含签证费;
2.请务必确保您的护照在归国后仍有半年以上有效期，并且至少留有两页空白签证页；
3.以上签证所需材料，若领馆临时变更，以领馆变更为准；
4.办理时长指领馆正常受理工作日（领馆节假日随各国情况有所差异）。往返快递时间另计。', op_type='1', url='', op_user='admin' WHERE id='1591'

INSERT INTO cg_daily (title, remark, userid, name, ip, sys) VALUES ('cg_scenic', '修改了1条签证数据,ID为：1591', '1', 'admin', '223.72.84.46', 'Mozilla/5.0 (Windows NT 6.1; WOW64) AppleWebKit/537.36 (KHTML, like Gecko) Chrome/41.0.2272.101 Safari/537.36') 

select * from cg_config

select * from cg_class where pid=0  and classtype=5   order by hots 

select * from cg_area   order by id 

select * from cg_class where pid=0  and classtype=4   order by hots 

select count(*)  from cg_scenic where types=2

select *  from cg_scenic where types=2 order by id desc limit 0,15

select * from cg_config

select * from cg_class where pid=0  and classtype=5   order by hots 

select * from cg_area   order by id 

select * from cg_class where pid=0  and classtype=4   order by hots 

select count(*)  from cg_scenic where types=2

select *  from cg_scenic where types=2 order by id desc limit 15,15

select * from cg_config

select * from cg_class where pid=0  and classtype=5   order by hots 

select * from cg_area   order by id 

select * from cg_class where pid=0  and classtype=4   order by hots 

select count(*)  from cg_scenic where types=2

select *  from cg_scenic where types=2 order by id desc limit 30,15

select * from cg_config

select * from cg_class where pid=0  and classtype=5   order by hots 

select * from cg_area   order by id 

select * from cg_class where pid=0  and classtype=4   order by hots 

select * from cg_scenic where id=1578

select * from cg_config

select * from cg_config

select * from cg_area where classid=1  and pid=0 order by region

select * from cg_config

select * from cg_area where classid=1  and pid=3 order by region

select * from cg_config

select * from cg_class where pid=0  and classtype=5   order by hots 

select * from cg_area   order by id 

select * from cg_class where pid=0  and classtype=4   order by hots 

UPDATE cg_scenic SET id='1578', types='2', title='大陆居民往来台湾通行证', info_id='', cid='1', aid='3', material='赴台证', brand='3', item='', size='20', stock='福建领区', price='50', price1='50', word='<P><BR>办理《大陆居民往来台湾通行证》</P>
<P>所需资料：（市区10个工作日）    <BR><BR>1、本人户口薄原件及复印件（A4规格纸）（仅限北京户口，包含：首页、户主页、本人页、变更页）；    <BR><BR>2、本人身份证的原件及正、反面复印件；（A4规格纸，要求在同一张纸同一面上）    <BR><BR>3、出具组团社加盖旅行社财务章的正式发票的原件及复印件（A4规格纸）；    <BR><BR>4、填写《北京市居民往来台湾地区申请表》并需要本人签字；（分局办证大厅提供）    <BR><BR>5、2寸正面免冠白底彩照1张（五官清晰，不得修改或使用合成照片，要求人像自头顶至下颚之长不得小于3.2CM及超过3.6CM，如自带相片不合格，需现场照相：30元/人）    <BR><BR>6、国家公务员（副处级以上国家公务员、银行证券等金融机构人员、副局级以上退休人员、现职公检法军人、以及其他备案人员）需由单位领导在“《北京市居民往来台湾地区申请表》背面签字盖章；    <BR><BR>　　备注：副处级以上国家公务员、银行证券等金融机构人员、副局级以上退休人员、现职公检法军人、以及其他备案人员必须前往北京市公安局出入境管理处大厅递交申请！    <BR><BR>　　客人携带原件与复印件、亲自到18个区县的公安局出入境管理处（小街桥除外）办理“大陆居民往来通行证   <BR><BR>　　仅限于北京户口</P>', info='', op_type='1', url='', op_user='admin' WHERE id='1578'

INSERT INTO cg_daily (title, remark, userid, name, ip, sys) VALUES ('cg_scenic', '修改了1条签证数据,ID为：1578', '1', 'admin', '223.72.84.46', 'Mozilla/5.0 (Windows NT 6.1; WOW64) AppleWebKit/537.36 (KHTML, like Gecko) Chrome/41.0.2272.101 Safari/537.36') 

select * from cg_config

select * from cg_class where pid=0  and classtype=5   order by hots 

select * from cg_area   order by id 

select * from cg_class where pid=0  and classtype=4   order by hots 

select count(*)  from cg_scenic where types=2

select *  from cg_scenic where types=2 order by id desc limit 0,15

select * from cg_config

select * from cg_class where pid=0  and classtype=5   order by hots 

select * from cg_area   order by id 

select * from cg_class where pid=0  and classtype=4   order by hots 

select count(*)  from cg_scenic where types=2

select *  from cg_scenic where types=2 order by id desc limit 45,15

select * from cg_config

select * from cg_class where pid=0  and classtype=5   order by hots 

select * from cg_area   order by id 

select * from cg_class where pid=0  and classtype=4   order by hots 

select count(*)  from cg_scenic where types=2

select *  from cg_scenic where types=2 order by id desc limit 30,15

select * from cg_config

select * from cg_class where pid=0  and classtype=5   order by hots 

select * from cg_area   order by id 

select * from cg_class where pid=0  and classtype=4   order by hots 

select count(*)  from cg_scenic where types=2

select *  from cg_scenic where types=2 order by id desc limit 45,15

select * from cg_config

select * from cg_class where pid=0  and classtype=5   order by hots 

select * from cg_area   order by id 

select * from cg_class where pid=0  and classtype=4   order by hots 

select * from cg_scenic where id=1524

select * from cg_config

select * from cg_config

select * from cg_area where classid=1  and pid=0 order by region

select * from cg_config

select * from cg_area where classid=1  and pid=1 order by region

select * from cg_config

select * from cg_area where classid=3  and pid=0 order by region

select * from cg_config

select * from cg_area where classid=3  and pid=14 order by region

select * from cg_config

select * from cg_area where classid=3  and pid=103 order by region

select * from cg_config

select * from cg_class where pid=0  and classtype=5   order by hots 

select * from cg_area   order by id 

select * from cg_class where pid=0  and classtype=4   order by hots 

UPDATE cg_scenic SET id='1524', types='2', title='比利时', info_id='', cid='3', aid='103', material='商务签证', brand='12', item='1年', size='1个月', stock='比利时使馆', price='530', price1='590', word='中方提交的资料<br />
1、护照原件<br />
2、身份证复印件<br />
3、在职收入证明（下面任选一项）：<br />
①个人所得税完税证明<br />
②信用卡交易明细单<br />
③银行的工资入账详单<br />
④社会保险加入证明<br />
4、出差派遣函（指定格式）<br />
5、公司营业执照复印件并加盖公章<br />
比利时邀请方需提交的资料如下：<br />
1、邀请函原件<br />
2、法人登记簿誊本（事业者登录证明）或固有号码证。<br />', info='1.此价格不含签证费;
2.请务必确保您的护照在归国后仍有半年以上有效期，并且至少留有两页空白签证页；
3.以上签证所需材料，若领馆临时变更，以领馆变更为准；
4.办理时长指领馆正常受理工作日（领馆节假日随各国情况有所差异）。往返快递时间另计。', op_type='1', url='', op_user='admin' WHERE id='1524'

INSERT INTO cg_daily (title, remark, userid, name, ip, sys) VALUES ('cg_scenic', '修改了1条签证数据,ID为：1524', '1', 'admin', '223.72.84.46', 'Mozilla/5.0 (Windows NT 6.1; WOW64) AppleWebKit/537.36 (KHTML, like Gecko) Chrome/41.0.2272.101 Safari/537.36') 

select * from cg_config

select * from cg_class where pid=0  and classtype=5   order by hots 

select * from cg_area   order by id 

select * from cg_class where pid=0  and classtype=4   order by hots 

select count(*)  from cg_scenic where types=2

select *  from cg_scenic where types=2 order by id desc limit 0,15

select * from cg_config

select * from cg_config

select * from cg_user where id=1

SELECT lft, rgt FROM con_menuitems WHERE classid='1' 

SELECT * FROM con_menuitems WHERE lft>=1 AND lft<=134   ORDER BY lft ASC

select * from cg_config

select * from cg_config

select * from cg_config

select * from cg_class where pid=0  and classtype=5   order by hots 

select * from cg_area   order by id 

select * from cg_class where pid=0  and classtype=4   order by hots 

select count(*)  from cg_scenic where types=2

select *  from cg_scenic where types=2 order by id desc limit 0,15

select * from cg_config

select * from cg_class where pid=0  and classtype=5   order by hots 

select * from cg_area   order by id 

select * from cg_class where pid=0  and classtype=4   order by hots 

select count(*)  from cg_scenic where types=2

select *  from cg_scenic where types=2 order by id desc limit 45,15

select * from cg_config

select * from cg_class where pid=0  and classtype=5   order by hots 

select * from cg_area   order by id 

select * from cg_class where pid=0  and classtype=4   order by hots 

select * from cg_scenic where id=1524

select * from cg_config

select * from cg_config

select * from cg_area where classid=3  and pid=0 order by region

select * from cg_config

select * from cg_area where classid=3  and pid=103 order by region

select * from cg_config

select * from cg_class where pid=0  and classtype=5   order by hots 

select * from cg_area   order by id 

select * from cg_class where pid=0  and classtype=4   order by hots 

UPDATE cg_scenic SET id='1524', types='2', title='比利时', info_id='', cid='3', aid='103', material='商务签证', brand='12', item='1年', size='1个月', stock='北京领区', price='530', price1='590', word='中方提交的资料<br />
1、护照原件<br />
2、身份证复印件<br />
3、在职收入证明（下面任选一项）：<br />
①个人所得税完税证明<br />
②信用卡交易明细单<br />
③银行的工资入账详单<br />
④社会保险加入证明<br />
4、出差派遣函（指定格式）<br />
5、公司营业执照复印件并加盖公章<br />
比利时邀请方需提交的资料如下：<br />
1、邀请函原件<br />
2、法人登记簿誊本（事业者登录证明）或固有号码证。<br />', info='1.此价格不含签证费;
2.请务必确保您的护照在归国后仍有半年以上有效期，并且至少留有两页空白签证页；
3.以上签证所需材料，若领馆临时变更，以领馆变更为准；
4.办理时长指领馆正常受理工作日（领馆节假日随各国情况有所差异）。往返快递时间另计。', op_type='1', url='', op_user='admin' WHERE id='1524'

INSERT INTO cg_daily (title, remark, userid, name, ip, sys) VALUES ('cg_scenic', '修改了1条签证数据,ID为：1524', '1', 'admin', '223.72.84.46', 'Mozilla/5.0 (Windows NT 6.1; WOW64) AppleWebKit/537.36 (KHTML, like Gecko) Chrome/41.0.2272.101 Safari/537.36') 

select * from cg_config

select * from cg_class where pid=0  and classtype=5   order by hots 

select * from cg_area   order by id 

select * from cg_class where pid=0  and classtype=4   order by hots 

select count(*)  from cg_scenic where types=2

select *  from cg_scenic where types=2 order by id desc limit 0,15

select * from cg_config

select * from cg_class where pid=0  and classtype=5   order by hots 

select * from cg_area   order by id 

select * from cg_class where pid=0  and classtype=4   order by hots 

select count(*)  from cg_scenic where types=2

select *  from cg_scenic where types=2 order by id desc limit 0,15

select * from cg_config

select * from cg_class where pid=0  and classtype=5   order by hots 

select * from cg_area   order by id 

select * from cg_class where pid=0  and classtype=4   order by hots 

select count(*)  from cg_scenic where types=2

select *  from cg_scenic where types=2 order by id desc limit 15,15

select * from cg_config

select * from cg_class where pid=0  and classtype=5   order by hots 

select * from cg_area   order by id 

select * from cg_class where pid=0  and classtype=4   order by hots 

select count(*)  from cg_scenic where types=2

select *  from cg_scenic where types=2 order by id desc limit 45,15

select * from cg_config

select * from cg_class where pid=0  and classtype=5   order by hots 

select * from cg_area   order by id 

select * from cg_class where pid=0  and classtype=7   order by hots 

select count(*)  from cg_guide where types=0

select *  from cg_guide where types=0 order by id desc limit 0,15

select * from cg_config

select * from cg_class where pid=0  and classtype=0   order by hots 

select * from cg_class where pid=0  and classtype=1   order by hots 

select * from cg_class where pid=0  and classtype=2   order by hots 

select * from cg_class where pid=0  and classtype=3   order by hots 

select * from cg_class where pid=0  and classtype=4   order by hots 

select * from cg_class where pid=0  and classtype=5   order by hots 

select * from cg_class where pid=0  and classtype=6   order by hots 

select * from cg_class where pid=0  and classtype=7   order by hots 

select * from cg_class where pid=0 and classtype=0 order by hots asc

select * from cg_config

select * from cg_class where html='undefined' limit 1

select * from cg_config

select * from cg_config

