select * from cg_config

select * from cg_config

select * from cg_config

select * from cg_config

SELECT * FROM cg_user WHERE username = 'myl'

select * from cg_config

select * from cg_config

SELECT * FROM cg_user WHERE username = 'myl'

update cg_user set login_num=login_num+1,login_ip='111.197.152.219',time2='2015-07-07 03:04:24' where id=8

select * from cg_config

select * from cg_config

select * from cg_config

select * from cg_user where id=8

SELECT lft, rgt FROM con_menuitems WHERE classid='1' 

SELECT * FROM con_menuitems WHERE lft>=1 AND lft<=138   ORDER BY lft ASC

select * from cg_config

select * from cg_config

select * from cg_branch  where 1  and types=0 and id=25  order by id 

select * from cg_branch  where 1  and types=2 and id=25  order by id 

select * from cg_class where pid=0  and classtype=0   order by hots 

select * from cg_class where 1  and classtype=0 and pid!=0  order by hots 

select count(*) from (select *, concat_ws(',',title,IFNULL(keywords,' '),IFNULL(remark,' '),op_user) keyword from cg_product_route) result where userid=8

select * from (select *, concat_ws(',',title,IFNULL(keywords,' '),IFNULL(remark,' '),op_user) keyword from cg_product_route) result where userid=8 order by id desc limit 0,15

select * from cg_config

select * from cg_config

select * from cg_branch  where 1  and types=0 and id=25  order by id 

select * from cg_branch  where 1  and types=2 and id=25  order by id 

select * from cg_class where pid=0  and classtype=0   order by hots 

select * from cg_class where 1  and classtype=0 and pid!=0  order by hots 

select * from cg_config

select * from cg_class where pid=112   order by hots

select * from cg_config

select * from cg_config

select * from cg_config

select * from cg_config

Select cg_scenic.id,cg_scenic.title from cg_scenic Left JOIN cg_area ON (cg_scenic.aid = cg_area.id or cg_scenic.city = cg_area.id) where cg_scenic.types=3 and locate(cg_area.title, '北京')>0 
																																																											 order by cg_scenic.hots

Select cg_scenic.id,cg_scenic.title from cg_scenic Left JOIN cg_area ON (cg_scenic.aid = cg_area.id or cg_scenic.city = cg_area.id) where cg_scenic.types=3 and locate(cg_area.title, '卢布尔雅那')>0 
																																																											 order by cg_scenic.hots

select * from cg_config

select * from cg_config

SELECT * FROM cg_user WHERE username = 'admin'

update cg_user set login_num=login_num+1,login_ip='175.10.7.197',time2='2015-07-07 07:09:12' where id=1

select * from cg_config

select * from cg_config

select * from cg_user where id=1

SELECT lft, rgt FROM con_menuitems WHERE classid='1' 

SELECT * FROM con_menuitems WHERE lft>=1 AND lft<=138   ORDER BY lft ASC

select * from cg_config

select * from cg_config

select * from cg_config

select * from cg_branch  where 1   order by id 

select count(*)  from cg_user where 1 

select *  from cg_user where 1  order by id limit 0,15

select * from cg_config

select * from cg_branch  where 1   order by id 

select * from cg_user where id=8

select * from cg_user   order by id 

SELECT lft, rgt FROM con_menuitems WHERE classid='1' 

SELECT * FROM con_menuitems WHERE lft>=1 AND lft<=138   ORDER BY lft ASC

SELECT lft, rgt FROM con_menuitems WHERE classid='1' 

SELECT * FROM con_menuitems WHERE lft>=1 AND lft<=138   ORDER BY lft ASC

select * from cg_config

select * from cg_branch  where 1   order by id 

select * from cg_user where id=7

select * from cg_user   order by id 

SELECT lft, rgt FROM con_menuitems WHERE classid='1' 

SELECT * FROM con_menuitems WHERE lft>=1 AND lft<=138   ORDER BY lft ASC

SELECT lft, rgt FROM con_menuitems WHERE classid='1' 

SELECT * FROM con_menuitems WHERE lft>=1 AND lft<=138   ORDER BY lft ASC

select * from cg_config

select * from cg_branch  where 1   order by id 

select * from cg_user where id=6

select * from cg_user   order by id 

SELECT lft, rgt FROM con_menuitems WHERE classid='1' 

SELECT * FROM con_menuitems WHERE lft>=1 AND lft<=138   ORDER BY lft ASC

SELECT lft, rgt FROM con_menuitems WHERE classid='1' 

SELECT * FROM con_menuitems WHERE lft>=1 AND lft<=138   ORDER BY lft ASC

select * from cg_config

select * from cg_branch  where 1   order by id 

select * from cg_user where id=4

select * from cg_user   order by id 

SELECT lft, rgt FROM con_menuitems WHERE classid='1' 

SELECT * FROM con_menuitems WHERE lft>=1 AND lft<=138   ORDER BY lft ASC

SELECT lft, rgt FROM con_menuitems WHERE classid='1' 

SELECT * FROM con_menuitems WHERE lft>=1 AND lft<=138   ORDER BY lft ASC

select * from cg_config

select * from cg_branch  where 1   order by id 

select * from cg_user where id=5

select * from cg_user   order by id 

SELECT lft, rgt FROM con_menuitems WHERE classid='1' 

SELECT * FROM con_menuitems WHERE lft>=1 AND lft<=138   ORDER BY lft ASC

SELECT lft, rgt FROM con_menuitems WHERE classid='1' 

SELECT * FROM con_menuitems WHERE lft>=1 AND lft<=138   ORDER BY lft ASC

