select * from cg_config

select * from cg_config

select * from cg_config

select * from cg_config

SELECT * FROM cg_user WHERE username = 'camelwu'

update cg_user set login_num=login_num+1,login_ip='223.72.84.26',time2='2015-05-13 07:00:11' where id=3

select * from cg_config

select * from cg_config

select * from cg_config

select * from cg_config

select * from cg_user where id=3

SELECT lft, rgt FROM con_menuitems WHERE classid='1' 

SELECT * FROM con_menuitems WHERE lft>=1 AND lft<=134   ORDER BY lft ASC

select * from cg_config

select * from cg_branch  where 1  and id=1  order by id 

select * from cg_class where pid=0  and classtype=0   order by hots 

select * from cg_class where 1  and classtype=0 and pid!=0  order by hots 

select count(*) from (select *, concat_ws(',',title,IFNULL(keywords,' '),IFNULL(remark,' '),op_user) keyword from cg_product_route) result where 1 and (userid=3 or bid=1)  

select * from (select *, concat_ws(',',title,IFNULL(keywords,' '),IFNULL(remark,' '),op_user) keyword from cg_product_route) result where 1 and (userid=3 or bid=1)   order by id desc limit 0,15

select * from cg_config

select * from cg_config

select * from cg_product_route where id=419

select * from cg_class where pid=0  and classtype=5   order by hots 

select * from cg_area   order by id 

select count(*)  from cg_product_route_do where types=0 and ctype=0 and id=419

select *  from cg_product_route_do where types=0 and ctype=0 and id=419 order by hid 

select * from cg_config

select * from cg_product_route where id=419

select * from cg_class where pid=0  and classtype=5   order by hots 

select * from cg_area   order by id 

select * from cg_product_route_do where hid=0

select * from cg_config

select count(*)  from (select p.*,t.hid,t.title name,t.departure,t.price1 price_1,t.price2 price_2,t.types,t.ctype,t.userid uid,t.op_type optype,t.op_user opuser,concat_ws(',',p.title,p.info_id,IFNULL(p.keywords,' '),IFNULL(p.remark,' ')) keyword from cg_product_route_sale t,cg_product_route p where t.id=p.id and p.id) result where ctype=0 and uid=3

select *  from (select p.*,t.hid,t.title name,t.departure,t.price1 price_1,t.price2 price_2,t.types,t.ctype,t.userid uid,t.op_type optype,t.op_user opuser,concat_ws(',',p.title,p.info_id,IFNULL(p.keywords,' '),IFNULL(p.remark,' ')) keyword from cg_product_route_sale t,cg_product_route p where t.id=p.id and p.id) result where ctype=0 and uid=3 order by hid desc limit 0,15

select * from cg_config

select count(*)  from (select p.*,t.hid,t.title name,t.departure,t.price1 price_1,t.price2 price_2,t.types,t.ctype,t.userid uid,t.op_type optype,t.op_user opuser,concat_ws(',',p.title,p.info_id,IFNULL(p.keywords,' '),IFNULL(p.remark,' ')) keyword from cg_product_route_sale t,cg_product_route p where t.id=p.id and p.id) result where ctype=0 and uid=3

select *  from (select p.*,t.hid,t.title name,t.departure,t.price1 price_1,t.price2 price_2,t.types,t.ctype,t.userid uid,t.op_type optype,t.op_user opuser,concat_ws(',',p.title,p.info_id,IFNULL(p.keywords,' '),IFNULL(p.remark,' ')) keyword from cg_product_route_sale t,cg_product_route p where t.id=p.id and p.id) result where ctype=0 and uid=3 order by hid desc limit 0,15

select * from cg_config

select count(*)  from (select p.*,t.hid,t.title name,t.departure,t.price1 price_1,t.price2 price_2,t.types,t.ctype,t.userid uid,t.op_type optype,t.op_user opuser,concat_ws(',',p.title,p.info_id,IFNULL(p.keywords,' '),IFNULL(p.remark,' ')) keyword from cg_product_route_sale t,cg_product_route p where t.id=p.id and p.id) result where ctype=1 and uid=3

select *  from (select p.*,t.hid,t.title name,t.departure,t.price1 price_1,t.price2 price_2,t.types,t.ctype,t.userid uid,t.op_type optype,t.op_user opuser,concat_ws(',',p.title,p.info_id,IFNULL(p.keywords,' '),IFNULL(p.remark,' ')) keyword from cg_product_route_sale t,cg_product_route p where t.id=p.id and p.id) result where ctype=1 and uid=3 order by hid desc limit 0,15

select * from cg_config

select * from cg_product_route where id=164

select title from cg_class where id=3

select title from cg_class where id=1

select * from cg_config

select * from cg_product_route where id=164

select * from cg_product_route_sale where hid=2

select * from cg_config

select * from cg_config

select * from cg_user where id=3

SELECT lft, rgt FROM con_menuitems WHERE classid='1' 

SELECT * FROM con_menuitems WHERE lft>=1 AND lft<=134   ORDER BY lft ASC

select * from cg_config

select * from cg_config

select count(*)  from (select p.*,t.hid,t.title name,t.departure,t.price1 price_1,t.price2 price_2,t.types,t.ctype,t.userid uid,t.op_type optype,t.op_user opuser,concat_ws(',',p.title,p.info_id,IFNULL(p.keywords,' '),IFNULL(p.remark,' ')) keyword from cg_product_route_sale t,cg_product_route p where t.id=p.id and p.id) result where ctype=1 and uid=3

select *  from (select p.*,t.hid,t.title name,t.departure,t.price1 price_1,t.price2 price_2,t.types,t.ctype,t.userid uid,t.op_type optype,t.op_user opuser,concat_ws(',',p.title,p.info_id,IFNULL(p.keywords,' '),IFNULL(p.remark,' ')) keyword from cg_product_route_sale t,cg_product_route p where t.id=p.id and p.id) result where ctype=1 and uid=3 order by hid desc limit 0,15

