select * from cg_config

select * from cg_config

select * from cg_config

select * from cg_config

SELECT * FROM cg_user WHERE username = 'admin'

update cg_user set login_num=login_num+1,login_ip='123.115.128.25',time2='2015-05-25 03:02:18' where id=1

select * from cg_config

select * from cg_config

select * from cg_user where id=1

SELECT lft, rgt FROM con_menuitems WHERE classid='1' 

SELECT * FROM con_menuitems WHERE lft>=1 AND lft<=134   ORDER BY lft ASC

select * from cg_config

select * from cg_config

select * from cg_config

select * from cg_config

select * from cg_config

select * from cg_config

select * from cg_config

select * from cg_config

select * from cg_config

select * from cg_config

select * from cg_config

SELECT * FROM cg_user WHERE username = 'admin'

update cg_user set login_num=login_num+1,login_ip='223.72.84.99',time2='2015-05-25 14:19:15' where id=1

select * from cg_config

select * from cg_config

select * from cg_user where id=1

SELECT lft, rgt FROM con_menuitems WHERE classid='1' 

SELECT * FROM con_menuitems WHERE lft>=1 AND lft<=134   ORDER BY lft ASC

select * from cg_config

select * from cg_config

select * from cg_config

select * from cg_class where pid=0  and classtype=0   order by hots 

select count(*)  from cg_search where 1 

select *  from cg_search where 1  order by ctype,csearch,display limit 0,15

