select * from cg_config

select * from cg_branch  where 1  and id=1  order by id 

select count(*)  from cg_user where 1  and (uid=3 )

select *  from cg_user where 1  and (uid=3 ) order by id limit 0,15

select * from cg_config

select * from cg_branch  where 1  and id=1  order by id 

select * from cg_user where id=4

select * from cg_user  where id=3   order by id 

SELECT lft, rgt FROM con_menuitems WHERE classid='1' 

SELECT * FROM con_menuitems WHERE lft>=1 AND lft<=134   ORDER BY lft ASC

select * from cg_config

select * from cg_branch  where 1  and id=1  order by id 

select parentid from con_menuitems where classid='2'

select parentid from con_menuitems where classid='3'

select parentid from con_menuitems where classid='4'

select parentid from con_menuitems where classid='5'

select parentid from con_menuitems where classid='6'

select parentid from con_menuitems where classid='7'

select parentid from con_menuitems where classid='8'

select parentid from con_menuitems where classid='9'

select parentid from con_menuitems where classid='10'

select parentid from con_menuitems where classid='55'

select parentid from con_menuitems where classid='57'

select parentid from con_menuitems where classid='58'

UPDATE cg_user SET username='zywing313', name='张', bid='1', position='manage', qq='', email='', tel='', fax='', mobile='', uid='3', allowstr='2,3,4,5,6,7,8,9,10,55,57,58', note='' WHERE id='4'

INSERT INTO cg_daily (title, remark, userid, name, ip, sys) VALUES ('cg_user', '修改了1条人员数据,ID为：4', '3', 'camelwu', '223.72.84.19', 'Mozilla/5.0 (Windows NT 6.1; WOW64) AppleWebKit/537.36 (KHTML, like Gecko) Chrome/41.0.2272.101 Safari/537.36') 

select * from cg_config

select * from cg_branch  where 1  and id=1  order by id 

select * from cg_user where id=4

select * from cg_user  where id=3   order by id 

SELECT lft, rgt FROM con_menuitems WHERE classid='1' 

SELECT * FROM con_menuitems WHERE lft>=1 AND lft<=134   ORDER BY lft ASC

select * from cg_config

select * from cg_class where pid=0  and classtype=5   order by hots 

select * from cg_area   order by id 

select * from cg_branch  where 1  and types=1 and id=1  order by id 

select count(*)  from cg_banner where 1  and bid=1 

select *  from cg_banner where 1  and bid=1  order by hots limit 0,15

select * from cg_config

select * from cg_branch  where 1  and id=1  order by id 

select count(*)  from cg_user where 1  and (uid=3 )

select *  from cg_user where 1  and (uid=3 ) order by id limit 0,15

select * from cg_config

select * from cg_branch  where 1   order by id 

select * from cg_user where id=4

select * from cg_user   order by id 

SELECT lft, rgt FROM con_menuitems WHERE classid='1' 

SELECT * FROM con_menuitems WHERE lft>=1 AND lft<=134   ORDER BY lft ASC

SELECT lft, rgt FROM con_menuitems WHERE classid='1' 

SELECT * FROM con_menuitems WHERE lft>=1 AND lft<=134   ORDER BY lft ASC

select * from cg_config

select * from cg_config

select * from cg_branch  where 1   order by id 

select * from cg_user where id=4

select * from cg_user   order by id 

SELECT lft, rgt FROM con_menuitems WHERE classid='1' 

SELECT * FROM con_menuitems WHERE lft>=1 AND lft<=134   ORDER BY lft ASC

SELECT lft, rgt FROM con_menuitems WHERE classid='1' 

SELECT * FROM con_menuitems WHERE lft>=1 AND lft<=134   ORDER BY lft ASC

select * from cg_config

select * from cg_config

select * from cg_config

select * from cg_user where id=3

SELECT lft, rgt FROM con_menuitems WHERE classid='1' 

SELECT * FROM con_menuitems WHERE lft>=1 AND lft<=134   ORDER BY lft ASC

select * from cg_config

select * from cg_config

select * from cg_config

select * from cg_config

select * from cg_config

select * from cg_config

select * from cg_config

SELECT * FROM cg_user WHERE username = 'admin'

update cg_user set login_num=login_num+1,login_ip='223.72.84.19',time2='2015-05-01 07:13:55' where id=1

select * from cg_config

select * from cg_config

select * from cg_user where id=1

SELECT lft, rgt FROM con_menuitems WHERE classid='1' 

SELECT * FROM con_menuitems WHERE lft>=1 AND lft<=134   ORDER BY lft ASC

select * from cg_config

select * from cg_config

select * from cg_config

select * from cg_branch  where 1   order by id 

select count(*)  from cg_user where 1 

select *  from cg_user where 1  order by id limit 0,15

select * from cg_config

select * from cg_branch  where 1   order by id 

select * from cg_user where id=3

select * from cg_user   order by id 

SELECT lft, rgt FROM con_menuitems WHERE classid='1' 

SELECT * FROM con_menuitems WHERE lft>=1 AND lft<=134   ORDER BY lft ASC

SELECT lft, rgt FROM con_menuitems WHERE classid='1' 

SELECT * FROM con_menuitems WHERE lft>=1 AND lft<=134   ORDER BY lft ASC

select * from cg_config

select * from cg_branch  where 1   order by id 

select parentid from con_menuitems where classid='2'

select parentid from con_menuitems where classid='3'

select parentid from con_menuitems where classid='4'

select parentid from con_menuitems where classid='5'

select parentid from con_menuitems where classid='6'

select parentid from con_menuitems where classid='7'

select parentid from con_menuitems where classid='8'

select parentid from con_menuitems where classid='9'

select parentid from con_menuitems where classid='10'

select parentid from con_menuitems where classid='11'

select parentid from con_menuitems where classid='12'

select parentid from con_menuitems where classid='13'

select parentid from con_menuitems where classid='14'

select parentid from con_menuitems where classid='15'

select parentid from con_menuitems where classid='16'

select parentid from con_menuitems where classid='17'

select parentid from con_menuitems where classid='18'

select parentid from con_menuitems where classid='19'

select parentid from con_menuitems where classid='20'

select parentid from con_menuitems where classid='21'

select parentid from con_menuitems where classid='22'

select parentid from con_menuitems where classid='23'

select parentid from con_menuitems where classid='24'

select parentid from con_menuitems where classid='67'

select parentid from con_menuitems where classid='91'

select parentid from con_menuitems where classid='26'

select parentid from con_menuitems where classid='27'

select parentid from con_menuitems where classid='28'

select parentid from con_menuitems where classid='29'

select parentid from con_menuitems where classid='30'

select parentid from con_menuitems where classid='31'

select parentid from con_menuitems where classid='32'

select parentid from con_menuitems where classid='33'

select parentid from con_menuitems where classid='34'

select parentid from con_menuitems where classid='35'

select parentid from con_menuitems where classid='36'

select parentid from con_menuitems where classid='37'

select parentid from con_menuitems where classid='38'

select parentid from con_menuitems where classid='39'

select parentid from con_menuitems where classid='40'

select parentid from con_menuitems where classid='41'

select parentid from con_menuitems where classid='42'

select parentid from con_menuitems where classid='43'

select parentid from con_menuitems where classid='44'

select parentid from con_menuitems where classid='45'

select parentid from con_menuitems where classid='46'

select parentid from con_menuitems where classid='47'

select parentid from con_menuitems where classid='48'

select parentid from con_menuitems where classid='49'

select parentid from con_menuitems where classid='50'

select parentid from con_menuitems where classid='51'

select parentid from con_menuitems where classid='52'

select parentid from con_menuitems where classid='53'

select parentid from con_menuitems where classid='54'

select parentid from con_menuitems where classid='55'

select parentid from con_menuitems where classid='57'

select parentid from con_menuitems where classid='58'

select parentid from con_menuitems where classid='59'

select parentid from con_menuitems where classid='60'

select parentid from con_menuitems where classid='61'

select parentid from con_menuitems where classid='62'

select parentid from con_menuitems where classid='63'

select parentid from con_menuitems where classid='64'

select parentid from con_menuitems where classid='65'

select parentid from con_menuitems where classid='66'

UPDATE cg_user SET username='camelwu', name='武松波', bid='1', position='admins', qq='', email='camelwu963@126.com', tel='', fax='', mobile='18910763350', uid='1', allowstr='2,3,4,5,6,7,8,9,10,11,12,13,14,15,16,17,18,19,20,21,22,23,24,67,91,26,27,28,29,30,31,32,33,34,35,36,37,38,39,40,41,42,43,44,45,46,47,48,49,50,51,52,53,54,55,57,58,59,60,61,62,63,64,65,66', note='网站程序' WHERE id='3'

INSERT INTO cg_daily (title, remark, userid, name, ip, sys) VALUES ('cg_user', '修改了1条人员数据,ID为：3', '1', 'admin', '223.72.84.19', 'Mozilla/5.0 (Windows NT 6.1; WOW64) AppleWebKit/537.36 (KHTML, like Gecko) Chrome/41.0.2272.101 Safari/537.36') 

select * from cg_config

select * from cg_branch  where 1   order by id 

select * from cg_user where id=3

select * from cg_user   order by id 

SELECT lft, rgt FROM con_menuitems WHERE classid='1' 

SELECT * FROM con_menuitems WHERE lft>=1 AND lft<=134   ORDER BY lft ASC

SELECT lft, rgt FROM con_menuitems WHERE classid='1' 

SELECT * FROM con_menuitems WHERE lft>=1 AND lft<=134   ORDER BY lft ASC

select * from cg_config

select * from cg_config

select * from cg_config

select * from cg_config

select * from cg_config

SELECT * FROM cg_user WHERE username = 'camelwu'

update cg_user set login_num=login_num+1,login_ip='223.72.84.19',time2='2015-05-01 07:14:42' where id=3

select * from cg_config

select * from cg_config

select * from cg_user where id=3

SELECT lft, rgt FROM con_menuitems WHERE classid='1' 

SELECT * FROM con_menuitems WHERE lft>=1 AND lft<=134   ORDER BY lft ASC

select * from cg_config

select * from cg_config

select * from cg_config

select count(*)  from (select p.*,t.hid,t.title name,t.departure,t.price1 price_1,t.price2 price_2,t.types,t.ctype,t.userid uid,t.op_type optype,t.op_user opuser,concat_ws(',',p.title,p.info_id,IFNULL(p.keywords,' '),IFNULL(p.remark,' ')) keyword from cg_product_route_sale t,cg_product_route p where t.id=p.id and p.id) result where ctype=0 and uid=3

select *  from (select p.*,t.hid,t.title name,t.departure,t.price1 price_1,t.price2 price_2,t.types,t.ctype,t.userid uid,t.op_type optype,t.op_user opuser,concat_ws(',',p.title,p.info_id,IFNULL(p.keywords,' '),IFNULL(p.remark,' ')) keyword from cg_product_route_sale t,cg_product_route p where t.id=p.id and p.id) result where ctype=0 and uid=3 order by hid desc limit 0,15

select * from cg_config

select count(*)  from (select p.*,t.hid,t.title name,t.departure,t.price1 price_1,t.price2 price_2,t.types,t.ctype,t.userid uid,t.op_type optype,t.op_user opuser,concat_ws(',',p.title,p.info_id,IFNULL(p.keywords,' '),IFNULL(p.remark,' ')) keyword from cg_product_route_sale t,cg_product_route p where t.id=p.id and p.id) result where ctype=0 and uid=3

select *  from (select p.*,t.hid,t.title name,t.departure,t.price1 price_1,t.price2 price_2,t.types,t.ctype,t.userid uid,t.op_type optype,t.op_user opuser,concat_ws(',',p.title,p.info_id,IFNULL(p.keywords,' '),IFNULL(p.remark,' ')) keyword from cg_product_route_sale t,cg_product_route p where t.id=p.id and p.id) result where ctype=0 and uid=3 order by hid desc limit 0,15

