select * from cg_config

select * from cg_config

select * from cg_config

select * from cg_config

select * from cg_config

select * from cg_config

select * from cg_config

SELECT * FROM cg_user WHERE username = 'admin'

update cg_user set login_num=login_num+1,login_ip='123.118.69.147',time2='2015-07-21 01:00:03' where id=1

select * from cg_config

select * from cg_config

select * from cg_user where id=1

SELECT lft, rgt FROM con_menuitems WHERE classid='1' 

SELECT * FROM con_menuitems WHERE lft>=1 AND lft<=138   ORDER BY lft ASC

select * from cg_config

select * from cg_config

select * from cg_config

select count(*)  from cg_daily where 1=1

select *  from cg_daily where 1=1 order by addtime desc limit 0,15

select * from cg_config

select count(*)  from cg_daily where 1=1

select *  from cg_daily where 1=1 order by addtime desc limit 0,15

select * from cg_config

select * from cg_config

select * from cg_config

select * from cg_config

SELECT * FROM cg_user WHERE username = 'admin'

update cg_user set login_num=login_num+1,login_ip='123.118.69.147',time2='2015-07-21 05:15:40' where id=1

select * from cg_config

select * from cg_config

select * from cg_user where id=1

SELECT lft, rgt FROM con_menuitems WHERE classid='1' 

SELECT * FROM con_menuitems WHERE lft>=1 AND lft<=138   ORDER BY lft ASC

select * from cg_config

select * from cg_config

select * from cg_config

select * from cg_class where pid=0  and classtype=5   order by hots 

select * from cg_area   order by id 

select * from cg_class where pid=0  and classtype=3   order by hots 

select count(*)  from cg_scenic where types=3

select *  from cg_scenic where types=3 order by id desc limit 0,15

select * from cg_config

select * from cg_class where pid=0  and classtype=5   order by hots 

select * from cg_area   order by id 

select * from cg_class where pid=0  and classtype=3   order by hots 

select * from cg_scenic where id=0

select * from cg_config

select * from cg_class where pid=155   order by hots

select * from cg_config

select * from cg_area where classid=1  and pid=0 order by region

select * from cg_config

select * from cg_area where classid=1  and pid=2 order by region

select * from cg_config

select * from cg_area where classid=3  and pid=0 order by region

select * from cg_config

select * from cg_area where classid=3  and pid=99 order by region

select * from cg_config

select * from cg_area where classid=3  and pid=222 order by region

select * from cg_config

select * from cg_class where pid=0  and classtype=5   order by hots 

select * from cg_area   order by id 

select * from cg_class where pid=0  and classtype=3   order by hots 

INSERT INTO cg_scenic (types, title, ctype, info_id, cid, aid, city, url, brand, item, price2, price, price1, address, pos, keyword, word, info, op_type, op_user, userid, bid) VALUES ('3', '普利特维采湖群国家公园', '155', '', '3', '222', '227', '', '', '', '', '', '', '', '', '', '【<span style=\"font-family:宋体;font-size:14px;font-weight:bold;\">普利特维采湖群国家公园Plitvice National Park</span><span style=\"font-family:宋体;font-size:14px;\">】位于克罗地亚西部山脉峡谷中，由16个天然湖泊和周围区域组成，总面积19462公顷。湖泊根据地形不同分为高低两组，是数千年来流经石灰石和白垩上的水，逐渐沉积为石灰华屏障，构成自然的堤坝，后者又创造了一系列美丽的湖泊、洞穴和瀑布。</span>', '', '1', 'admin', '1', '0') 

INSERT INTO cg_daily (title, remark, userid, name, ip, sys) VALUES ('cg_scenic', '添加了1条景点数据,ID为：1652', '1', 'admin', '123.118.69.147', 'Mozilla/4.0 (compatible; MSIE 7.0; Windows NT 5.1; Trident/4.0; .NET CLR 1.1.4322; .NET CLR 2.0.50727)') 

select * from cg_config

select * from cg_class where pid=0  and classtype=5   order by hots 

select * from cg_area   order by id 

select * from cg_class where pid=0  and classtype=3   order by hots 

select count(*)  from cg_scenic where types=3

select *  from cg_scenic where types=3 order by id desc limit 0,15

select * from cg_config

select * from cg_class where pid=0  and classtype=5   order by hots 

select * from cg_class where pid=0  and classtype=6   order by hots 

select count(*)  from cg_area t  where types=1

select *,(select title from cg_area where id=t.pid) as pidname  from cg_area t  where types=1 order by id desc limit 0,15

select * from cg_config

select * from cg_class where pid=0  and classtype=5   order by hots 

select * from cg_class where pid=0  and classtype=6   order by hots 

select * from cg_area where id=228

select * from cg_config

select * from cg_area where classid=3  and pid=0 order by region

select * from cg_config

select * from cg_class where pid=0  and classtype=5   order by hots 

select * from cg_area   order by id 

select * from cg_class where pid=0  and classtype=3   order by hots 

select * from cg_scenic where id=0

select * from cg_config

select * from cg_class where pid=155   order by hots

select * from cg_config

select * from cg_area where classid=1  and pid=0 order by region

select * from cg_config

select * from cg_area where classid=1  and pid=2 order by region

select * from cg_config

select * from cg_class where pid=0  and classtype=5   order by hots 

select * from cg_area   order by id 

select * from cg_class where pid=0  and classtype=3   order by hots 

select * from cg_scenic where id=0

select * from cg_config

select * from cg_area where classid=3  and pid=0 order by region

select * from cg_config

select * from cg_area where classid=3  and pid=99 order by region

select * from cg_config

select * from cg_class where pid=155   order by hots

select * from cg_config

select * from cg_area where classid=1  and pid=0 order by region

select * from cg_config

select * from cg_area where classid=3  and pid=99 order by region

select * from cg_config

select * from cg_area where classid=3  and pid=222 order by region

select * from cg_config

select * from cg_class where pid=0  and classtype=5   order by hots 

select * from cg_area   order by id 

select * from cg_class where pid=0  and classtype=3   order by hots 

INSERT INTO cg_scenic (types, title, ctype, info_id, cid, aid, city, url, brand, item, price2, price, price1, address, pos, keyword, word, info, op_type, op_user, userid, bid) VALUES ('3', '特罗吉尔', '155', '', '3', '222', '228', '', '', '', '', '', '', '', '', '', '【<span style=\"font-family:宋体;font-size:14px;font-weight:bold;\">特罗吉尔Trogir</span><span style=\"font-family:宋体;font-size:14px;\">】建立于公元前3世纪，位于达尔马提亚的中心，是一个商业城市及港口。特罗吉尔是城市历史连续性的著名范例。岛上直角街道的模式可追溯到希腊时期，后来的统治者们又用许多精美的公共场所以及住宅和防御工事对其进行了修饰，使得精巧的罗马式教堂与威尼斯时期杰出的文艺复兴式和巴洛克式建筑相得益彰。</span>', '', '1', 'admin', '1', '0') 

INSERT INTO cg_daily (title, remark, userid, name, ip, sys) VALUES ('cg_scenic', '添加了1条景点数据,ID为：1653', '1', 'admin', '123.118.69.147', 'Mozilla/4.0 (compatible; MSIE 7.0; Windows NT 5.1; Trident/4.0; .NET CLR 1.1.4322; .NET CLR 2.0.50727)') 

select * from cg_config

select * from cg_class where pid=0  and classtype=5   order by hots 

select * from cg_area   order by id 

select * from cg_class where pid=0  and classtype=3   order by hots 

select count(*)  from cg_scenic where types=3

select *  from cg_scenic where types=3 order by id desc limit 0,15

select * from cg_config

select * from cg_class where pid=0  and classtype=5   order by hots 

select * from cg_class where pid=0  and classtype=6   order by hots 

select count(*)  from cg_area t  where types=1

select *,(select title from cg_area where id=t.pid) as pidname  from cg_area t  where types=1 order by id desc limit 0,15

select * from cg_config

select * from cg_class where pid=0  and classtype=5   order by hots 

select * from cg_class where pid=0  and classtype=6   order by hots 

select * from cg_area where id=229

select * from cg_config

select * from cg_class where pid=0  and classtype=5   order by hots 

select * from cg_class where pid=0  and classtype=6   order by hots 

select * from cg_area where id=229

select * from cg_config

select * from cg_config

select * from cg_area where classid=3  and pid=0 order by region

select * from cg_config

select * from cg_class where pid=0  and classtype=5   order by hots 

select * from cg_class where pid=0  and classtype=6   order by hots 

select count(*)  from cg_area t  where types=1

select *,(select title from cg_area where id=t.pid) as pidname  from cg_area t  where types=1 order by id desc limit 0,15

select * from cg_config

select * from cg_class where pid=0  and classtype=5   order by hots 

select * from cg_class where pid=0  and classtype=6   order by hots 

select * from cg_area where id=0

select * from cg_config

select * from cg_area where classid=1  and pid=0 order by region

select * from cg_config

select * from cg_area where classid=3  and pid=0 order by region

select * from cg_config

select * from cg_class where pid=0  and classtype=5   order by hots 

select * from cg_class where pid=0  and classtype=6   order by hots 

select count(*)  from cg_area t  where types=1

select *,(select title from cg_area where id=t.pid) as pidname  from cg_area t  where types=1 order by id desc limit 0,15

select * from cg_config

select * from cg_class where pid=0  and classtype=5   order by hots 

select * from cg_class where pid=0  and classtype=6   order by hots 

select * from cg_area where id=0

select * from cg_config

select * from cg_area where classid=1  and pid=0 order by region

select * from cg_config

select * from cg_area where classid=3  and pid=0 order by region

select * from cg_config

select * from cg_class where pid=0  and classtype=5   order by hots 

select * from cg_class where pid=0  and classtype=6   order by hots 

INSERT INTO cg_area (types, title, classid, pid, classid1, word, attention, info, url, region, userid, op_user) VALUES ('1', '扎布利亚克', '3', '224', '0', '<span style=\"font-size:14px;\">&nbsp;&nbsp;&nbsp; 【</span><strong><span style=\"font-size:14px;\">扎布利亚克</span><span style=\"font-size:14px;\">Zabljak</span></strong><span><span style=\"font-size:14px;\">】</span><span style=\"font-size:14px;\">位于</span><span style=\"font-size:14px;\">黑山</span><span style=\"font-size:14px;\">北部的一个城市。根据2003年的人口普查，扎布利亚克有人口1,937人。扎布利亚克是扎布利亚克区的中心城市，全区有人口4,204人。扎布利亚克是</span><span style=\"font-size:14px;\">巴尔干半岛</span><span style=\"font-size:14px;\">上海拔最高的城镇。</span></span>', '', '', '', 'zhabuliyake', '1', 'admin') 

INSERT INTO cg_daily (title, remark, userid, name, ip, sys) VALUES ('cg_area', '添加了1条地域数据,ID为：232', '1', 'admin', '123.118.69.147', 'Mozilla/4.0 (compatible; MSIE 7.0; Windows NT 5.1; Trident/4.0; .NET CLR 1.1.4322; .NET CLR 2.0.50727)') 

select * from cg_config

select * from cg_class where pid=0  and classtype=5   order by hots 

select * from cg_class where pid=0  and classtype=6   order by hots 

select count(*)  from cg_area t  where types=1

select *,(select title from cg_area where id=t.pid) as pidname  from cg_area t  where types=1 order by id desc limit 0,15

select * from cg_config

select * from cg_class where pid=0  and classtype=5   order by hots 

select * from cg_class where pid=0  and classtype=6   order by hots 

select * from cg_area where id=232

select * from cg_config

select * from cg_area where classid=3  and pid=0 order by region

select * from cg_config

select * from cg_class where pid=0  and classtype=5   order by hots 

select * from cg_class where pid=0  and classtype=6   order by hots 

select * from cg_area where id=232

select * from cg_config

select * from cg_config

select * from cg_class where pid=0  and classtype=5   order by hots 

select * from cg_area   order by id 

select * from cg_class where pid=0  and classtype=3   order by hots 

select count(*)  from cg_scenic where types=3

select *  from cg_scenic where types=3 order by id desc limit 0,15

select * from cg_config

select * from cg_config

select * from cg_class where pid=0  and classtype=5   order by hots 

select * from cg_area   order by id 

select * from cg_class where pid=0  and classtype=3   order by hots 

select * from cg_scenic where id=0

select * from cg_config

select * from cg_class where pid=155   order by hots

select * from cg_config

select * from cg_area where classid=1  and pid=0 order by region

select * from cg_config

select * from cg_area where classid=1  and pid=2 order by region

select * from cg_config

select * from cg_area where classid=3  and pid=0 order by region

select * from cg_config

select * from cg_area where classid=3  and pid=99 order by region

select * from cg_config

select * from cg_area where classid=3  and pid=224 order by region

select * from cg_config

select * from cg_class where pid=0  and classtype=5   order by hots 

select * from cg_area   order by id 

select * from cg_class where pid=0  and classtype=3   order by hots 

INSERT INTO cg_scenic (types, title, ctype, info_id, cid, aid, city, url, brand, item, price2, price, price1, address, pos, keyword, word, info, op_type, op_user, userid, bid) VALUES ('3', '杜米托尔国家公园', '155', '', '3', '224', '232', '', '', '', '', '', '', '', '', '', '【<span style=\"font-family:宋体;font-size:14px;font-weight:bold;\">杜米托尔国家公园<span>Durmitor National Park</span></span><span style=\"font-family:宋体;font-size:14px;\">】美丽绝伦，是一个被冰川和河流切割出来的非常美丽的自然公园，地上河和地下河流经该公园。公园内有欧洲最著名的塔拉河峡谷，有古老的松木林，松林中点缀着清澈的湖水，有大片茂密的土生植物群以及珍贵的动物品种。公园内最大的冰川湖叫黑湖，它滋润着塔拉河和皮万河。山谷内洞穴、溶洞、岩洞、峡谷比比皆是。</span>', '', '1', 'admin', '1', '0') 

INSERT INTO cg_daily (title, remark, userid, name, ip, sys) VALUES ('cg_scenic', '添加了1条景点数据,ID为：1654', '1', 'admin', '123.118.69.147', 'Mozilla/4.0 (compatible; MSIE 7.0; Windows NT 5.1; Trident/4.0; .NET CLR 1.1.4322; .NET CLR 2.0.50727)') 

select * from cg_config

select * from cg_class where pid=0  and classtype=5   order by hots 

select * from cg_area   order by id 

select * from cg_class where pid=0  and classtype=3   order by hots 

select count(*)  from cg_scenic where types=3

select *  from cg_scenic where types=3 order by id desc limit 0,15

select * from cg_config

select * from cg_class where pid=0  and classtype=5   order by hots 

select * from cg_area   order by id 

select * from cg_class where pid=0  and classtype=3   order by hots 

select * from cg_scenic where id=0

select * from cg_config

select * from cg_class where pid=155   order by hots

select * from cg_config

select * from cg_area where classid=1  and pid=0 order by region

select * from cg_config

select * from cg_area where classid=1  and pid=2 order by region

select * from cg_config

select * from cg_area where classid=3  and pid=0 order by region

select * from cg_config

select * from cg_area where classid=3  and pid=99 order by region

select * from cg_config

select * from cg_area where classid=3  and pid=224 order by region

select * from cg_config

select * from cg_class where pid=0  and classtype=5   order by hots 

select * from cg_area   order by id 

select * from cg_class where pid=0  and classtype=3   order by hots 

INSERT INTO cg_scenic (types, title, ctype, info_id, cid, aid, city, url, brand, item, price2, price, price1, address, pos, keyword, word, info, op_type, op_user, userid, bid) VALUES ('3', '塔拉河谷大桥', '155', '', '3', '224', '232', '', '', '', '', '', '', '', '', '', '<span style=\"font-size:14px;\">【</span><span style=\"font-size:14px;font-weight:bold;\">塔拉河谷大桥Tara Rivar Bridge</span><span style=\"font-size:14px;\">】，位于黑山北部塔拉河谷地区，前南斯拉夫著名影片《桥》的拍摄地。大桥建于1937年至1940年间，是一座混凝土拱桥，横跨塔拉河，长365米，主桥拱114米，桥距塔拉河河面172米，有5个拱。在其完工之时，为欧洲最大的公路混凝土拱桥。1942年被游击队炸毁，1946年修复，至今仍在使用。</span>', '', '1', 'admin', '1', '0') 

INSERT INTO cg_daily (title, remark, userid, name, ip, sys) VALUES ('cg_scenic', '添加了1条景点数据,ID为：1655', '1', 'admin', '123.118.69.147', 'Mozilla/4.0 (compatible; MSIE 7.0; Windows NT 5.1; Trident/4.0; .NET CLR 1.1.4322; .NET CLR 2.0.50727)') 

select * from cg_config

select * from cg_class where pid=0  and classtype=5   order by hots 

select * from cg_area   order by id 

select * from cg_class where pid=0  and classtype=3   order by hots 

select count(*)  from cg_scenic where types=3

select *  from cg_scenic where types=3 order by id desc limit 0,15

select * from cg_config

select * from cg_class where pid=0  and classtype=5   order by hots 

select * from cg_class where pid=0  and classtype=6   order by hots 

select count(*)  from cg_area t  where types=1

select *,(select title from cg_area where id=t.pid) as pidname  from cg_area t  where types=1 order by id desc limit 0,15

select * from cg_config

select * from cg_class where pid=0  and classtype=5   order by hots 

select * from cg_class where pid=0  and classtype=6   order by hots 

select * from cg_area where id=0

select * from cg_config

select * from cg_area where classid=1  and pid=0 order by region

select * from cg_config

select * from cg_area where classid=3  and pid=0 order by region

select * from cg_config

select * from cg_class where pid=0  and classtype=5   order by hots 

select * from cg_class where pid=0  and classtype=6   order by hots 

INSERT INTO cg_area (types, title, classid, pid, classid1, word, attention, info, url, status, region, userid, op_user) VALUES ('1', '波德戈里察', '3', '224', '0', '【<span style=\"font-family:宋体;font-size:14px;font-weight:bold;\">波德戈里察Podgorica</span><span style=\"font-family:宋体;font-size:14px;\">】在<span style=\"line-height:24px;background-color:#ffffff;font-family:arial, 宋体, sans-serif;color:#333333;font-size:14px;\">1945年至1992年间名为铁托格勒，<span style=\"line-height:24px;background-color:#ffffff;font-family:arial, 宋体, sans-serif;color:#333333;font-size:14px;\">第二次世界大战期间毁于战火，<span style=\"line-height:24px;background-color:#ffffff;font-family:arial, 宋体, sans-serif;color:#333333;font-size:14px;\">现重建为一座新城，是黑山第一大城市，政治与经济的中心。</span></span></span></span><br />', '', '', '', '1', 'bodegelicha', '1', 'admin') 

INSERT INTO cg_daily (title, remark, userid, name, ip, sys) VALUES ('cg_area', '添加了1条地域数据,ID为：233', '1', 'admin', '123.118.69.147', 'Mozilla/4.0 (compatible; MSIE 7.0; Windows NT 5.1; Trident/4.0; .NET CLR 1.1.4322; .NET CLR 2.0.50727)') 

select * from cg_config

select * from cg_class where pid=0  and classtype=5   order by hots 

select * from cg_class where pid=0  and classtype=6   order by hots 

select count(*)  from cg_area t  where types=1

select *,(select title from cg_area where id=t.pid) as pidname  from cg_area t  where types=1 order by id desc limit 0,15

select * from cg_config

select * from cg_config

select * from cg_class where pid=0  and classtype=5   order by hots 

select * from cg_area   order by id 

select * from cg_class where pid=0  and classtype=3   order by hots 

select * from cg_scenic where id=0

select * from cg_config

select * from cg_class where pid=155   order by hots

select * from cg_config

select * from cg_area where classid=1  and pid=0 order by region

select * from cg_config

select * from cg_area where classid=1  and pid=2 order by region

select * from cg_config

select * from cg_class where pid=0  and classtype=5   order by hots 

select * from cg_area   order by id 

select * from cg_class where pid=0  and classtype=3   order by hots 

select count(*)  from cg_scenic where types=3

select *  from cg_scenic where types=3 order by id desc limit 0,15

select * from cg_config

select * from cg_class where pid=0  and classtype=5   order by hots 

select * from cg_area   order by id 

select * from cg_class where pid=0  and classtype=3   order by hots 

select * from cg_scenic where id=0

select * from cg_config

select * from cg_class where pid=155   order by hots

select * from cg_config

select * from cg_area where classid=1  and pid=0 order by region

select * from cg_config

select * from cg_area where classid=1  and pid=2 order by region

select * from cg_config

select * from cg_area where classid=3  and pid=0 order by region

select * from cg_config

select * from cg_area where classid=3  and pid=99 order by region

select * from cg_config

select * from cg_area where classid=3  and pid=224 order by region

select * from cg_config

select * from cg_class where pid=0  and classtype=5   order by hots 

select * from cg_area   order by id 

select * from cg_class where pid=0  and classtype=3   order by hots 

INSERT INTO cg_scenic (types, title, ctype, info_id, cid, aid, city, url, brand, item, price2, price, price1, address, pos, keyword, word, info, op_type, op_user, userid, bid) VALUES ('3', '斯库台湖国家公园', '155', '', '3', '224', '233', '', '', '', '', '', '', '', '', '', '【<span style=\"font-family:宋体;font-size:14px;font-weight:bold;\">斯库台湖国家公园</span><span style=\"font-family:宋体;font-size:14px;\">】，乃阿尔巴尼亚与黑山边境上的一界湖，是地中海盆地最大的淡水湖水域。斯库台湖因湖东岸的斯库台城而得名，最深44米，面积370-530平方公里，是巴尔干半岛最大的湖泊。</span>', '', '1', 'admin', '1', '0') 

INSERT INTO cg_daily (title, remark, userid, name, ip, sys) VALUES ('cg_scenic', '添加了1条景点数据,ID为：1656', '1', 'admin', '123.118.69.147', 'Mozilla/4.0 (compatible; MSIE 7.0; Windows NT 5.1; Trident/4.0; .NET CLR 1.1.4322; .NET CLR 2.0.50727)') 

select * from cg_config

select * from cg_class where pid=0  and classtype=5   order by hots 

select * from cg_area   order by id 

select * from cg_class where pid=0  and classtype=3   order by hots 

select count(*)  from cg_scenic where types=3

select *  from cg_scenic where types=3 order by id desc limit 0,15

select * from cg_config

select * from cg_class where pid=0  and classtype=5   order by hots 

select * from cg_class where pid=0  and classtype=6   order by hots 

select count(*)  from cg_area t  where types=0

select *,(select title from cg_area where id=t.pid) as pidname  from cg_area t  where types=0 order by id desc limit 0,15

select * from cg_config

select * from cg_class where pid=0  and classtype=5   order by hots 

select * from cg_class where pid=0  and classtype=6   order by hots 

select * from cg_area where id=0

select * from cg_config

select * from cg_area where classid=1  and pid=0 order by region

select * from cg_config

select * from cg_class where pid=0  and classtype=5   order by hots 

select * from cg_class where pid=0  and classtype=6   order by hots 

select * from cg_area where id=0

select * from cg_config

select * from cg_area where classid=1  and pid=0 order by region

select * from cg_config

select * from cg_area where classid=3  and pid=0 order by region

select * from cg_config

select * from cg_class where pid=0  and classtype=5   order by hots 

select * from cg_class where pid=0  and classtype=6   order by hots 

INSERT INTO cg_area (types, title, classid, pid, classid1, word, attention, info, url, status, region, userid, op_user) VALUES ('1', '布德瓦', '3', '224', '0', '【<span style=\"font-family:宋体;font-size:14px;font-weight:bold;\">布德瓦Budva</span><span style=\"font-family:宋体;font-size:14px;\">】是以美丽的沙滩、丰富的夜生活和独具特色的地中海式建筑而闻名于世。同时因其2500年的悠久历史而成为亚得里亚海岸边最古老的定居点。</span>', '', '', '', '1', 'budewa', '1', 'admin') 

INSERT INTO cg_daily (title, remark, userid, name, ip, sys) VALUES ('cg_area', '添加了1条地域数据,ID为：234', '1', 'admin', '123.118.69.147', 'Mozilla/4.0 (compatible; MSIE 7.0; Windows NT 5.1; Trident/4.0; .NET CLR 1.1.4322; .NET CLR 2.0.50727)') 

select * from cg_config

select * from cg_class where pid=0  and classtype=5   order by hots 

select * from cg_class where pid=0  and classtype=6   order by hots 

select count(*)  from cg_area t  where types=1

select *,(select title from cg_area where id=t.pid) as pidname  from cg_area t  where types=1 order by id desc limit 0,15

select * from cg_config

select * from cg_class where pid=0  and classtype=5   order by hots 

select * from cg_area   order by id 

select * from cg_class where pid=0  and classtype=3   order by hots 

select * from cg_scenic where id=0

select * from cg_config

select * from cg_area where classid=1  and pid=0 order by region

select * from cg_config

select * from cg_class where pid=155   order by hots

select * from cg_config

select * from cg_area where classid=1  and pid=2 order by region

select * from cg_config

select * from cg_class where pid=0  and classtype=5   order by hots 

select * from cg_area   order by id 

select * from cg_class where pid=0  and classtype=3   order by hots 

INSERT INTO cg_scenic (types, title, ctype, info_id, cid, aid, url, brand, item, price2, price, price1, address, pos, keyword, word, info, op_type, op_user, userid, bid) VALUES ('3', '', '155', '', '1', '2', '', '', '', '', '', '', '', '', '', '【<span style=\"font-family:宋体;font-size:14px;font-weight:bold;\">布德瓦老城</span><span style=\"font-family:宋体;font-size:14px;\">】，</span><span style=\"font-family:宋体;color:#2b2b2b;font-size:14px;\">典型的地中海风格，白色石头铺就的路面及石质的建筑，小窗户、瓦片屋顶、众多的小铺、咖啡或是啤酒屋，那么的宁静、充满阳光。</span>', '', '1', 'admin', '1', '0') 

INSERT INTO cg_daily (title, remark, userid, name, ip, sys) VALUES ('cg_scenic', '添加了1条景点数据,ID为：1657', '1', 'admin', '123.118.69.147', 'Mozilla/4.0 (compatible; MSIE 7.0; Windows NT 5.1; Trident/4.0; .NET CLR 1.1.4322; .NET CLR 2.0.50727)') 

select * from cg_config

select * from cg_class where pid=0  and classtype=5   order by hots 

select * from cg_area   order by id 

select * from cg_class where pid=0  and classtype=3   order by hots 

select count(*)  from cg_scenic where types=3

select *  from cg_scenic where types=3 order by id desc limit 0,15

select * from cg_config

select * from cg_class where pid=0  and classtype=5   order by hots 

select * from cg_area   order by id 

select * from cg_class where pid=0  and classtype=3   order by hots 

select * from cg_scenic where id=0

select * from cg_config

select * from cg_class where pid=155   order by hots

select * from cg_config

select * from cg_area where classid=1  and pid=0 order by region

select * from cg_config

select * from cg_area where classid=1  and pid=2 order by region

select * from cg_config

select * from cg_class where pid=0  and classtype=5   order by hots 

select * from cg_area   order by id 

select * from cg_class where pid=0  and classtype=3   order by hots 

select * from cg_scenic where id=1657

select * from cg_config

select * from cg_class where pid=155   order by hots

select * from cg_config

select * from cg_area where classid=1  and pid=0 order by region

select * from cg_config

select * from cg_area where classid=1  and pid=2 order by region

select * from cg_config

select * from cg_area where classid=3  and pid=0 order by region

select * from cg_config

select * from cg_area where classid=3  and pid=99 order by region

select * from cg_config

select * from cg_area where classid=3  and pid=224 order by region

select * from cg_config

select * from cg_class where pid=0  and classtype=5   order by hots 

select * from cg_area   order by id 

select * from cg_class where pid=0  and classtype=3   order by hots 

UPDATE cg_scenic SET id='1657', types='3', title='布德瓦老城', ctype='155', info_id='', cid='3', aid='224', city='234', url='', brand='', item='0', price2='0', price='0', price1='0', address='', pos='', keyword='', word='【<span style=\"font-family:宋体;font-size:14px;font-weight:bold;\">布德瓦老城</span><span style=\"font-family:宋体;font-size:14px;\">】，</span><span style=\"font-family:宋体;color:#2b2b2b;font-size:14px;\">典型的地中海风格，白色石头铺就的路面及石质的建筑，小窗户、瓦片屋顶、众多的小铺、咖啡或是啤酒屋，那么的宁静、充满阳光。</span>', info='', op_type='1', op_user='admin' WHERE id='1657'

INSERT INTO cg_daily (title, remark, userid, name, ip, sys) VALUES ('cg_scenic', '修改了1条景点数据,ID为：1657', '1', 'admin', '123.118.69.147', 'Mozilla/4.0 (compatible; MSIE 7.0; Windows NT 5.1; Trident/4.0; .NET CLR 1.1.4322; .NET CLR 2.0.50727)') 

select * from cg_config

select * from cg_class where pid=0  and classtype=5   order by hots 

select * from cg_area   order by id 

select * from cg_class where pid=0  and classtype=3   order by hots 

select count(*)  from cg_scenic where types=3

select *  from cg_scenic where types=3 order by id desc limit 0,15

select * from cg_config

select * from cg_class where pid=0  and classtype=5   order by hots 

select * from cg_area   order by id 

select * from cg_class where pid=0  and classtype=3   order by hots 

select * from cg_scenic where id=0

select * from cg_config

select * from cg_class where pid=155   order by hots

select * from cg_config

select * from cg_area where classid=1  and pid=0 order by region

select * from cg_config

select * from cg_area where classid=1  and pid=2 order by region

select * from cg_config

select * from cg_area where classid=3  and pid=0 order by region

select * from cg_config

select * from cg_area where classid=3  and pid=99 order by region

select * from cg_config

select * from cg_area where classid=3  and pid=224 order by region

select * from cg_config

select * from cg_class where pid=0  and classtype=5   order by hots 

select * from cg_area   order by id 

select * from cg_class where pid=0  and classtype=3   order by hots 

INSERT INTO cg_scenic (types, title, ctype, info_id, cid, aid, city, url, brand, item, price2, price, price1, address, pos, keyword, word, info, op_type, op_user, userid, bid) VALUES ('3', '圣斯泰凡小岛', '155', '', '3', '224', '234', '', '', '', '', '', '', '', '', '', '【<span style=\"font-family:宋体;font-size:14px;font-weight:bold;\">圣斯泰凡小岛Sveti Stefan</span><span style=\"font-family:宋体;font-size:14px;\">】，无疑是黑山海滨的一颗最耀眼的明珠，小岛15世纪时是一个小渔村，为了防止海盗入侵，渔民在岛上筑起高高的围墙，又修建一条长长的堤连接岸边。晚餐后入住酒店休息。</span>', '', '1', 'admin', '1', '0') 

INSERT INTO cg_daily (title, remark, userid, name, ip, sys) VALUES ('cg_scenic', '添加了1条景点数据,ID为：1658', '1', 'admin', '123.118.69.147', 'Mozilla/4.0 (compatible; MSIE 7.0; Windows NT 5.1; Trident/4.0; .NET CLR 1.1.4322; .NET CLR 2.0.50727)') 

select * from cg_config

select * from cg_class where pid=0  and classtype=5   order by hots 

select * from cg_area   order by id 

select * from cg_class where pid=0  and classtype=3   order by hots 

select count(*)  from cg_scenic where types=3

select *  from cg_scenic where types=3 order by id desc limit 0,15

select * from cg_config

select * from cg_class where pid=0  and classtype=5   order by hots 

select * from cg_area   order by id 

select * from cg_class where pid=0  and classtype=3   order by hots 

select * from cg_scenic where id=0

select * from cg_config

select * from cg_area where classid=1  and pid=0 order by region

select * from cg_config

select * from cg_class where pid=155   order by hots

select * from cg_config

select * from cg_area where classid=1  and pid=2 order by region

select * from cg_config

select * from cg_area where classid=3  and pid=0 order by region

select * from cg_config

select * from cg_area where classid=3  and pid=99 order by region

select * from cg_config

select * from cg_area where classid=3  and pid=224 order by region

select * from cg_config

select * from cg_class where pid=0  and classtype=5   order by hots 

select * from cg_area   order by id 

select * from cg_class where pid=0  and classtype=3   order by hots 

INSERT INTO cg_scenic (types, title, ctype, info_id, cid, aid, city, url, brand, item, price2, price, price1, address, pos, keyword, word, info, op_type, op_user, userid, bid) VALUES ('3', '科托尔古镇', '155', '', '3', '224', '234', '', '', '', '', '', '', '', '', '', '&nbsp;&nbsp;&nbsp; 【<span style=\"font-family:宋体;font-size:14px;font-weight:bold;\">科托尔古镇Kotor</span><span style=\"font-family:宋体;font-size:14px;\">】，这是最漂亮的地中式港口古镇，已进入联合国文化遗产名录。与布德瓦Budva的老城相比，除了面积更大之外，也更干净，科托尔被评为欧洲最应该去的30个小镇之一。</span>', '', '1', 'admin', '1', '0') 

INSERT INTO cg_daily (title, remark, userid, name, ip, sys) VALUES ('cg_scenic', '添加了1条景点数据,ID为：1659', '1', 'admin', '123.118.69.147', 'Mozilla/4.0 (compatible; MSIE 7.0; Windows NT 5.1; Trident/4.0; .NET CLR 1.1.4322; .NET CLR 2.0.50727)') 

select * from cg_config

select * from cg_class where pid=0  and classtype=5   order by hots 

select * from cg_area   order by id 

select * from cg_class where pid=0  and classtype=3   order by hots 

select count(*)  from cg_scenic where types=3

select *  from cg_scenic where types=3 order by id desc limit 0,15

select * from cg_config

select * from cg_class where pid=0  and classtype=5   order by hots 

select * from cg_area   order by id 

select * from cg_class where pid=0  and classtype=3   order by hots 

select * from cg_scenic where id=0

select * from cg_config

select * from cg_class where pid=155   order by hots

select * from cg_config

select * from cg_area where classid=1  and pid=0 order by region

select * from cg_config

select * from cg_area where classid=1  and pid=2 order by region

select * from cg_config

select * from cg_area where classid=3  and pid=0 order by region

select * from cg_config

select * from cg_area where classid=3  and pid=99 order by region

select * from cg_config

select * from cg_area where classid=3  and pid=224 order by region

select * from cg_config

select * from cg_class where pid=0  and classtype=5   order by hots 

select * from cg_area   order by id 

select * from cg_class where pid=0  and classtype=3   order by hots 

INSERT INTO cg_scenic (types, title, ctype, info_id, cid, aid, city, url, brand, item, price2, price, price1, address, pos, keyword, word, info, op_type, op_user, userid, bid) VALUES ('3', '佩拉斯特古镇', '155', '', '3', '224', '234', '', '', '', '', '', '', '', '', '', '【<span style=\"font-family:宋体;font-size:14px;font-weight:bold;\">佩拉斯特古镇 Perast</span><span style=\"font-family:宋体;font-size:14px;\">】，古镇在科托尔海湾北岸面对出海口，镇上现有完好的建筑最早有500多年的历史。这个城镇历史有17个家族的豪华宅邸建筑，16座教堂，很多是文艺复兴时期的建筑。</span>', '', '1', 'admin', '1', '0') 

INSERT INTO cg_daily (title, remark, userid, name, ip, sys) VALUES ('cg_scenic', '添加了1条景点数据,ID为：1660', '1', 'admin', '123.118.69.147', 'Mozilla/4.0 (compatible; MSIE 7.0; Windows NT 5.1; Trident/4.0; .NET CLR 1.1.4322; .NET CLR 2.0.50727)') 

select * from cg_config

select * from cg_class where pid=0  and classtype=5   order by hots 

select * from cg_area   order by id 

select * from cg_class where pid=0  and classtype=3   order by hots 

select count(*)  from cg_scenic where types=3

select *  from cg_scenic where types=3 order by id desc limit 0,15

select * from cg_config

select * from cg_class where pid=0  and classtype=5   order by hots 

select * from cg_area   order by id 

select * from cg_class where pid=0  and classtype=3   order by hots 

select * from cg_scenic where id=0

select * from cg_config

select * from cg_class where pid=155   order by hots

select * from cg_config

select * from cg_area where classid=1  and pid=0 order by region

select * from cg_config

select * from cg_area where classid=1  and pid=2 order by region

select * from cg_config

select * from cg_area where classid=3  and pid=0 order by region

select * from cg_config

select * from cg_area where classid=3  and pid=99 order by region

select * from cg_config

select * from cg_area where classid=3  and pid=224 order by region

select * from cg_config

select * from cg_class where pid=0  and classtype=5   order by hots 

select * from cg_area   order by id 

select * from cg_class where pid=0  and classtype=3   order by hots 

INSERT INTO cg_scenic (types, title, ctype, info_id, cid, aid, city, url, brand, item, price2, price, price1, address, pos, keyword, word, info, op_type, op_user, userid, bid) VALUES ('3', '奥斯特罗格教堂', '155', '', '3', '224', '234', '', '', '', '', '', '', '', '', '', '【<span style=\"font-family:宋体;font-size:14px;font-weight:bold;\">奥斯特罗格教堂 Manastir Ostrog</span><span style=\"font-family:宋体;font-size:14px;\">】（车程约1.5小时），建于17世纪，是东正教的一个圣地。教堂有山脚和山腰两处建筑组成。位于山腰的教堂部分与山体自然融合，浑然天成，远远看好似镶嵌于悬崖上的一幅壁画。号称是山洞中的教堂，它保留了大量的精美壁画，同时还保留着圣奥斯特罗格的圣体和遗物供世人参观。</span>', '', '1', 'admin', '1', '0') 

INSERT INTO cg_daily (title, remark, userid, name, ip, sys) VALUES ('cg_scenic', '添加了1条景点数据,ID为：1661', '1', 'admin', '123.118.69.147', 'Mozilla/4.0 (compatible; MSIE 7.0; Windows NT 5.1; Trident/4.0; .NET CLR 1.1.4322; .NET CLR 2.0.50727)') 

select * from cg_config

select * from cg_class where pid=0  and classtype=5   order by hots 

select * from cg_area   order by id 

select * from cg_class where pid=0  and classtype=3   order by hots 

select count(*)  from cg_scenic where types=3

select *  from cg_scenic where types=3 order by id desc limit 0,15

select * from cg_config

select * from cg_config

select * from cg_config

select * from cg_class where pid=0  and classtype=5   order by hots 

select * from cg_class where pid=0  and classtype=6   order by hots 

select count(*)  from cg_area t  where types=1

select *,(select title from cg_area where id=t.pid) as pidname  from cg_area t  where types=1 order by id desc limit 0,15

select * from cg_config

select * from cg_config

select * from cg_config

SELECT * FROM cg_user WHERE username = 'admin'

update cg_user set login_num=login_num+1,login_ip='123.118.69.147',time2='2015-07-21 06:48:41' where id=1

select * from cg_config

select * from cg_config

select * from cg_config

select * from cg_user where id=1

SELECT lft, rgt FROM con_menuitems WHERE classid='1' 

SELECT * FROM con_menuitems WHERE lft>=1 AND lft<=138   ORDER BY lft ASC

select * from cg_config

select * from cg_config

select * from cg_class where pid=0  and classtype=5   order by hots 

select * from cg_class where pid=0  and classtype=6   order by hots 

select count(*)  from cg_area t  where types=1

select *,(select title from cg_area where id=t.pid) as pidname  from cg_area t  where types=1 order by id desc limit 0,15

select * from cg_config

select * from cg_class where pid=0  and classtype=5   order by hots 

select * from cg_class where pid=0  and classtype=6   order by hots 

select * from cg_area where id=0

select * from cg_config

select * from cg_area where classid=1  and pid=0 order by region

select * from cg_config

select * from cg_class where pid=0  and classtype=5   order by hots 

select * from cg_class where pid=0  and classtype=6   order by hots 

INSERT INTO cg_area (types, title, classid, pid, classid1, word, attention, info, url, hits, region, userid, op_user) VALUES ('1', '兹拉提波尔州', '1', '2', '0', '<div id=\"card-container\" class=\"mod-top\">
	<div class=\"card-summary nslog-area clearfix\">
		<div class=\"card-summary-content\">
			<div class=\"para\">
				兹拉提波尔州 （Златиборски округ, Zlatiborski okrug）是塞尔维亚的一个州，位于该国西部，西邻波黑和黑山。面积6,140平方公里，2002年人口313,396人。首府乌日策。
			</div>
		</div>
	</div>
</div>', '', '', '', '1', 'zilatiboerzhou', '1', 'admin') 

INSERT INTO cg_daily (title, remark, userid, name, ip, sys) VALUES ('cg_area', '添加了1条地域数据,ID为：235', '1', 'admin', '123.118.69.147', 'Mozilla/4.0 (compatible; MSIE 7.0; Windows NT 5.1; Trident/4.0; .NET CLR 1.1.4322; .NET CLR 2.0.50727)') 

select * from cg_config

select * from cg_class where pid=0  and classtype=5   order by hots 

select * from cg_class where pid=0  and classtype=6   order by hots 

select count(*)  from cg_area t  where types=1

select *,(select title from cg_area where id=t.pid) as pidname  from cg_area t  where types=1 order by id desc limit 0,15

select * from cg_config

select * from cg_class where pid=0  and classtype=5   order by hots 

select * from cg_class where pid=0  and classtype=6   order by hots 

select * from cg_area where id=235

select * from cg_config

select * from cg_area where classid=1  and pid=0 order by region

select * from cg_config

select * from cg_area where classid=3  and pid=0 order by region

select * from cg_config

select * from cg_class where pid=0  and classtype=5   order by hots 

select * from cg_class where pid=0  and classtype=6   order by hots 

UPDATE cg_area SET id='235', types='1', title='兹拉提波尔州', classid='3', pid='225', classid1='0', word='<div id=\"card-container\" class=\"mod-top\">
	<div class=\"card-summary nslog-area clearfix\">
		<div class=\"card-summary-content\">
			<div class=\"para\">
				<span style=\"font-size:14px;\">【兹拉提波尔州<span style=\"font-family:宋体;font-size:14px;\">】</span>（Златиборски округ, Zlatiborski okrug）是塞尔维亚的一个州，位于该国西部，西邻波黑和黑山。面积6,140平方公里，2002年人口313,396人。首府乌日策。</span>
			</div>
		</div>
	</div>
</div>', attention='', info='', url='', status='1', region='zilatiboerzhou', userid='1', op_user='admin' WHERE id='235'

INSERT INTO cg_daily (title, remark, userid, name, ip, sys) VALUES ('cg_area', '修改了1条地域数据,ID为：235', '1', 'admin', '123.118.69.147', 'Mozilla/4.0 (compatible; MSIE 7.0; Windows NT 5.1; Trident/4.0; .NET CLR 1.1.4322; .NET CLR 2.0.50727)') 

select * from cg_config

select * from cg_class where pid=0  and classtype=5   order by hots 

select * from cg_class where pid=0  and classtype=6   order by hots 

select count(*)  from cg_area t  where types=1

select *,(select title from cg_area where id=t.pid) as pidname  from cg_area t  where types=1 order by id desc limit 0,15

select * from cg_config

select * from cg_class where pid=0  and classtype=5   order by hots 

select * from cg_class where pid=0  and classtype=6   order by hots 

select * from cg_area where id=235

select * from cg_config

