select * from cg_config

select * from cg_config

select * from cg_config

select * from cg_config

SELECT * FROM cg_user WHERE username = 'admin'

update cg_user set login_num=login_num+1,login_ip='223.72.84.112',time2='2015-05-20 01:35:07' where id=1

select * from cg_config

select * from cg_config

select * from cg_user where id=1

SELECT lft, rgt FROM con_menuitems WHERE classid='1' 

SELECT * FROM con_menuitems WHERE lft>=1 AND lft<=134   ORDER BY lft ASC

select * from cg_config

select * from cg_config

select * from cg_config

select count(*)  from (select p.*,t.hid,t.title name,t.departure,t.price1 price_1,t.price2 price_2,t.types,t.ctype,t.userid uid,t.op_type optype,t.op_user opuser,concat_ws(',',p.title,p.info_id,IFNULL(p.keywords,' '),IFNULL(p.remark,' ')) keyword from cg_product_route_sale t,cg_product_route p where t.id=p.id and p.id) result where ctype=0 and uid=1

select *  from (select p.*,t.hid,t.title name,t.departure,t.price1 price_1,t.price2 price_2,t.types,t.ctype,t.userid uid,t.op_type optype,t.op_user opuser,concat_ws(',',p.title,p.info_id,IFNULL(p.keywords,' '),IFNULL(p.remark,' ')) keyword from cg_product_route_sale t,cg_product_route p where t.id=p.id and p.id) result where ctype=0 and uid=1 order by hid desc limit 0,15

select * from cg_config

select count(*)  from (select p.*,t.hid,t.title name,t.departure,t.price1 price_1,t.price2 price_2,t.types,t.ctype,t.userid uid,t.op_type optype,t.op_user opuser,concat_ws(',',p.title,p.info_id,IFNULL(p.keywords,' '),IFNULL(p.remark,' ')) keyword from cg_product_route_sale t,cg_product_route p where t.id=p.id and p.id) result where ctype=0 and uid=1

select *  from (select p.*,t.hid,t.title name,t.departure,t.price1 price_1,t.price2 price_2,t.types,t.ctype,t.userid uid,t.op_type optype,t.op_user opuser,concat_ws(',',p.title,p.info_id,IFNULL(p.keywords,' '),IFNULL(p.remark,' ')) keyword from cg_product_route_sale t,cg_product_route p where t.id=p.id and p.id) result where ctype=0 and uid=1 order by hid desc limit 15,15

select * from cg_config

select count(*)  from (select p.*,t.hid,t.title name,t.departure,t.price1 price_1,t.price2 price_2,t.types,t.ctype,t.userid uid,t.op_type optype,t.op_user opuser,concat_ws(',',p.title,p.info_id,IFNULL(p.keywords,' '),IFNULL(p.remark,' ')) keyword from cg_product_route_sale t,cg_product_route p where t.id=p.id and p.id) result where ctype=1 and uid=1

select *  from (select p.*,t.hid,t.title name,t.departure,t.price1 price_1,t.price2 price_2,t.types,t.ctype,t.userid uid,t.op_type optype,t.op_user opuser,concat_ws(',',p.title,p.info_id,IFNULL(p.keywords,' '),IFNULL(p.remark,' ')) keyword from cg_product_route_sale t,cg_product_route p where t.id=p.id and p.id) result where ctype=1 and uid=1 order by hid desc limit 0,15

select * from cg_config

select count(*)  from (select p.*,t.hid,t.title name,t.departure,t.price1 price_1,t.price2 price_2,t.types,t.ctype,t.userid uid,t.op_type optype,t.op_user opuser,concat_ws(',',p.title,p.info_id,IFNULL(p.keywords,' '),IFNULL(p.remark,' ')) keyword from cg_product_route_sale t,cg_product_route p where t.id=p.id and p.id) result where ctype=0 and uid=1

select *  from (select p.*,t.hid,t.title name,t.departure,t.price1 price_1,t.price2 price_2,t.types,t.ctype,t.userid uid,t.op_type optype,t.op_user opuser,concat_ws(',',p.title,p.info_id,IFNULL(p.keywords,' '),IFNULL(p.remark,' ')) keyword from cg_product_route_sale t,cg_product_route p where t.id=p.id and p.id) result where ctype=0 and uid=1 order by hid desc limit 0,15

select * from cg_config

select count(*)  from (select p.*,t.hid,t.title name,t.departure,t.price1 price_1,t.price2 price_2,t.types,t.ctype,t.userid uid,t.op_type optype,t.op_user opuser,concat_ws(',',p.title,p.info_id,IFNULL(p.keywords,' '),IFNULL(p.remark,' ')) keyword from cg_product_route_sale t,cg_product_route p where t.id=p.id and p.id) result where ctype=0 and uid=1

select *  from (select p.*,t.hid,t.title name,t.departure,t.price1 price_1,t.price2 price_2,t.types,t.ctype,t.userid uid,t.op_type optype,t.op_user opuser,concat_ws(',',p.title,p.info_id,IFNULL(p.keywords,' '),IFNULL(p.remark,' ')) keyword from cg_product_route_sale t,cg_product_route p where t.id=p.id and p.id) result where ctype=0 and uid=1 order by hid desc limit 15,15

select * from cg_config

select * from cg_product_route where id=449

select title from cg_class where id=113

select title from cg_class where id=121

select * from cg_config

select count(*)  from (select p.*,t.hid,t.title name,t.departure,t.price1 price_1,t.price2 price_2,t.types,t.ctype,t.userid uid,t.op_type optype,t.op_user opuser,concat_ws(',',p.title,p.info_id,IFNULL(p.keywords,' '),IFNULL(p.remark,' ')) keyword from cg_product_route_sale t,cg_product_route p where t.id=p.id and p.id) result where ctype=0 and uid!=1

select *  from (select p.*,t.hid,t.title name,t.departure,t.price1 price_1,t.price2 price_2,t.types,t.ctype,t.userid uid,t.op_type optype,t.op_user opuser,concat_ws(',',p.title,p.info_id,IFNULL(p.keywords,' '),IFNULL(p.remark,' ')) keyword from cg_product_route_sale t,cg_product_route p where t.id=p.id and p.id) result where ctype=0 and uid!=1 order by hid desc limit 0,15

select * from cg_config

select count(*)  from (select p.*,t.hid,t.title name,t.departure,t.price1 price_1,t.price2 price_2,t.types,t.ctype,t.userid uid,t.op_type optype,t.op_user opuser,concat_ws(',',p.title,p.info_id,IFNULL(p.keywords,' '),IFNULL(p.remark,' ')) keyword from cg_product_route_sale t,cg_product_route p where t.id=p.id and p.id) result where ctype=1 and uid=1

select *  from (select p.*,t.hid,t.title name,t.departure,t.price1 price_1,t.price2 price_2,t.types,t.ctype,t.userid uid,t.op_type optype,t.op_user opuser,concat_ws(',',p.title,p.info_id,IFNULL(p.keywords,' '),IFNULL(p.remark,' ')) keyword from cg_product_route_sale t,cg_product_route p where t.id=p.id and p.id) result where ctype=1 and uid=1 order by hid desc limit 0,15

select * from cg_config

select count(*)  from (select p.*,t.hid,t.title name,t.departure,t.price1 price_1,t.price2 price_2,t.types,t.ctype,t.userid uid,t.op_type optype,t.op_user opuser,concat_ws(',',p.title,p.info_id,IFNULL(p.keywords,' '),IFNULL(p.remark,' ')) keyword from cg_product_route_sale t,cg_product_route p where t.id=p.id and p.id) result where ctype=0 and uid=1

select *  from (select p.*,t.hid,t.title name,t.departure,t.price1 price_1,t.price2 price_2,t.types,t.ctype,t.userid uid,t.op_type optype,t.op_user opuser,concat_ws(',',p.title,p.info_id,IFNULL(p.keywords,' '),IFNULL(p.remark,' ')) keyword from cg_product_route_sale t,cg_product_route p where t.id=p.id and p.id) result where ctype=0 and uid=1 order by hid desc limit 0,15

select * from cg_config

select count(*)  from (select p.*,t.hid,t.title name,t.departure,t.price1 price_1,t.price2 price_2,t.types,t.ctype,t.userid uid,t.op_type optype,t.op_user opuser,concat_ws(',',p.title,p.info_id,IFNULL(p.keywords,' '),IFNULL(p.remark,' ')) keyword from cg_product_route_sale t,cg_product_route p where t.id=p.id and p.id) result where ctype=0 and uid=1

select *  from (select p.*,t.hid,t.title name,t.departure,t.price1 price_1,t.price2 price_2,t.types,t.ctype,t.userid uid,t.op_type optype,t.op_user opuser,concat_ws(',',p.title,p.info_id,IFNULL(p.keywords,' '),IFNULL(p.remark,' ')) keyword from cg_product_route_sale t,cg_product_route p where t.id=p.id and p.id) result where ctype=0 and uid=1 order by hid desc limit 15,15

select * from cg_config

select count(*)  from (select p.*,t.hid,t.title name,t.departure,t.price1 price_1,t.price2 price_2,t.types,t.ctype,t.userid uid,t.op_type optype,t.op_user opuser,concat_ws(',',p.title,p.info_id,IFNULL(p.keywords,' '),IFNULL(p.remark,' ')) keyword from cg_product_route_sale t,cg_product_route p where t.id=p.id and p.id) result where ctype=0 and uid!=1

select *  from (select p.*,t.hid,t.title name,t.departure,t.price1 price_1,t.price2 price_2,t.types,t.ctype,t.userid uid,t.op_type optype,t.op_user opuser,concat_ws(',',p.title,p.info_id,IFNULL(p.keywords,' '),IFNULL(p.remark,' ')) keyword from cg_product_route_sale t,cg_product_route p where t.id=p.id and p.id) result where ctype=0 and uid!=1 order by hid desc limit 0,15

select * from cg_config

select count(*)  from (select p.*,t.hid,t.title name,t.departure,t.price1 price_1,t.price2 price_2,t.types,t.ctype,t.userid uid,t.op_type optype,t.op_user opuser,concat_ws(',',p.title,p.info_id,IFNULL(p.keywords,' '),IFNULL(p.remark,' ')) keyword from cg_product_route_sale t,cg_product_route p where t.id=p.id and p.id) result where ctype=0 and uid=1

select *  from (select p.*,t.hid,t.title name,t.departure,t.price1 price_1,t.price2 price_2,t.types,t.ctype,t.userid uid,t.op_type optype,t.op_user opuser,concat_ws(',',p.title,p.info_id,IFNULL(p.keywords,' '),IFNULL(p.remark,' ')) keyword from cg_product_route_sale t,cg_product_route p where t.id=p.id and p.id) result where ctype=0 and uid=1 order by hid desc limit 0,15

select * from cg_config

select count(*)  from (select p.*,t.hid,t.title name,t.departure,t.price1 price_1,t.price2 price_2,t.types,t.ctype,t.userid uid,t.op_type optype,t.op_user opuser,concat_ws(',',p.title,p.info_id,IFNULL(p.keywords,' '),IFNULL(p.remark,' ')) keyword from cg_product_route_sale t,cg_product_route p where t.id=p.id and p.id) result where ctype=1 and uid=1

select *  from (select p.*,t.hid,t.title name,t.departure,t.price1 price_1,t.price2 price_2,t.types,t.ctype,t.userid uid,t.op_type optype,t.op_user opuser,concat_ws(',',p.title,p.info_id,IFNULL(p.keywords,' '),IFNULL(p.remark,' ')) keyword from cg_product_route_sale t,cg_product_route p where t.id=p.id and p.id) result where ctype=1 and uid=1 order by hid desc limit 0,15

select * from cg_config

select count(*)  from (select p.*,t.hid,t.title name,t.departure,t.price1 price_1,t.price2 price_2,t.types,t.ctype,t.userid uid,t.op_type optype,t.op_user opuser,concat_ws(',',p.title,p.info_id,IFNULL(p.keywords,' '),IFNULL(p.remark,' ')) keyword from cg_product_route_sale t,cg_product_route p where t.id=p.id and p.id) result where ctype=0 and uid!=1

select *  from (select p.*,t.hid,t.title name,t.departure,t.price1 price_1,t.price2 price_2,t.types,t.ctype,t.userid uid,t.op_type optype,t.op_user opuser,concat_ws(',',p.title,p.info_id,IFNULL(p.keywords,' '),IFNULL(p.remark,' ')) keyword from cg_product_route_sale t,cg_product_route p where t.id=p.id and p.id) result where ctype=0 and uid!=1 order by hid desc limit 0,15

select * from cg_config

select count(*)  from (select p.*,t.hid,t.title name,t.departure,t.price1 price_1,t.price2 price_2,t.types,t.ctype,t.userid uid,t.op_type optype,t.op_user opuser,concat_ws(',',p.title,p.info_id,IFNULL(p.keywords,' '),IFNULL(p.remark,' ')) keyword from cg_product_route_sale t,cg_product_route p where t.id=p.id and p.id) result where ctype=0 and uid=1

select *  from (select p.*,t.hid,t.title name,t.departure,t.price1 price_1,t.price2 price_2,t.types,t.ctype,t.userid uid,t.op_type optype,t.op_user opuser,concat_ws(',',p.title,p.info_id,IFNULL(p.keywords,' '),IFNULL(p.remark,' ')) keyword from cg_product_route_sale t,cg_product_route p where t.id=p.id and p.id) result where ctype=0 and uid=1 order by hid desc limit 0,15

select * from cg_config

select count(*)  from (select p.*,t.hid,t.title name,t.departure,t.price1 price_1,t.price2 price_2,t.types,t.ctype,t.userid uid,t.op_type optype,t.op_user opuser,concat_ws(',',p.title,p.info_id,IFNULL(p.keywords,' '),IFNULL(p.remark,' ')) keyword from cg_product_route_sale t,cg_product_route p where t.id=p.id and p.id) result where ctype=1 and uid=1

select *  from (select p.*,t.hid,t.title name,t.departure,t.price1 price_1,t.price2 price_2,t.types,t.ctype,t.userid uid,t.op_type optype,t.op_user opuser,concat_ws(',',p.title,p.info_id,IFNULL(p.keywords,' '),IFNULL(p.remark,' ')) keyword from cg_product_route_sale t,cg_product_route p where t.id=p.id and p.id) result where ctype=1 and uid=1 order by hid desc limit 0,15

select * from cg_config

select count(*)  from (select p.*,t.hid,t.title name,t.departure,t.price1 price_1,t.price2 price_2,t.types,t.ctype,t.userid uid,t.op_type optype,t.op_user opuser,concat_ws(',',p.title,p.info_id,IFNULL(p.keywords,' '),IFNULL(p.remark,' ')) keyword from cg_product_route_sale t,cg_product_route p where t.id=p.id and p.id) result where ctype=0 and uid=1

select *  from (select p.*,t.hid,t.title name,t.departure,t.price1 price_1,t.price2 price_2,t.types,t.ctype,t.userid uid,t.op_type optype,t.op_user opuser,concat_ws(',',p.title,p.info_id,IFNULL(p.keywords,' '),IFNULL(p.remark,' ')) keyword from cg_product_route_sale t,cg_product_route p where t.id=p.id and p.id) result where ctype=0 and uid=1 order by hid desc limit 0,15

select * from cg_config

select * from cg_user where id=1

SELECT lft, rgt FROM con_menuitems WHERE classid='1' 

SELECT * FROM con_menuitems WHERE lft>=1 AND lft<=134   ORDER BY lft ASC

select * from cg_config

select * from cg_class where pid=0  and classtype=5   order by hots 

select * from cg_area   order by id 

select count(*)  from cg_banner where 1 

select *  from cg_banner where 1  order by id desc limit 0,15

select * from cg_config

select * from cg_class where pid=0  and classtype=5   order by hots 

select * from cg_area   order by id 

select * from cg_banner where id=0

select * from cg_branch  where 1   order by id 

select * from cg_config

select * from cg_class where pid=0  and classtype=5   order by hots 

select * from cg_area   order by id 

select count(*)  from cg_banner where 1 

select *  from cg_banner where 1  order by id desc limit 0,15

select * from cg_config

select * from cg_class where pid=0  and classtype=5   order by hots 

select * from cg_area   order by id 

select * from cg_branch  where 1  and types=1  order by id 

select count(*)  from cg_link where 1 

select *  from cg_link where 1  order by hots limit 0,15

select * from cg_config

select * from cg_class where pid=0  and classtype=5   order by hots 

select * from cg_area   order by id 

select * from cg_branch  where 1  and types=1  order by id 

select count(*)  from cg_link where 1 

select *  from cg_link where 1  order by hots limit 0,15

select * from cg_config

select * from cg_config

select * from cg_config

select * from cg_config

select * from cg_config

select * from cg_config

select * from cg_config

select * from cg_config

SELECT * FROM cg_user WHERE username = 'admin'

update cg_user set login_num=login_num+1,login_ip='114.113.222.66',time2='2015-05-20 02:49:15' where id=1

select * from cg_config

select * from cg_config

select * from cg_user where id=1

SELECT lft, rgt FROM con_menuitems WHERE classid='1' 

SELECT * FROM con_menuitems WHERE lft>=1 AND lft<=134   ORDER BY lft ASC

select * from cg_config

select * from cg_config

select * from cg_config

select * from cg_class where pid=0  and classtype=0   order by hots 

select count(*)  from cg_search where 1 

select *  from cg_search where 1  order by ctype,csearch,display limit 0,15

select * from cg_config

select * from cg_class where pid=0  and classtype=5   order by hots 

select * from cg_area   order by id 

select count(*)  from cg_banner where 1 

select *  from cg_banner where 1  order by id desc limit 0,15

select * from cg_config

select * from cg_class where pid=0  and classtype=5   order by hots 

select * from cg_area   order by id 

select count(*)  from cg_banner where 1 

select *  from cg_banner where 1  order by id desc limit 0,15

select * from cg_config

select * from cg_config

select * from cg_class where pid=0  and classtype=5   order by hots 

select * from cg_area   order by id 

select * from cg_banner where id=16

select * from cg_branch  where 1   order by id 

select * from cg_config

select * from cg_class where pid=0  and classtype=5   order by hots 

select * from cg_area   order by id 

select count(*)  from cg_banner where 1 

select *  from cg_banner where 1  order by id desc limit 0,15

select * from cg_config

select * from cg_class where pid=0  and classtype=5   order by hots 

select * from cg_area   order by id 

select * from cg_banner where id=0

select * from cg_branch  where 1   order by id 

select * from cg_config

select * from cg_class where pid=0  and classtype=5   order by hots 

select * from cg_area   order by id 

select * from cg_banner where id=16

select * from cg_branch  where 1   order by id 

select * from cg_config

