select * from cg_config

select * from cg_config

select * from cg_config

select * from cg_config

SELECT * FROM cg_user WHERE username = 'camelwu'

update cg_user set login_num=login_num+1,login_ip='117.26.229.36',time2='2015-04-19 12:45:41' where id=3

select * from cg_config

select * from cg_config

select * from cg_user where id=3

SELECT lft, rgt FROM con_menuitems WHERE classid='1' 

SELECT * FROM con_menuitems WHERE lft>=1 AND lft<=134   ORDER BY lft ASC

select * from cg_config

select * from cg_config

select * from cg_config

select * from cg_config where id=1

select * from cg_config

select * from cg_class where pid=0  and classtype=0   order by hots 

select * from cg_class where pid=0  and classtype=1   order by hots 

select * from cg_class where pid=0  and classtype=2   order by hots 

select * from cg_class where pid=0  and classtype=3   order by hots 

select * from cg_class where pid=0  and classtype=4   order by hots 

select * from cg_class where pid=0  and classtype=5   order by hots 

select * from cg_class where pid=0  and classtype=6   order by hots 

select * from cg_class where pid=0  and classtype=7   order by hots 

select * from cg_class where pid=0 and classtype=0 order by hots asc

select * from cg_config

select * from cg_config

select * from cg_class where html='undefined' limit 1

select * from cg_config

select * from cg_config

select * from cg_branch  where types=0  order by id 

select count(*)  from cg_user where 1 

select *  from cg_user where 1  order by id desc limit 0,15

select * from cg_config

select * from cg_class where pid=0  and classtype=5   order by hots 

select * from cg_area   order by id 

select count(*)  from cg_branch where 1 

select *  from cg_branch where 1  order by id desc limit 0,15

select * from cg_config

select * from cg_branch  where types=0  order by id 

select count(*)  from cg_user where 1 

select *  from cg_user where 1  order by id desc limit 0,15

select * from cg_config

select * from cg_branch  where types=0  order by id 

select * from cg_user where id=4

select * from cg_user   order by id 

SELECT lft, rgt FROM con_menuitems WHERE classid='1' 

SELECT * FROM con_menuitems WHERE lft>=1 AND lft<=134   ORDER BY lft ASC

select * from cg_config

select * from cg_branch  where types=0  order by id 

select parentid from con_menuitems where classid='42'

select parentid from con_menuitems where classid='43'

select parentid from con_menuitems where classid='44'

select parentid from con_menuitems where classid='45'

select parentid from con_menuitems where classid='46'

select parentid from con_menuitems where classid='47'

select parentid from con_menuitems where classid='48'

select parentid from con_menuitems where classid='49'

select parentid from con_menuitems where classid='50'

select parentid from con_menuitems where classid='51'

select parentid from con_menuitems where classid='52'

select parentid from con_menuitems where classid='53'

select parentid from con_menuitems where classid='54'

UPDATE cg_user SET username='zywing313', name='C18-PEG12reserved102', bid='6', position='manage', qq='', email='', tel='', fax='', mobile='', uid='3', allowstr='42,43,44,45,46,47,48,49,50,51,52,53,54', note='' WHERE id='4'

INSERT INTO cg_daily (title, remark, userid, name, ip, sys) VALUES ('cg_user', '修改了1条人员数据,ID为：4', '3', 'camelwu', '117.26.229.36', 'Mozilla/5.0 (Windows NT 6.1; WOW64) AppleWebKit/537.36 (KHTML, like Gecko) Chrome/41.0.2272.101 Safari/537.36') 

select * from cg_config

select * from cg_branch  where types=0  order by id 

select * from cg_user where id=4

select * from cg_user   order by id 

SELECT lft, rgt FROM con_menuitems WHERE classid='1' 

SELECT * FROM con_menuitems WHERE lft>=1 AND lft<=134   ORDER BY lft ASC

select * from cg_config

select * from cg_branch  where types=0  order by id 

select count(*)  from cg_user where 1 

select *  from cg_user where 1  order by id desc limit 0,15

select * from cg_config

select * from cg_branch  where types=0  order by id 

select * from cg_user where id=4

select * from cg_user   order by id 

SELECT lft, rgt FROM con_menuitems WHERE classid='1' 

SELECT * FROM con_menuitems WHERE lft>=1 AND lft<=134   ORDER BY lft ASC

select * from cg_config

select * from cg_branch  where types=0  order by id 

select * from cg_user where id=4

select * from cg_user   order by id 

SELECT lft, rgt FROM con_menuitems WHERE classid='1' 

SELECT * FROM con_menuitems WHERE lft>=1 AND lft<=134   ORDER BY lft ASC

select * from cg_config

select * from cg_config

select * from cg_branch  where types=0  order by id 

select * from cg_user where id=4

select * from cg_user   order by id 

SELECT lft, rgt FROM con_menuitems WHERE classid='1' 

SELECT * FROM con_menuitems WHERE lft>=1 AND lft<=134   ORDER BY lft ASC

select * from cg_config

select * from cg_config

select count(*)  from cg_attached where 1=1

select *  from cg_attached where 1=1 order by addtime desc limit 0,15

select * from cg_config

select * from cg_config

select * from cg_class where pid=0  and classtype=5   order by hots 

select * from cg_class where pid=0  and classtype=6   order by hots 

select * from cg_area where id=0

select * from cg_config

select * from cg_area where classid=1  and pid=0 order by region

select * from cg_config

select * from cg_class where pid=0  and classtype=5   order by hots 

select * from cg_class where pid=0  and classtype=6   order by hots 

select count(*)  from cg_area where types=0

select *  from cg_area where types=0 order by id desc limit 0,15

select * from cg_config

select * from cg_class where pid=0  and classtype=5   order by hots 

select * from cg_class where pid=0  and classtype=6   order by hots 

select count(*)  from cg_area where types=1

select *  from cg_area where types=1 order by id desc limit 0,15

select * from cg_config

select count(*)  from cg_air where types=1

select *  from cg_air where types=1 order by id desc limit 0,15

select * from cg_config

select count(*)  from cg_air where types=0

select *  from cg_air where types=0 order by id desc limit 0,15

select * from cg_config

select * from cg_class where pid=0  and classtype=5   order by hots 

select * from cg_area   order by id 

select * from cg_cost_tra_car where id=0

select * from cg_config

select * from cg_air where types=0 order by id 

select * from cg_air where types=1 order by id 

select * from cg_cost_tra_plane where id=0

select * from cg_config

select * from cg_class where pid=0  and classtype=5   order by hots 

select * from cg_area   order by id 

select * from cg_cost_tra_ship where id=0

select * from cg_config

select * from cg_class where pid=0  and classtype=5   order by hots 

select * from cg_area   order by id 

select * from cg_cost_tra_train where id=0

select * from cg_config

select * from cg_class where pid=0  and classtype=5   order by hots 

select * from cg_area   order by id 

select * from cg_class where pid=0  and classtype=7   order by hots 

select * from cg_guide where id=0

select * from cg_config

select * from cg_area where classid=1  and pid=0 order by region

select * from cg_config

select * from cg_area where classid=1  and pid=1 order by region

select * from cg_config

select * from cg_class where pid=0  and classtype=5   order by hots 

select * from cg_area   order by id 

select * from cg_class where pid=0  and classtype=7   order by hots 

select * from cg_guide where id=0

select * from cg_config

select * from cg_area where classid=1  and pid=0 order by region

select * from cg_config

select * from cg_area where classid=1  and pid=1 order by region

select * from cg_config

select * from cg_class where pid=0  and classtype=5   order by hots 

select * from cg_area   order by id 

select * from cg_branch  where types=0  order by id 

select * from cg_scenic where id=0

select * from cg_config

select * from cg_class where pid=6   order by hots

select * from cg_config

select * from cg_area where classid=1  and pid=0 order by region

select * from cg_config

select * from cg_area where classid=1  and pid=1 order by region

select * from cg_config

select * from cg_area where classid=2  and pid=0 order by region

select * from cg_config

select * from cg_area where classid=9  and pid=0 order by region

select * from cg_config

select * from cg_area where classid=9  and pid=9 order by region

select * from cg_config

select * from cg_user where id=3

SELECT lft, rgt FROM con_menuitems WHERE classid='1' 

SELECT * FROM con_menuitems WHERE lft>=1 AND lft<=134   ORDER BY lft ASC

select * from cg_config

select * from cg_config

select * from cg_config

select * from cg_config

select * from cg_config

select * from cg_config

SELECT * FROM cg_user WHERE username = 'camelwu'

update cg_user set login_num=login_num+1,login_ip='117.26.229.36',time2='2015-04-19 13:47:53' where id=3

select * from cg_config

select * from cg_config

select * from cg_user where id=3

SELECT lft, rgt FROM con_menuitems WHERE classid='1' 

SELECT * FROM con_menuitems WHERE lft>=1 AND lft<=134   ORDER BY lft ASC

select * from cg_config

select * from cg_config

select * from cg_config

select * from cg_config

select * from cg_config

select * from cg_config

select * from cg_config

select * from cg_config

select * from cg_config

select * from cg_config

select * from cg_config

select * from cg_config

select * from cg_config

select * from cg_config

select * from cg_config

select * from cg_config

select * from cg_config

select * from cg_config

select * from cg_config

select * from cg_user where id=3

SELECT lft, rgt FROM con_menuitems WHERE classid='1' 

SELECT * FROM con_menuitems WHERE lft>=1 AND lft<=134   ORDER BY lft ASC

select * from cg_config

select * from cg_user where id=3

SELECT lft, rgt FROM con_menuitems WHERE classid='1' 

SELECT * FROM con_menuitems WHERE lft>=1 AND lft<=134   ORDER BY lft ASC

select * from cg_config

select * from cg_user where id=3

SELECT lft, rgt FROM con_menuitems WHERE classid='1' 

SELECT * FROM con_menuitems WHERE lft>=1 AND lft<=134   ORDER BY lft ASC

select * from cg_config

select * from cg_class where pid=0  and classtype=5   order by hots 

select * from cg_area   order by id 

select * from cg_branch  where types=0  order by id 

select * from cg_scenic where id=0

select * from cg_config

select * from cg_class where pid=6   order by hots

select * from cg_config

select * from cg_area where classid=1  and pid=0 order by region

select * from cg_config

select * from cg_area where classid=1  and pid=1 order by region

select * from cg_config

select * from cg_class where pid=0  and classtype=5   order by hots 

select * from cg_area   order by id 

select * from cg_cost_tra_car where id=0

select * from cg_config

select * from cg_air where types=0 order by id 

select * from cg_air where types=1 order by id 

select * from cg_cost_tra_plane where id=0

select * from cg_config

select * from cg_class where pid=0  and classtype=5   order by hots 

select * from cg_area   order by id 

select * from cg_cost_tra_car where id=0

select * from cg_config

select count(*)  from (select p.*,t.hid,t.title name,t.departure,t.price1 price_1,t.price2 price_2,t.types,t.ctype,t.userid uid,t.op_type optype,t.op_user opuser,concat_ws(',',p.title,p.info_id,IFNULL(p.keywords,' '),IFNULL(p.remark,' ')) keyword from cg_product_route_sale t,cg_product_route p where t.id=p.id and p.id) result where ctype=0 and uid=3

select *  from (select p.*,t.hid,t.title name,t.departure,t.price1 price_1,t.price2 price_2,t.types,t.ctype,t.userid uid,t.op_type optype,t.op_user opuser,concat_ws(',',p.title,p.info_id,IFNULL(p.keywords,' '),IFNULL(p.remark,' ')) keyword from cg_product_route_sale t,cg_product_route p where t.id=p.id and p.id) result where ctype=0 and uid=3 order by hid desc limit 0,15

select * from cg_config

select count(*)  from (select p.*,t.hid,t.title name,t.departure,t.price1 price_1,t.price2 price_2,t.types,t.ctype,t.userid uid,t.op_type optype,t.op_user opuser,concat_ws(',',p.title,p.info_id,IFNULL(p.keywords,' '),IFNULL(p.remark,' ')) keyword from cg_product_route_sale t,cg_product_route p where t.id=p.id and p.id) result where ctype=0 and uid!=3

select *  from (select p.*,t.hid,t.title name,t.departure,t.price1 price_1,t.price2 price_2,t.types,t.ctype,t.userid uid,t.op_type optype,t.op_user opuser,concat_ws(',',p.title,p.info_id,IFNULL(p.keywords,' '),IFNULL(p.remark,' ')) keyword from cg_product_route_sale t,cg_product_route p where t.id=p.id and p.id) result where ctype=0 and uid!=3 order by hid desc limit 0,15

select * from cg_config

select count(*)  from (select p.*,t.hid,t.title name,t.departure,t.price1 price_1,t.price2 price_2,t.types,t.ctype,t.userid uid,t.op_type optype,t.op_user opuser,concat_ws(',',p.title,p.info_id,IFNULL(p.keywords,' '),IFNULL(p.remark,' ')) keyword from cg_product_route_sale t,cg_product_route p where t.id=p.id and p.id) result where ctype=1 and uid=3

select *  from (select p.*,t.hid,t.title name,t.departure,t.price1 price_1,t.price2 price_2,t.types,t.ctype,t.userid uid,t.op_type optype,t.op_user opuser,concat_ws(',',p.title,p.info_id,IFNULL(p.keywords,' '),IFNULL(p.remark,' ')) keyword from cg_product_route_sale t,cg_product_route p where t.id=p.id and p.id) result where ctype=1 and uid=3 order by hid desc limit 0,15

select * from cg_config

select * from cg_branch  where types=0  order by id 

select * from cg_class where pid=0  and classtype=0   order by hots 

select * from cg_class where 1  and classtype=0 and pid!=0  order by hots 

select count(*) from (select *, concat_ws(',',title,IFNULL(keywords,' '),IFNULL(remark,' '),op_user) keyword from cg_product_route) result where userid=3

select * from (select *, concat_ws(',',title,IFNULL(keywords,' '),IFNULL(remark,' '),op_user) keyword from cg_product_route) result where userid=3 order by id desc limit 0,15

select * from cg_config

select * from cg_config

select * from cg_product_route where id=419

select * from cg_class where pid=0  and classtype=5   order by hots 

select * from cg_area   order by id 

select count(*)  from cg_product_route_do where types=0 and ctype=0 and id=419

select *  from cg_product_route_do where types=0 and ctype=0 and id=419 order by hid 

select * from cg_config

select * from cg_product_route where id=419

select * from cg_class where pid=0  and classtype=5   order by hots 

select * from cg_area   order by id 

select * from cg_product_route_do where hid=0

select * from cg_config

select * from cg_product_route where id=419

select * from cg_class where pid=0  and classtype=5   order by hots 

select * from cg_area   order by id 

INSERT INTO cg_product_route_do (types, ctype, id, title, pass, price, time, url, userid, op_user) VALUES ('0', '0', '419', '测试原因', '1', '10', '2015-04-19', '', '3', 'camelwu') 

update cg_product_route set num=(select count(*) from cg_product_route_do where id=419 and ctype=0) where id=419

update cg_product_route set num1=(select count(*) from cg_product_route_do where id=419 and ctype=1) where id=419

INSERT INTO cg_daily (title, remark, userid, name, ip, sys) VALUES ('cg_line', '删除了1条线路价格数据,ID为：4', '3', 'camelwu', '117.26.229.36', 'Mozilla/5.0 (Windows NT 6.1; WOW64) AppleWebKit/537.36 (KHTML, like Gecko) Chrome/41.0.2272.101 Safari/537.36') 

select * from cg_config

select * from cg_product_route where id=419

select * from cg_class where pid=0  and classtype=5   order by hots 

select * from cg_area   order by id 

select count(*)  from cg_product_route_do where types=0 and ctype=0 and id=419

select *  from cg_product_route_do where types=0 and ctype=0 and id=419 order by hid 

select * from cg_config

select * from cg_config

select * from cg_config

select * from cg_config

