select * from cg_config

select * from cg_config

SELECT * FROM cg_user WHERE username = 'admin'

update cg_user set login_num=login_num+1,login_ip='111.132.13.225',time2='2015-07-01 00:59:14' where id=1

select * from cg_config

select * from cg_config

select * from cg_user where id=1

SELECT lft, rgt FROM con_menuitems WHERE classid='1' 

SELECT * FROM con_menuitems WHERE lft>=1 AND lft<=134   ORDER BY lft ASC

select * from cg_config

select * from cg_config

select * from cg_config

select * from cg_config

select * from cg_class where pid=0  and classtype=5   order by hots 

select * from cg_class where pid=0  and classtype=6   order by hots 

select count(*)  from cg_area t  where types=0

select *,(select title from cg_area where id=t.pid) as pidname  from cg_area t  where types=0 order by id desc limit 0,15

select * from cg_config

select * from cg_config

SELECT * FROM cg_user WHERE username = 'admin'

update cg_user set login_num=login_num+1,login_ip='111.132.13.225',time2='2015-07-01 02:08:52' where id=1

select * from cg_config

select * from cg_config

select * from cg_user where id=1

SELECT lft, rgt FROM con_menuitems WHERE classid='1' 

SELECT * FROM con_menuitems WHERE lft>=1 AND lft<=134   ORDER BY lft ASC

select * from cg_config

select * from cg_config

select * from cg_config

select * from cg_class where pid=0  and classtype=5   order by hots 

select * from cg_class where pid=0  and classtype=6   order by hots 

select count(*)  from cg_area t  where types=0

select *,(select title from cg_area where id=t.pid) as pidname  from cg_area t  where types=0 order by id desc limit 0,15

select * from cg_config

select * from cg_class where pid=0  and classtype=5   order by hots 

select * from cg_class where pid=0  and classtype=6   order by hots 

select * from cg_area where id=143

select * from cg_config

select * from cg_area where classid=2  and pid=0 order by region

select * from cg_config

select * from cg_class where pid=0  and classtype=5   order by hots 

select * from cg_class where pid=0  and classtype=6   order by hots 

INSERT INTO cg_attached (filepath, ext, sizes, userid, name) VALUES ('/1/1435717268797.jpg', 'image/pjpeg', '39.3857421875', '1', 'admin') 

UPDATE cg_area SET id='143', types='0', title='尼泊尔', classid='2', word='尼泊尔 <br />
尼泊尔，全称尼泊尔联邦民主共和国（Federal&nbsp;Democratic&nbsp;Republic&nbsp;of&nbsp;Nepal）为南亚山区内陆国家，位于喜马拉雅山南麓，北邻中国，其余三面与印度接壤。尼泊尔是亚洲的古国之一，在前6世纪，尼泊尔人就已在加德满都河谷一带定居。尼泊尔国会于2008年5月28日宣布废除君主制，结束了280多年的沙阿王朝，成立尼泊尔联邦民主共和国，实现共和制。全国近80%人口务农。尼泊尔与印度因为人种文化接近，关系特殊，所以不用签证即可到达对方国内，导致孟买有大量尼泊尔娼妓，尼泊尔也有大量印度工人。尼泊尔语是尼泊尔的官方语言。', attention='', info='', url='/1/1435717268797.jpg', status='1', region='niboer', userid='1', op_user='admin' WHERE id='143'

INSERT INTO cg_daily (title, remark, userid, name, ip, sys) VALUES ('cg_area', '修改了1条地域数据,ID为：143', '1', 'admin', '111.132.13.225', 'Mozilla/4.0 (compatible; MSIE 7.0; Windows NT 5.1; Trident/4.0; .NET CLR 1.1.4322; .NET CLR 2.0.50727)') 

select * from cg_config

select * from cg_class where pid=0  and classtype=5   order by hots 

select * from cg_class where pid=0  and classtype=6   order by hots 

select count(*)  from cg_area t  where types=0

select *,(select title from cg_area where id=t.pid) as pidname  from cg_area t  where types=0 order by id desc limit 0,15

select * from cg_config

select * from cg_class where pid=0  and classtype=5   order by hots 

select * from cg_class where pid=0  and classtype=6   order by hots 

select * from cg_area where id=220

select * from cg_config

select * from cg_area where classid=1  and pid=0 order by region

select * from cg_config

select * from cg_class where pid=0  and classtype=5   order by hots 

select * from cg_class where pid=0  and classtype=6   order by hots 

select count(*)  from cg_area t  where types=0 and title like '%尼泊尔%'

select *,(select title from cg_area where id=t.pid) as pidname  from cg_area t  where types=0 and title like '%尼泊尔%' order by id desc limit 0,15

select * from cg_config

select * from cg_class where pid=0  and classtype=5   order by hots 

select * from cg_class where pid=0  and classtype=6   order by hots 

delete from cg_area where id =220

INSERT INTO cg_daily (title, remark, userid, name, ip, sys) VALUES ('cg_area', '删除了1条地域数据,ID为：220', '1', 'admin', '111.132.13.225', 'Mozilla/4.0 (compatible; MSIE 7.0; Windows NT 5.1; Trident/4.0; .NET CLR 1.1.4322; .NET CLR 2.0.50727)') 

select * from cg_config

select * from cg_class where pid=0  and classtype=5   order by hots 

select * from cg_class where pid=0  and classtype=6   order by hots 

select count(*)  from cg_area t  where types=0

select *,(select title from cg_area where id=t.pid) as pidname  from cg_area t  where types=0 order by id desc limit 0,15

select * from cg_config

select * from cg_class where pid=0  and classtype=5   order by hots 

select * from cg_class where pid=0  and classtype=6   order by hots 

delete from cg_area where id =220

INSERT INTO cg_daily (title, remark, userid, name, ip, sys) VALUES ('cg_area', '删除了1条地域数据,ID为：220', '', '', '101.226.33.202', 'Mozilla/5.0 (Linux; U; Android 4.4.2; zh-cn; GT-I9500 Build/KOT49H) AppleWebKit/537.36 (KHTML, like Gecko)Version/4.0 MQQBrowser/5.0 QQ-Manager Mobile Safari/537.36') 

select * from cg_config

select * from cg_class where pid=0  and classtype=5   order by hots 

select * from cg_class where pid=0  and classtype=6   order by hots 

select count(*)  from cg_area t  where types=0

select *,(select title from cg_area where id=t.pid) as pidname  from cg_area t  where types=0 order by id desc limit 0,15

select * from cg_config

