select * from cg_config

select * from cg_config

select * from cg_config

select * from cg_config

SELECT * FROM cg_user WHERE username = 'admin'

update cg_user set login_num=login_num+1,login_ip='223.72.84.14',time2='2015-05-24 12:52:15' where id=1

select * from cg_config

select * from cg_config

select * from cg_user where id=1

SELECT lft, rgt FROM con_menuitems WHERE classid='1' 

SELECT * FROM con_menuitems WHERE lft>=1 AND lft<=134   ORDER BY lft ASC

select * from cg_config

select * from cg_config

select * from cg_config

select * from cg_class where pid=0  and classtype=0   order by hots 

select count(*)  from cg_search where 1 

select *  from cg_search where 1  order by ctype,csearch,display limit 0,15

select * from cg_config

select * from cg_class where pid=0  and classtype=0   order by hots 

select * from cg_search where ckey='xvnw'

select * from cg_config

select * from cg_class where pid=0  and classtype=5   order by hots 

select * from cg_config

select * from cg_search where ckey='xvnw' limit 1

select * from cg_search where ckey='gpjn' limit 1

select * from cg_config

select * from cg_class where pid=0  and classtype=0   order by hots 

select * from cg_class where pid=0  and classtype=1   order by hots 

select * from cg_class where pid=0  and classtype=2   order by hots 

select * from cg_class where pid=0  and classtype=3   order by hots 

select * from cg_class where pid=0  and classtype=4   order by hots 

select * from cg_class where pid=0  and classtype=5   order by hots 

select * from cg_class where pid=0  and classtype=6   order by hots 

select * from cg_class where pid=0  and classtype=7   order by hots 

select * from cg_class where pid=0 and classtype=0 order by hots asc

select * from cg_config

select * from cg_config

select * from cg_class where html='undefined' limit 1

select * from cg_config

select * from cg_config

select * from cg_class where pid=0  and classtype=0   order by hots 

select * from cg_search where ckey='lsem'

select * from cg_config

select * from cg_search where ckey='lsem' limit 1

select * from cg_search where ckey='pxdj' limit 1

select * from cg_config

select * from cg_class where pid=0  and classtype=5   order by hots 

select * from cg_config

select * from cg_class where pid=0  and classtype=0   order by hots 

select * from cg_class where pid=0  and classtype=1   order by hots 

select * from cg_class where pid=0  and classtype=2   order by hots 

select * from cg_class where pid=0  and classtype=3   order by hots 

select * from cg_class where pid=0  and classtype=4   order by hots 

select * from cg_class where pid=0  and classtype=5   order by hots 

select * from cg_class where pid=0  and classtype=6   order by hots 

select * from cg_class where pid=0  and classtype=7   order by hots 

select * from cg_class where pid=0 and classtype=0 order by hots asc

select * from cg_config

select * from cg_class where html='undefined' limit 1

select * from cg_config

select * from cg_config

select * from cg_config

select * from cg_class where pid=0  and classtype=0   order by hots 

select * from cg_class where pid=0  and classtype=1   order by hots 

select * from cg_class where pid=0  and classtype=2   order by hots 

select * from cg_class where pid=0  and classtype=3   order by hots 

select * from cg_class where pid=0  and classtype=4   order by hots 

select * from cg_class where pid=0  and classtype=5   order by hots 

select * from cg_class where pid=0  and classtype=6   order by hots 

select * from cg_class where pid=0  and classtype=7   order by hots 

select * from cg_class where pid=0 and classtype=2 order by hots asc

select * from cg_config

select * from cg_config

select * from cg_class where html='undefined' limit 1

select * from cg_config

select * from cg_config

select * from cg_class where pid=0  and classtype=0   order by hots 

select * from cg_class where pid=0  and classtype=1   order by hots 

select * from cg_class where pid=0  and classtype=2   order by hots 

select * from cg_class where pid=0  and classtype=3   order by hots 

select * from cg_class where pid=0  and classtype=4   order by hots 

select * from cg_class where pid=0  and classtype=5   order by hots 

select * from cg_class where pid=0  and classtype=6   order by hots 

select * from cg_class where pid=0  and classtype=7   order by hots 

select * from cg_class where pid=0 and classtype=2 order by hots asc

select * from cg_config

select * from cg_config

select * from cg_class where html='undefined' limit 1

select * from cg_config

select * from cg_config

select * from cg_class where pid=0  and classtype=0   order by hots 

select * from cg_class where pid=0  and classtype=1   order by hots 

select * from cg_class where pid=0  and classtype=2   order by hots 

select * from cg_class where pid=0  and classtype=3   order by hots 

select * from cg_class where pid=0  and classtype=4   order by hots 

select * from cg_class where pid=0  and classtype=5   order by hots 

select * from cg_class where pid=0  and classtype=6   order by hots 

select * from cg_class where pid=0  and classtype=7   order by hots 

select * from cg_class where pid=0 and classtype=0 order by hots asc

select * from cg_config

select * from cg_config

select * from cg_class where html='undefined' limit 1

select * from cg_config

select * from cg_config

select * from cg_class where pid=0  and classtype=0   order by hots 

select * from cg_class where pid=0  and classtype=1   order by hots 

select * from cg_class where pid=0  and classtype=2   order by hots 

select * from cg_class where pid=0  and classtype=3   order by hots 

select * from cg_class where pid=0  and classtype=4   order by hots 

select * from cg_class where pid=0  and classtype=5   order by hots 

select * from cg_class where pid=0  and classtype=6   order by hots 

select * from cg_class where pid=0  and classtype=7   order by hots 

select * from cg_class where pid=0 and classtype=2 order by hots asc

select * from cg_config

select * from cg_config

select * from cg_class where html='undefined' limit 1

select * from cg_config

select * from cg_config

select * from cg_class where pid=0  and classtype=5   order by hots 

select * from cg_area   order by id 

select * from cg_class where pid=0  and classtype=4   order by hots 

select * from cg_scenic where id=0

select * from cg_config

select * from cg_config

select * from cg_area where classid=1  and pid=0 order by region

select * from cg_config

select * from cg_area where classid=1  and pid=1 order by region

select * from cg_config

select * from cg_class where pid=0  and classtype=5   order by hots 

select * from cg_area   order by id 

select * from cg_class where pid=0  and classtype=4   order by hots 

select * from cg_scenic where id=0

select * from cg_config

select * from cg_class where pid=78   order by hots

select * from cg_config

select * from cg_area where classid=1  and pid=0 order by region

select * from cg_config

select * from cg_area where classid=1  and pid=1 order by region

select * from cg_config

select * from cg_class where pid=0  and classtype=5   order by hots 

select * from cg_area   order by id 

select * from cg_class where pid=0  and classtype=4   order by hots 

select * from cg_scenic where id=0

select * from cg_config

select * from cg_config

select * from cg_area where classid=1  and pid=0 order by region

select * from cg_config

select * from cg_area where classid=1  and pid=1 order by region

select * from cg_config

select * from cg_user where id=1

SELECT lft, rgt FROM con_menuitems WHERE classid='1' 

SELECT * FROM con_menuitems WHERE lft>=1 AND lft<=134   ORDER BY lft ASC

select * from cg_config

select * from cg_class where pid=0  and classtype=0   order by hots 

select * from cg_class where pid=0  and classtype=1   order by hots 

select * from cg_class where pid=0  and classtype=2   order by hots 

select * from cg_class where pid=0  and classtype=3   order by hots 

select * from cg_class where pid=0  and classtype=4   order by hots 

select * from cg_class where pid=0  and classtype=5   order by hots 

select * from cg_class where pid=0  and classtype=6   order by hots 

select * from cg_class where pid=0  and classtype=7   order by hots 

select * from cg_class where pid=0 and classtype=0 order by hots asc

select * from cg_config

select * from cg_config

select * from cg_class where html='undefined' limit 1

select * from cg_config

select * from cg_config

select * from cg_class where pid=0  and classtype=0   order by hots 

select * from cg_class where pid=0  and classtype=1   order by hots 

select * from cg_class where pid=0  and classtype=2   order by hots 

select * from cg_class where pid=0  and classtype=3   order by hots 

select * from cg_class where pid=0  and classtype=4   order by hots 

select * from cg_class where pid=0  and classtype=5   order by hots 

select * from cg_class where pid=0  and classtype=6   order by hots 

select * from cg_class where pid=0  and classtype=7   order by hots 

select * from cg_class where pid=91 and classtype=2 order by hots asc

select * from cg_config

select * from cg_config

select * from cg_class where html='undefined' limit 1

select * from cg_config

select * from cg_config

select * from cg_class where pid=0  and classtype=0   order by hots 

select * from cg_class where pid=0  and classtype=1   order by hots 

select * from cg_class where pid=0  and classtype=2   order by hots 

select * from cg_class where pid=0  and classtype=3   order by hots 

select * from cg_class where pid=0  and classtype=4   order by hots 

select * from cg_class where pid=0  and classtype=5   order by hots 

select * from cg_class where pid=0  and classtype=6   order by hots 

select * from cg_class where pid=0  and classtype=7   order by hots 

select * from cg_class where pid=0 and classtype=2 order by hots asc

select * from cg_config

select * from cg_config

select * from cg_class where html='undefined' limit 1

select * from cg_config

select * from cg_config

select * from cg_class where id=91

select * from cg_config

select * from cg_class where pid=0  and classtype=2   order by hots 

select * from cg_config

select * from cg_class where html='mbxk' limit 1

select * from cg_config

select max(hots)+1 from cg_class where classtype=2 

select * from cg_config

select * from cg_config

select * from cg_class where id=92

select * from cg_config

select * from cg_class where pid=0  and classtype=2   order by hots 

select * from cg_config

select * from cg_class where html='shnj' limit 1

select * from cg_config

select * from cg_config

select * from cg_config

select * from cg_class where id=92

select * from cg_config

select * from cg_class where pid=0  and classtype=2   order by hots 

select * from cg_config

select * from cg_class where pid=0  and classtype=5   order by hots 

select * from cg_area   order by id 

select * from cg_class where pid=0  and classtype=4   order by hots 

select * from cg_scenic where id=0

select * from cg_config

select * from cg_class where html='shnj' limit 1

select * from cg_config

select * from cg_config

select * from cg_config

select * from cg_area where classid=1  and pid=0 order by region

select * from cg_config

select * from cg_area where classid=1  and pid=1 order by region

select * from cg_config

select * from cg_config

select * from cg_class where pid=0  and classtype=5   order by hots 

select * from cg_area   order by id 

select * from cg_class where pid=0  and classtype=4   order by hots 

select * from cg_scenic where id=0

select * from cg_config

select * from cg_area where classid=1  and pid=0 order by region

select * from cg_config

select * from cg_config

select * from cg_area where classid=1  and pid=1 order by region

select * from cg_config

select * from cg_config

select * from cg_config

select * from cg_class where pid=0  and classtype=0   order by hots 

select count(*)  from cg_search where 1 

select *  from cg_search where 1  order by ctype,csearch,display limit 0,15

select * from cg_config

select * from cg_class where pid=0  and classtype=0   order by hots 

select * from cg_search where ckey='irax'

select * from cg_config

select * from cg_search where ckey='irax' limit 1

select * from cg_search where ckey='xmsq' limit 1

select * from cg_config

select * from cg_class where pid=0  and classtype=5   order by hots 

select * from cg_config

select * from cg_class where pid=0  and classtype=0   order by hots 

select * from cg_search where ckey='uscy'

select * from cg_config

select * from cg_search where ckey='uscy' limit 1

select * from cg_search where ckey='esak' limit 1

select * from cg_config

select * from cg_class where pid=0  and classtype=5   order by hots 

select * from cg_config

select * from cg_class where pid=0  and classtype=0   order by hots 

select * from cg_search where ckey='xvnw'

select * from cg_config

select * from cg_search where ckey='xvnw' limit 1

select * from cg_search where ckey='jydp' limit 1

select * from cg_config

select * from cg_class where pid=0  and classtype=5   order by hots 

select * from cg_config

select * from cg_area where pid=0 order by region,id

select * from cg_config

select * from cg_area where pid>0 order by pid,region

select * from cg_config

select * from cg_cost_tra_ship 

select * from cg_config

select * from cg_area where pid>0 order by pid,region

select * from cg_config

select * from cg_class where pid=0  and classtype=0   order by hots 

UPDATE cg_search SET ckey='xvnw', ctitle='厦门', ctype='112', csearch='0', display='1', cmin='190', cselected='2' WHERE ckey='xvnw'

INSERT INTO cg_daily (title, remark, userid, name, ip, sys) VALUES ('cg_search', '修改了1条搜索数据,ID为：xvnw', '1', 'admin', '223.72.84.111', 'Mozilla/5.0 (Windows NT 6.1; WOW64) AppleWebKit/537.36 (KHTML, like Gecko) Chrome/41.0.2272.101 Safari/537.36') 

select * from cg_config

select * from cg_class where pid=0  and classtype=0   order by hots 

select count(*)  from cg_search where 1 

select *  from cg_search where 1  order by ctype,csearch,display limit 0,15

select * from cg_config

select * from cg_class where pid=0  and classtype=0   order by hots 

select * from cg_search where ckey='azyn'

select * from cg_config

select * from cg_class where pid=0  and classtype=5   order by hots 

select * from cg_config

select * from cg_search where ckey='azyn' limit 1

select * from cg_search where ckey='wuth' limit 1

select * from cg_config

select * from cg_class where pid=0  and classtype=0   order by hots 

select * from cg_search where ckey='eqyc'

select * from cg_config

select * from cg_search where ckey='eqyc' limit 1

select * from cg_search where ckey='dpgx' limit 1

select * from cg_config

select * from cg_class where pid=0  and classtype=5   order by hots 

select * from cg_config

select * from cg_area where pid=0 order by region,id

select * from cg_config

select * from cg_area where pid>0 order by pid,region

select * from cg_config

select * from cg_class where pid=0  and classtype=0   order by hots 

select * from cg_class where pid=0  and classtype=1   order by hots 

select * from cg_class where pid=0  and classtype=2   order by hots 

select * from cg_class where pid=0  and classtype=3   order by hots 

select * from cg_class where pid=0  and classtype=4   order by hots 

select * from cg_class where pid=0  and classtype=5   order by hots 

select * from cg_class where pid=0  and classtype=6   order by hots 

select * from cg_class where pid=0  and classtype=7   order by hots 

select * from cg_class where pid=0 and classtype=0 order by hots asc

select * from cg_config

select * from cg_config

select * from cg_class where html='undefined' limit 1

select * from cg_config

select * from cg_config

select * from cg_class where pid=0  and classtype=0   order by hots 

select * from cg_class where pid=0  and classtype=1   order by hots 

select * from cg_class where pid=0  and classtype=2   order by hots 

select * from cg_class where pid=0  and classtype=3   order by hots 

select * from cg_class where pid=0  and classtype=4   order by hots 

select * from cg_class where pid=0  and classtype=5   order by hots 

select * from cg_class where pid=0  and classtype=6   order by hots 

select * from cg_class where pid=0  and classtype=7   order by hots 

select * from cg_class where pid=0 and classtype=0 order by hots asc

select * from cg_config

select * from cg_config

select * from cg_class where html='undefined' limit 1

select * from cg_config

select * from cg_config

select * from cg_class where pid=0  and classtype=0   order by hots 

select * from cg_class where pid=0  and classtype=1   order by hots 

select * from cg_class where pid=0  and classtype=2   order by hots 

select * from cg_class where pid=0  and classtype=3   order by hots 

select * from cg_class where pid=0  and classtype=4   order by hots 

select * from cg_class where pid=0  and classtype=5   order by hots 

select * from cg_class where pid=0  and classtype=6   order by hots 

select * from cg_class where pid=0  and classtype=7   order by hots 

select * from cg_class where pid=0  and classtype=8   order by hots 

select * from cg_class where pid=0  and classtype=9   order by hots 

select * from cg_class where pid=0 and classtype=0 order by hots asc

select * from cg_config

select * from cg_config

select * from cg_class where html='undefined' limit 1

select * from cg_config

select * from cg_config

select * from cg_class where pid=0  and classtype=0   order by hots 

select * from cg_class where pid=0  and classtype=1   order by hots 

select * from cg_class where pid=0  and classtype=2   order by hots 

select * from cg_class where pid=0  and classtype=3   order by hots 

select * from cg_class where pid=0  and classtype=4   order by hots 

select * from cg_class where pid=0  and classtype=5   order by hots 

select * from cg_class where pid=0  and classtype=6   order by hots 

select * from cg_class where pid=0  and classtype=7   order by hots 

select * from cg_class where pid=0  and classtype=8   order by hots 

select * from cg_class where pid=0  and classtype=9   order by hots 

select * from cg_class where pid=91 and classtype=2 order by hots asc

select * from cg_config

select * from cg_config

select * from cg_class where html='undefined' limit 1

select * from cg_config

select * from cg_config

select * from cg_class where pid=0  and classtype=0   order by hots 

select * from cg_class where pid=0  and classtype=1   order by hots 

select * from cg_class where pid=0  and classtype=2   order by hots 

select * from cg_class where pid=0  and classtype=3   order by hots 

select * from cg_class where pid=0  and classtype=4   order by hots 

select * from cg_class where pid=0  and classtype=5   order by hots 

select * from cg_class where pid=0  and classtype=6   order by hots 

select * from cg_class where pid=0  and classtype=7   order by hots 

select * from cg_class where pid=0  and classtype=8   order by hots 

select * from cg_class where pid=0  and classtype=9   order by hots 

select * from cg_class where pid=0 and classtype=2 order by hots asc

select * from cg_config

select * from cg_config

select * from cg_class where html='undefined' limit 1

select * from cg_config

select * from cg_config

select * from cg_class where id=91

select * from cg_config

select * from cg_class where pid=0  and classtype=2   order by hots 

select * from cg_config

select * from cg_class where html='mbxk' limit 1

select * from cg_config

select max(hots)+1 from cg_class where classtype=2 

select * from cg_config

select * from cg_class where pid=0  and classtype=9   order by hots 

select * from cg_config

select * from cg_config

UPDATE cg_class SET title='食品', html='mbxk', classtype='9', hots='2', pid='0', userid='1' WHERE id='91'

INSERT INTO cg_daily (title, remark, userid, name, ip, sys) VALUES ('cg_class', '修改了1条分类数据,ID为：91', '1', 'admin', '223.72.84.111', 'Mozilla/5.0 (Windows NT 6.1; WOW64) AppleWebKit/537.36 (KHTML, like Gecko) Chrome/41.0.2272.101 Safari/537.36') 

select * from cg_config

select * from cg_class where pid=0  and classtype=0   order by hots 

select * from cg_class where pid=0  and classtype=1   order by hots 

select * from cg_class where pid=0  and classtype=2   order by hots 

select * from cg_class where pid=0  and classtype=3   order by hots 

select * from cg_class where pid=0  and classtype=4   order by hots 

select * from cg_class where pid=0  and classtype=5   order by hots 

select * from cg_class where pid=0  and classtype=6   order by hots 

select * from cg_class where pid=0  and classtype=7   order by hots 

select * from cg_class where pid=0  and classtype=8   order by hots 

select * from cg_class where pid=0  and classtype=9   order by hots 

select * from cg_class where pid=0 and classtype=9 order by hots asc

select * from cg_config

select * from cg_config

select * from cg_class where html='undefined' limit 1

select * from cg_config

select * from cg_class where pid=0  and classtype=0   order by hots 

select * from cg_class where pid=0  and classtype=1   order by hots 

select * from cg_class where pid=0  and classtype=2   order by hots 

select * from cg_class where pid=0  and classtype=3   order by hots 

select * from cg_class where pid=0  and classtype=4   order by hots 

select * from cg_class where pid=0  and classtype=5   order by hots 

select * from cg_class where pid=0  and classtype=6   order by hots 

select * from cg_class where pid=0  and classtype=7   order by hots 

select * from cg_class where pid=0  and classtype=8   order by hots 

select * from cg_class where pid=0  and classtype=9   order by hots 

select * from cg_class where pid=0 and classtype=2 order by hots asc

select * from cg_config

select * from cg_config

select * from cg_class where id=92

select * from cg_config

select * from cg_class where pid=0  and classtype=2   order by hots 

select * from cg_config

select * from cg_class where html='shnj' limit 1

select * from cg_config

select * from cg_config

UPDATE cg_class SET title='工艺品', html='shnj', classtype='9', hots='1', pid='0', userid='1' WHERE id='92'

INSERT INTO cg_daily (title, remark, userid, name, ip, sys) VALUES ('cg_class', '修改了1条分类数据,ID为：92', '1', 'admin', '223.72.84.111', 'Mozilla/5.0 (Windows NT 6.1; WOW64) AppleWebKit/537.36 (KHTML, like Gecko) Chrome/41.0.2272.101 Safari/537.36') 

select * from cg_config

select * from cg_class where pid=0  and classtype=0   order by hots 

select * from cg_class where pid=0  and classtype=1   order by hots 

select * from cg_class where pid=0  and classtype=2   order by hots 

select * from cg_class where pid=0  and classtype=3   order by hots 

select * from cg_class where pid=0  and classtype=4   order by hots 

select * from cg_class where pid=0  and classtype=5   order by hots 

select * from cg_class where pid=0  and classtype=6   order by hots 

select * from cg_class where pid=0  and classtype=7   order by hots 

select * from cg_class where pid=0  and classtype=8   order by hots 

select * from cg_class where pid=0  and classtype=9   order by hots 

select * from cg_class where pid=0 and classtype=9 order by hots asc

select * from cg_config

select * from cg_config

select * from cg_class where html='undefined' limit 1

select * from cg_config

select * from cg_config

select * from cg_class where pid=0  and classtype=0   order by hots 

select * from cg_class where pid=0  and classtype=1   order by hots 

select * from cg_class where pid=0  and classtype=2   order by hots 

select * from cg_class where pid=0  and classtype=3   order by hots 

select * from cg_class where pid=0  and classtype=4   order by hots 

select * from cg_class where pid=0  and classtype=5   order by hots 

select * from cg_class where pid=0  and classtype=6   order by hots 

select * from cg_class where pid=0  and classtype=7   order by hots 

select * from cg_class where pid=0  and classtype=8   order by hots 

select * from cg_class where pid=0  and classtype=9   order by hots 

select * from cg_class where pid=0 and classtype=2 order by hots asc

select * from cg_config

select * from cg_class where html='rhij' limit 1

select * from cg_config

select * from cg_class where html='rhij' limit 1

select * from cg_config

INSERT INTO cg_class (title, html, classtype, hots, pid, userid) VALUES ('赴台证', 'rhij', '2', '0', '0', '1') 

INSERT INTO cg_daily (title, remark, userid, name, ip, sys) VALUES ('cg_class', '添加了1条分类数据,ID为：150', '1', 'admin', '223.72.84.111', 'Mozilla/5.0 (Windows NT 6.1; WOW64) AppleWebKit/537.36 (KHTML, like Gecko) Chrome/41.0.2272.101 Safari/537.36') 

select * from cg_config

select * from cg_class where pid=0  and classtype=0   order by hots 

select * from cg_class where pid=0  and classtype=1   order by hots 

select * from cg_class where pid=0  and classtype=2   order by hots 

select * from cg_class where pid=0  and classtype=3   order by hots 

select * from cg_class where pid=0  and classtype=4   order by hots 

select * from cg_class where pid=0  and classtype=5   order by hots 

select * from cg_class where pid=0  and classtype=6   order by hots 

select * from cg_class where pid=0  and classtype=7   order by hots 

select * from cg_class where pid=0  and classtype=8   order by hots 

select * from cg_class where pid=0  and classtype=9   order by hots 

select * from cg_class where pid=0 and classtype=2 order by hots asc

select * from cg_config

select * from cg_config

select * from cg_class where html='undefined' limit 1

select * from cg_config

select * from cg_class where html='nopt' limit 1

select * from cg_config

select * from cg_class where pid=0  and classtype=2   order by hots 

select * from cg_config

select * from cg_class where html='nopt' limit 1

select * from cg_config

select max(hots)+1 from cg_class where classtype=2 

select * from cg_config

INSERT INTO cg_class (title, html, classtype, hots, pid, userid) VALUES ('港澳通行证', 'nopt', '2', '1', '0', '1') 

INSERT INTO cg_daily (title, remark, userid, name, ip, sys) VALUES ('cg_class', '添加了1条分类数据,ID为：151', '1', 'admin', '223.72.84.111', 'Mozilla/5.0 (Windows NT 6.1; WOW64) AppleWebKit/537.36 (KHTML, like Gecko) Chrome/41.0.2272.101 Safari/537.36') 

select * from cg_config

select * from cg_class where pid=0  and classtype=0   order by hots 

select * from cg_class where pid=0  and classtype=1   order by hots 

select * from cg_class where pid=0  and classtype=2   order by hots 

select * from cg_class where pid=0  and classtype=3   order by hots 

select * from cg_class where pid=0  and classtype=4   order by hots 

select * from cg_class where pid=0  and classtype=5   order by hots 

select * from cg_class where pid=0  and classtype=6   order by hots 

select * from cg_class where pid=0  and classtype=7   order by hots 

select * from cg_class where pid=0  and classtype=8   order by hots 

select * from cg_class where pid=0  and classtype=9   order by hots 

select * from cg_class where pid=0 and classtype=2 order by hots asc

select * from cg_config

select * from cg_config

select * from cg_class where html='undefined' limit 1

select * from cg_config

select * from cg_config

select * from cg_class where html='diez' limit 1

select * from cg_config

select * from cg_class where pid=0  and classtype=2   order by hots 

select * from cg_config

select * from cg_class where html='diez' limit 1

select * from cg_config

select max(hots)+1 from cg_class where classtype=2 

select * from cg_config

INSERT INTO cg_class (title, html, classtype, hots, pid, userid) VALUES ('个人签证', 'diez', '2', '2', '0', '1') 

INSERT INTO cg_daily (title, remark, userid, name, ip, sys) VALUES ('cg_class', '添加了1条分类数据,ID为：152', '1', 'admin', '223.72.84.111', 'Mozilla/5.0 (Windows NT 6.1; WOW64) AppleWebKit/537.36 (KHTML, like Gecko) Chrome/41.0.2272.101 Safari/537.36') 

select * from cg_config

select * from cg_class where pid=0  and classtype=0   order by hots 

select * from cg_class where pid=0  and classtype=1   order by hots 

select * from cg_class where pid=0  and classtype=2   order by hots 

select * from cg_class where pid=0  and classtype=3   order by hots 

select * from cg_class where pid=0  and classtype=4   order by hots 

select * from cg_class where pid=0  and classtype=5   order by hots 

select * from cg_class where pid=0  and classtype=6   order by hots 

select * from cg_class where pid=0  and classtype=7   order by hots 

select * from cg_class where pid=0  and classtype=8   order by hots 

select * from cg_class where pid=0  and classtype=9   order by hots 

select * from cg_class where pid=0 and classtype=2 order by hots asc

select * from cg_config

select * from cg_config

select * from cg_class where html='undefined' limit 1

select * from cg_config

select * from cg_config

select * from cg_class where html='hfeb' limit 1

select * from cg_config

select * from cg_class where pid=0  and classtype=2   order by hots 

select * from cg_config

select max(hots)+1 from cg_class where classtype=2 

select * from cg_config

select * from cg_class where html='hfeb' limit 1

select * from cg_config

INSERT INTO cg_class (title, html, classtype, hots, pid, userid) VALUES ('旅游签证', 'hfeb', '2', '3', '0', '1') 

INSERT INTO cg_daily (title, remark, userid, name, ip, sys) VALUES ('cg_class', '添加了1条分类数据,ID为：153', '1', 'admin', '223.72.84.111', 'Mozilla/5.0 (Windows NT 6.1; WOW64) AppleWebKit/537.36 (KHTML, like Gecko) Chrome/41.0.2272.101 Safari/537.36') 

select * from cg_config

select * from cg_class where pid=0  and classtype=0   order by hots 

select * from cg_class where pid=0  and classtype=1   order by hots 

select * from cg_class where pid=0  and classtype=2   order by hots 

select * from cg_class where pid=0  and classtype=3   order by hots 

select * from cg_class where pid=0  and classtype=4   order by hots 

select * from cg_class where pid=0  and classtype=5   order by hots 

select * from cg_class where pid=0  and classtype=6   order by hots 

select * from cg_class where pid=0  and classtype=7   order by hots 

select * from cg_class where pid=0  and classtype=8   order by hots 

select * from cg_class where pid=0  and classtype=9   order by hots 

select * from cg_class where pid=0 and classtype=2 order by hots asc

select * from cg_config

select * from cg_config

select * from cg_class where html='undefined' limit 1

select * from cg_config

select * from cg_config

select * from cg_class where html='fzov' limit 1

select * from cg_config

select * from cg_class where pid=0  and classtype=2   order by hots 

select * from cg_config

select * from cg_class where html='fzov' limit 1

select * from cg_config

select max(hots)+1 from cg_class where classtype=2 

select * from cg_config

INSERT INTO cg_class (title, html, classtype, hots, pid, userid) VALUES ('商务签证', 'fzov', '2', '4', '0', '1') 

INSERT INTO cg_daily (title, remark, userid, name, ip, sys) VALUES ('cg_class', '添加了1条分类数据,ID为：154', '1', 'admin', '223.72.84.111', 'Mozilla/5.0 (Windows NT 6.1; WOW64) AppleWebKit/537.36 (KHTML, like Gecko) Chrome/41.0.2272.101 Safari/537.36') 

select * from cg_config

select * from cg_class where pid=0  and classtype=0   order by hots 

select * from cg_class where pid=0  and classtype=1   order by hots 

select * from cg_class where pid=0  and classtype=2   order by hots 

select * from cg_class where pid=0  and classtype=3   order by hots 

select * from cg_class where pid=0  and classtype=4   order by hots 

select * from cg_class where pid=0  and classtype=5   order by hots 

select * from cg_class where pid=0  and classtype=6   order by hots 

select * from cg_class where pid=0  and classtype=7   order by hots 

select * from cg_class where pid=0  and classtype=8   order by hots 

select * from cg_class where pid=0  and classtype=9   order by hots 

select * from cg_class where pid=0 and classtype=2 order by hots asc

select * from cg_config

select * from cg_config

select * from cg_class where html='undefined' limit 1

select * from cg_config

select * from cg_config

select * from cg_class where pid=0  and classtype=0   order by hots 

select * from cg_class where pid=0  and classtype=1   order by hots 

select * from cg_class where pid=0  and classtype=2   order by hots 

select * from cg_class where pid=0  and classtype=3   order by hots 

select * from cg_class where pid=0  and classtype=4   order by hots 

select * from cg_class where pid=0  and classtype=5   order by hots 

select * from cg_class where pid=0  and classtype=6   order by hots 

select * from cg_class where pid=0  and classtype=7   order by hots 

select * from cg_class where pid=0  and classtype=8   order by hots 

select * from cg_class where pid=0  and classtype=9   order by hots 

select * from cg_class where pid=93 and classtype=3 order by hots asc

select * from cg_config

select * from cg_config

select * from cg_class where html='undefined' limit 1

select * from cg_config

select * from cg_config

select * from cg_config

select * from cg_class where pid=0  and classtype=0   order by hots 

select * from cg_class where pid=0  and classtype=1   order by hots 

select * from cg_class where pid=0  and classtype=2   order by hots 

select * from cg_class where pid=0  and classtype=3   order by hots 

select * from cg_class where pid=0  and classtype=4   order by hots 

select * from cg_class where pid=0  and classtype=5   order by hots 

select * from cg_class where pid=0  and classtype=6   order by hots 

select * from cg_class where pid=0  and classtype=7   order by hots 

select * from cg_class where pid=0  and classtype=8   order by hots 

select * from cg_class where pid=0  and classtype=9   order by hots 

select * from cg_class where pid=0 and classtype=3 order by hots asc

select * from cg_config

select * from cg_class where html='undefined' limit 1

select * from cg_config

select * from cg_config

select * from cg_config

select * from cg_class where id=93

select * from cg_config

select * from cg_class where pid=0  and classtype=3   order by hots 

select * from cg_config

select * from cg_class where html='utpw' limit 1

select * from cg_config

select max(hots)+1 from cg_class where classtype=3 

select * from cg_config

select * from cg_class where pid=0  and classtype=8   order by hots 

select * from cg_config

select * from cg_config

UPDATE cg_class SET title='风味餐厅', html='utpw', classtype='8', hots='3', pid='0', userid='1' WHERE id='93'

INSERT INTO cg_daily (title, remark, userid, name, ip, sys) VALUES ('cg_class', '修改了1条分类数据,ID为：93', '1', 'admin', '223.72.84.111', 'Mozilla/5.0 (Windows NT 6.1; WOW64) AppleWebKit/537.36 (KHTML, like Gecko) Chrome/41.0.2272.101 Safari/537.36') 

select * from cg_config

select * from cg_class where pid=0  and classtype=0   order by hots 

select * from cg_class where pid=0  and classtype=1   order by hots 

select * from cg_class where pid=0  and classtype=2   order by hots 

select * from cg_class where pid=0  and classtype=3   order by hots 

select * from cg_class where pid=0  and classtype=4   order by hots 

select * from cg_class where pid=0  and classtype=5   order by hots 

select * from cg_class where pid=0  and classtype=6   order by hots 

select * from cg_class where pid=0  and classtype=7   order by hots 

select * from cg_class where pid=0  and classtype=8   order by hots 

select * from cg_class where pid=0  and classtype=9   order by hots 

select * from cg_class where pid=0 and classtype=8 order by hots asc

select * from cg_config

select * from cg_class where html='undefined' limit 1

select * from cg_config

select * from cg_config

select * from cg_config

select * from cg_class where pid=0  and classtype=0   order by hots 

select * from cg_class where pid=0  and classtype=1   order by hots 

select * from cg_class where pid=0  and classtype=2   order by hots 

select * from cg_class where pid=0  and classtype=3   order by hots 

select * from cg_class where pid=0  and classtype=4   order by hots 

select * from cg_class where pid=0  and classtype=5   order by hots 

select * from cg_class where pid=0  and classtype=6   order by hots 

select * from cg_class where pid=0  and classtype=7   order by hots 

select * from cg_class where pid=0  and classtype=8   order by hots 

select * from cg_class where pid=0  and classtype=9   order by hots 

select * from cg_class where pid=0 and classtype=3 order by hots asc

select * from cg_config

select * from cg_config

select * from cg_class where html='undefined' limit 1

select * from cg_config

select * from cg_config

select * from cg_class where id=94

select * from cg_config

select * from cg_class where pid=0  and classtype=3   order by hots 

select * from cg_config

select * from cg_class where html='wrmn' limit 1

select * from cg_config

select * from cg_config

select * from cg_class where pid=0  and classtype=8   order by hots 

select * from cg_config

select * from cg_config

UPDATE cg_class SET title='传统老店', html='wrmn', classtype='8', hots='1', pid='0', userid='1' WHERE id='94'

INSERT INTO cg_daily (title, remark, userid, name, ip, sys) VALUES ('cg_class', '修改了1条分类数据,ID为：94', '1', 'admin', '223.72.84.111', 'Mozilla/5.0 (Windows NT 6.1; WOW64) AppleWebKit/537.36 (KHTML, like Gecko) Chrome/41.0.2272.101 Safari/537.36') 

select * from cg_config

select * from cg_class where pid=0  and classtype=0   order by hots 

select * from cg_class where pid=0  and classtype=1   order by hots 

select * from cg_class where pid=0  and classtype=2   order by hots 

select * from cg_class where pid=0  and classtype=3   order by hots 

select * from cg_class where pid=0  and classtype=4   order by hots 

select * from cg_class where pid=0  and classtype=5   order by hots 

select * from cg_class where pid=0  and classtype=6   order by hots 

select * from cg_class where pid=0  and classtype=7   order by hots 

select * from cg_class where pid=0  and classtype=8   order by hots 

select * from cg_class where pid=0  and classtype=9   order by hots 

select * from cg_class where pid=0 and classtype=8 order by hots asc

select * from cg_config

select * from cg_config

select * from cg_config

select * from cg_class where html='undefined' limit 1

select * from cg_config

select * from cg_class where pid=0  and classtype=0   order by hots 

select * from cg_class where pid=0  and classtype=1   order by hots 

select * from cg_class where pid=0  and classtype=2   order by hots 

select * from cg_class where pid=0  and classtype=3   order by hots 

select * from cg_class where pid=0  and classtype=4   order by hots 

select * from cg_class where pid=0  and classtype=5   order by hots 

select * from cg_class where pid=0  and classtype=6   order by hots 

select * from cg_class where pid=0  and classtype=7   order by hots 

select * from cg_class where pid=0  and classtype=8   order by hots 

select * from cg_class where pid=0  and classtype=9   order by hots 

select * from cg_class where pid=0 and classtype=3 order by hots asc

select * from cg_config

select * from cg_config

select * from cg_class where html='undefined' limit 1

select * from cg_config

select * from cg_config

select * from cg_class where id=95

select * from cg_config

select * from cg_class where pid=0  and classtype=3   order by hots 

select * from cg_config

select * from cg_class where html='xfda' limit 1

select * from cg_config

select * from cg_config

select * from cg_class where pid=0  and classtype=8   order by hots 

select * from cg_config

select * from cg_config

UPDATE cg_class SET title='宅院雅膳', html='xfda', classtype='8', hots='2', pid='0', userid='1' WHERE id='95'

INSERT INTO cg_daily (title, remark, userid, name, ip, sys) VALUES ('cg_class', '修改了1条分类数据,ID为：95', '1', 'admin', '223.72.84.111', 'Mozilla/5.0 (Windows NT 6.1; WOW64) AppleWebKit/537.36 (KHTML, like Gecko) Chrome/41.0.2272.101 Safari/537.36') 

select * from cg_config

select * from cg_class where pid=0  and classtype=0   order by hots 

select * from cg_class where pid=0  and classtype=1   order by hots 

select * from cg_class where pid=0  and classtype=2   order by hots 

select * from cg_class where pid=0  and classtype=3   order by hots 

select * from cg_class where pid=0  and classtype=4   order by hots 

select * from cg_class where pid=0  and classtype=5   order by hots 

select * from cg_class where pid=0  and classtype=6   order by hots 

select * from cg_class where pid=0  and classtype=7   order by hots 

select * from cg_class where pid=0  and classtype=8   order by hots 

select * from cg_class where pid=0  and classtype=9   order by hots 

select * from cg_class where pid=0 and classtype=8 order by hots asc

select * from cg_config

select * from cg_class where html='undefined' limit 1

select * from cg_config

select * from cg_config

select * from cg_config

select * from cg_class where pid=0  and classtype=0   order by hots 

select * from cg_class where pid=0  and classtype=1   order by hots 

select * from cg_class where pid=0  and classtype=2   order by hots 

select * from cg_class where pid=0  and classtype=3   order by hots 

select * from cg_class where pid=0  and classtype=4   order by hots 

select * from cg_class where pid=0  and classtype=5   order by hots 

select * from cg_class where pid=0  and classtype=6   order by hots 

select * from cg_class where pid=0  and classtype=7   order by hots 

select * from cg_class where pid=0  and classtype=8   order by hots 

select * from cg_class where pid=0  and classtype=9   order by hots 

select * from cg_class where pid=0 and classtype=3 order by hots asc

select * from cg_config

select * from cg_config

select * from cg_class where html='undefined' limit 1

select * from cg_config

select * from cg_config

select * from cg_class where html='vsuo' limit 1

select * from cg_config

select * from cg_class where pid=0  and classtype=3   order by hots 

select * from cg_config

select * from cg_class where html='vsuo' limit 1

select * from cg_config

select max(hots)+1 from cg_class where classtype=3 

select * from cg_config

select * from cg_config

select * from cg_class where pid=0  and classtype=5   order by hots 

select * from cg_area   order by id 

select * from cg_class where pid=0  and classtype=4   order by hots 

select * from cg_scenic where id=0

select * from cg_config

select * from cg_config

select * from cg_area where classid=1  and pid=0 order by region

select * from cg_config

select * from cg_area where classid=1  and pid=1 order by region

