select * from cg_config

select * from cg_class where pid=0  and classtype=5   order by hots 

select * from cg_area   order by id 

select * from cg_class where pid=0  and classtype=2   order by hots 

select * from cg_scenic where id=0

select * from cg_config

select * from cg_config

select * from cg_config

SELECT * FROM cg_user WHERE username = 'admin'

update cg_user set login_num=login_num+1,login_ip='111.132.12.117',time2='2015-07-18 02:27:21' where id=1

select * from cg_config

select * from cg_config

select * from cg_user where id=1

SELECT lft, rgt FROM con_menuitems WHERE classid='1' 

SELECT * FROM con_menuitems WHERE lft>=1 AND lft<=138   ORDER BY lft ASC

select * from cg_config

select * from cg_config

select * from cg_config

select * from cg_branch  where 1  and types=0  order by id 

select * from cg_branch  where 1  and types=2  order by id 

select * from cg_class where pid=0  and classtype=0   order by hots 

select * from cg_class where 1  and classtype=0 and pid!=0  order by hots 

select count(*) from (select *, concat_ws(',',title,IFNULL(keywords,' '),IFNULL(remark,' '),op_user) keyword from cg_product_route) result where userid=1

select * from (select *, concat_ws(',',title,IFNULL(keywords,' '),IFNULL(remark,' '),op_user) keyword from cg_product_route) result where userid=1 order by id desc limit 0,15

select * from cg_config

select * from cg_config

select * from cg_branch  where 1  and types=0  order by id 

select * from cg_branch  where 1  and types=2  order by id 

select * from cg_class where pid=0  and classtype=0   order by hots 

select * from cg_class where 1  and classtype=0 and pid!=0  order by hots 

select * from cg_config

select * from cg_class where pid=112   order by hots

select * from cg_config

select * from cg_branch  where 1  and types=0  order by id 

select * from cg_branch  where 1  and types=2  order by id 

select * from cg_class where pid=0  and classtype=0   order by hots 

select * from cg_class where 1  and classtype=0 and pid!=0  order by hots 

select * from cg_config

select * from cg_config

select * from cg_config

select * from cg_class where pid=0  and classtype=5   order by hots 

select * from cg_area   order by id 

select * from cg_class where pid=0  and classtype=2   order by hots 

select * from cg_scenic where id=0

select * from cg_config

select * from cg_config

select * from cg_branch  where 1  and types=0  order by id 

select * from cg_branch  where 1  and types=2  order by id 

select * from cg_class where pid=0  and classtype=0   order by hots 

select * from cg_class where 1  and classtype=0 and pid!=0  order by hots 

select * from cg_config

select * from cg_config

select * from cg_branch  where 1  and types=0  order by id 

select * from cg_branch  where 1  and types=2  order by id 

select * from cg_class where pid=0  and classtype=0   order by hots 

select * from cg_class where 1  and classtype=0 and pid!=0  order by hots 

select * from cg_config

select * from cg_config

select * from cg_branch  where 1  and types=0  order by id 

select * from cg_branch  where 1  and types=2  order by id 

select * from cg_class where pid=0  and classtype=0   order by hots 

select * from cg_class where 1  and classtype=0 and pid!=0  order by hots 

INSERT INTO cg_attached (filepath, ext, sizes, userid, name) VALUES ('/1/1437188089265.jpg', 'image/pjpeg', '121.454101562', '1', 'admin') 

INSERT INTO cg_product_route_stroke (num, departure, timd, arrived, tima, traffic, tname, eats, hotel, scenic, content, userid, op_user) VALUES ('1', '北京', '', '亚的斯亚贝巴', '', 'plane', '', '', '', '', '▲当日于北京首都国际机场三号航站楼集合
▲办理乘机手续及托运行李
▲搭乘埃塞尔比亚航空公司经亚的斯亚贝巴转机，飞往肯尼亚首都内罗毕', '1', 'admin') 

INSERT INTO cg_daily (title, remark, userid, name, ip, sys) VALUES ('cg_line', '添加了1条线路行程数据,ID为：0', '1', 'admin', '111.132.12.117', 'Mozilla/4.0 (compatible; MSIE 7.0; Windows NT 5.1; Trident/4.0; .NET CLR 1.1.4322; .NET CLR 2.0.50727)') 

INSERT INTO cg_product_route_stroke (num, departure, timd, arrived, tima, traffic, tname, eats, hotel, scenic, content, userid, op_user) VALUES ('2', '亚的斯亚贝巴', '', '内罗毕', '', 'plane', '', '', '', '', '▲抵达后，导游机场接机
▲内罗毕市区观光：参观总统府（外观）、市中心广场（外观）、肯雅塔国际会议中心（外观）、联合国大厦（外观）、黑木雕市场等
▲晚餐享用非洲特色烤肉餐后，入住酒店休息
', '1', 'admin') 

INSERT INTO cg_daily (title, remark, userid, name, ip, sys) VALUES ('cg_line', '添加了1条线路行程数据,ID为：0', '1', 'admin', '111.132.12.117', 'Mozilla/4.0 (compatible; MSIE 7.0; Windows NT 5.1; Trident/4.0; .NET CLR 1.1.4322; .NET CLR 2.0.50727)') 

INSERT INTO cg_product_route_stroke (num, departure, timd, arrived, tima, traffic, tname, eats, hotel, scenic, content, userid, op_user) VALUES ('3', '内罗毕', '', '安博塞利', '', 'null', '', '1,2,3', '', '', '▲酒店早餐
▲乘汽车前往肯坦边境安博塞利国家动物园。（单程车程约3小时）
▲进入安博塞利国家公园，这里可以眺望乞力马扎罗是非洲第一高峰，海拔5895米。远远眺望山峰，看到原野上的大象、狮子等动物。您将看到最典型的非洲草原风光
▲晚住安布塞利酒店', '1', 'admin') 

INSERT INTO cg_daily (title, remark, userid, name, ip, sys) VALUES ('cg_line', '添加了1条线路行程数据,ID为：0', '1', 'admin', '111.132.12.117', 'Mozilla/4.0 (compatible; MSIE 7.0; Windows NT 5.1; Trident/4.0; .NET CLR 1.1.4322; .NET CLR 2.0.50727)') 

INSERT INTO cg_product_route_stroke (num, departure, timd, arrived, tima, traffic, tname, eats, hotel, scenic, content, userid, op_user) VALUES ('4', '安青塞利', '', '阿布戴尔', '', 'null', '', '', '', '', '▲酒店早餐
▲驱车前往阿布戴尔国家公园（单程车程约5-6小时），途中可在零度赤道线上拍照留念
▲达后在OUSPAN HOTEL自助午餐，由于树顶酒店规定大件行李不得拿到树顶酒店，所以大行李需要寄存在OUSPAN HOTEL该酒店会派专人看管，下午由酒店专用车送客人前往树顶酒店（行车约30分钟）。（因树顶酒店房间有限，若确认时树顶酒店已售完，将安排客人入住树顶同集团酒店- OUSPAN HOTEL住宿，并安排专人带客人参观树顶酒店用在酒店内享用下午茶。）
▲此酒店为英国女皇与夫婿入住此酒店的当天是公主身份，但当天夜里因为公主的父亲驾崩，所以第二天公主离开酒店时的身份已经是英国女皇；该酒店分三层，由无数树干支撑建造而成，处于酒店房间或露台中，恍如置身于树顶上。动物会前来酒店外围找水，客人从酒店房间就可以看到动物
▲入住酒店后晚餐', '1', 'admin') 

INSERT INTO cg_daily (title, remark, userid, name, ip, sys) VALUES ('cg_line', '添加了1条线路行程数据,ID为：0', '1', 'admin', '111.132.12.117', 'Mozilla/4.0 (compatible; MSIE 7.0; Windows NT 5.1; Trident/4.0; .NET CLR 1.1.4322; .NET CLR 2.0.50727)') 

INSERT INTO cg_product_route_stroke (num, departure, timd, arrived, tima, traffic, tname, eats, hotel, scenic, content, userid, op_user) VALUES ('5', '阿布截乐', '', '赤道-博高利亚', '', 'car', '', '', '', '', '▲酒店早餐
▲驱车前往博高利亚湖（单程车程约5小时）
▲途中可在零度赤道线上拍照留念。您也有机会见证神奇的赤道实验，体会地球创造的奥秘和科学的神奇。一路上的跨约赤道路标和地图，也常常吸引各地游客停车驻足拍照
▲抵达后，入住酒店，于酒店内用午餐
▲下午乘车游览著名的博高利亚湖，你可欣赏湖中秀美、壮丽的自然风光、数以万计的火烈鸟奇观以及其他各种珍禽异鸟
▲于酒店内用晚餐', '1', 'admin') 

INSERT INTO cg_daily (title, remark, userid, name, ip, sys) VALUES ('cg_line', '添加了1条线路行程数据,ID为：0', '1', 'admin', '111.132.12.117', 'Mozilla/4.0 (compatible; MSIE 7.0; Windows NT 5.1; Trident/4.0; .NET CLR 1.1.4322; .NET CLR 2.0.50727)') 

INSERT INTO cg_product_route_stroke (num, departure, timd, arrived, tima, traffic, tname, eats, hotel, scenic, content, userid, op_user) VALUES ('6', '博格利亚', '', '纳瓦沙', '', 'car', '', '1,2,3', '', '', '▲酒店早餐
▲驱车前往纳瓦沙湖（单程车程约3小时）
▲纳瓦沙湖毫无疑问的是裂谷里的明珠，是中部五湖里最出位的一个，这里湖、光、山、色无一不自在随意，以特有的绵密而鲜活的存在所有人的肯尼亚记忆里，纳瓦沙湖是鸟类学家的梦想，该处有400多种各类鸟，以该湖为家的所有鸟类品种比起全大不列颠群岛还多。乘船游览美丽的纳瓦沙湖。近距离感受河马及各种珍禽
▲于酒店内用晚餐', '1', 'admin') 

INSERT INTO cg_daily (title, remark, userid, name, ip, sys) VALUES ('cg_line', '添加了1条线路行程数据,ID为：0', '1', 'admin', '111.132.12.117', 'Mozilla/4.0 (compatible; MSIE 7.0; Windows NT 5.1; Trident/4.0; .NET CLR 1.1.4322; .NET CLR 2.0.50727)') 

INSERT INTO cg_product_route_stroke (num, departure, timd, arrived, tima, traffic, tname, eats, hotel, scenic, content, userid, op_user) VALUES ('7', '纳瓦沙', '', '马赛马拉', '', 'car', '', '1,2,3', '', '', '▲酒店早餐
▲驱车前往非洲最大的马赛马拉野生动物保护区（单程车程约5小时）
▲抵达后，入住酒店并午餐
▲傍晚乘敞篷面包车在一望无际的马赛马拉自然保护区追寻野生动物的踪迹。感受置身蛮荒的乐趣
▲酒店内用晚餐
▲晚餐后早点休息，因为第二天要起大早前往马拉河等待“马拉河之渡”', '1', 'admin') 

INSERT INTO cg_daily (title, remark, userid, name, ip, sys) VALUES ('cg_line', '添加了1条线路行程数据,ID为：0', '1', 'admin', '111.132.12.117', 'Mozilla/4.0 (compatible; MSIE 7.0; Windows NT 5.1; Trident/4.0; .NET CLR 1.1.4322; .NET CLR 2.0.50727)') 

INSERT INTO cg_product_route_stroke (num, departure, timd, arrived, tima, traffic, tname, eats, hotel, scenic, content, userid, op_user) VALUES ('8', '马赛马拉', '', '', '', 'car', '', '1,2,3', '', '', '清晨您可（自费）乘热气球升空，鸟瞰大草原和动物群。享用香槟早餐
▲酒店早餐
▲前往马拉河附近，去亲眼目睹传说中的“马拉河之渡”（如因时机不凑巧，没有目睹渡河过程，也可看到成千上万只角马在头马的带领下在马赛马拉大草原上奔走的壮观景象）。在前往马拉河的途中，欣赏斑马、羚羊、长颈鹿、角马等野生动物，同时去寻觅保护区内世界闻名的非洲五霸-狮子/猎豹/野牛/大象/犀牛
▲返回酒店用午餐或打包午餐
▲下午继续我们继续追寻野生动物
▲我们的敞篷车上的天窗会全部打开。人不能走下车，这样太危险，说不定丛林里窜出一头雄狮，麻烦就大了。我们的车就像会走的“笼子”，从“笼子”望去，动物是那样的自由，那样的和谐相处。在这个非洲野生动物保护区内感受自然界中其它生灵的自由存在。感受人与自然的真正结合
▲返回酒店，晚餐于酒店内', '1', 'admin') 

INSERT INTO cg_daily (title, remark, userid, name, ip, sys) VALUES ('cg_line', '添加了1条线路行程数据,ID为：0', '1', 'admin', '111.132.12.117', 'Mozilla/4.0 (compatible; MSIE 7.0; Windows NT 5.1; Trident/4.0; .NET CLR 1.1.4322; .NET CLR 2.0.50727)') 

INSERT INTO cg_product_route_stroke (num, departure, timd, arrived, tima, traffic, tname, eats, hotel, scenic, content, userid, op_user) VALUES ('9', '马赛马拉', '', '东菲大裂谷-内罗毕/亚的斯亚贝巴', '', 'car', '', '1,2,3', '', '', '▲酒店早餐
▲驱车返回内罗毕（单程车程约6小时）
▲途中可欣赏到辉煌壮观、气象万千的东非大裂谷（途径参观）；位于非洲东部，是一个在3500万年前由非洲板块的地壳运动所形成的地理奇观，形状为不规则三角形，北深入死海，西北达苏丹约旦河，南至莫桑比克出海
▲午餐
▲送往机场，搭乘埃塞尔比亚航空公司飞机经亚的斯亚贝巴转机返回北京', '1', 'admin') 

INSERT INTO cg_daily (title, remark, userid, name, ip, sys) VALUES ('cg_line', '添加了1条线路行程数据,ID为：0', '1', 'admin', '111.132.12.117', 'Mozilla/4.0 (compatible; MSIE 7.0; Windows NT 5.1; Trident/4.0; .NET CLR 1.1.4322; .NET CLR 2.0.50727)') 

INSERT INTO cg_product_route_stroke (num, departure, timd, arrived, tima, traffic, tname, eats, hotel, scenic, content, userid, op_user) VALUES ('10', '亚的斯亚贝巴', '', '北京', '', 'plane', '', '', '', '', '航班信息：ET604 (0145/1730)
▲于北京时间17：30抵达北京，结束愉快的肯尼亚之旅', '1', 'admin') 

INSERT INTO cg_daily (title, remark, userid, name, ip, sys) VALUES ('cg_line', '添加了1条线路行程数据,ID为：0', '1', 'admin', '111.132.12.117', 'Mozilla/4.0 (compatible; MSIE 7.0; Windows NT 5.1; Trident/4.0; .NET CLR 1.1.4322; .NET CLR 2.0.50727)') 

INSERT INTO cg_product_route (classid, classid2, yl, sx, keywords, info_id, title, city1, time, city2, visa, go_day, go_num, kid, go_time, go_reg, addr, tim, url, file, dj, remark, feature, price_adult, price_kid, price_profit, price1, price2, price3, price4, userid, op_user, info, ro_type, op_type) VALUES ('112', '127', '0', '0', '', '', '肯尼亚迁徙全景10日', '北京', '', '亚的斯亚贝巴', '0', '10', '20', '1', '8月14日', '20', '北京', '', '/1/1437188089265.jpg', '', '0', '', '❤舒适的飞行：搭乘全球最年轻的机队之一 ---埃塞俄比亚航空。埃塞俄比亚航空是埃塞俄比亚的国家航空公司，是非洲第四大航空公司，而乘客数量排名非洲第二
❤周全的行程设计：造访五大野生动物园区【马赛马拉】【博高利亚】【阿布戴尔】【安博塞利】【纳瓦沙】，赤道，东非大裂谷；一次造访无遗憾
❤豪华的住宿享受：全程国际/园内当地五星及当地最高的四星酒店住宿，让您在观赏动物之余，享受舒适的睡眠，动物大迁徙的主要观赏地马赛马拉两晚园内五星酒店住宿，让您有充分的时间深入非洲草原,感受壮观动物迁徙景观
❤豪华用车：全程适用豪华敞篷越野车，让您可以捕捉到更为精彩的迁徙瞬间
❤特别奉送：那瓦沙湖赠送湖中游船，近距离的观赏河马，鱼鹰喂食表演…
❤美味的盛宴：中餐升级八菜一汤，贴心赠送非洲特色烤肉餐

', '23000', '', '800', '', '23800', '23800', '23000', '1', 'admin', '', '', '') 

INSERT INTO cg_daily (title, remark, userid, name, ip, sys) VALUES ('cg_line', '添加了1条线路计划数据,ID为：450', '1', 'admin', '111.132.12.117', 'Mozilla/4.0 (compatible; MSIE 7.0; Windows NT 5.1; Trident/4.0; .NET CLR 1.1.4322; .NET CLR 2.0.50727)') 

select * from cg_config

select * from cg_branch  where 1  and types=0  order by id 

select * from cg_branch  where 1  and types=2  order by id 

select * from cg_class where pid=0  and classtype=0   order by hots 

select * from cg_class where 1  and classtype=0 and pid!=0  order by hots 

select * from cg_product_route where id=450

select * from cg_config

select * from cg_class where pid=112   order by hots

select * from cg_config

select * from cg_branch  where 1  and types=0  order by id 

select * from cg_branch  where 1  and types=2  order by id 

select * from cg_class where pid=0  and classtype=0   order by hots 

select * from cg_class where 1  and classtype=0 and pid!=0  order by hots 

select count(*) from (select *, concat_ws(',',title,IFNULL(keywords,' '),IFNULL(remark,' '),op_user) keyword from cg_product_route) result where userid=1

select * from (select *, concat_ws(',',title,IFNULL(keywords,' '),IFNULL(remark,' '),op_user) keyword from cg_product_route) result where userid=1 order by id desc limit 0,15

select * from cg_config

select * from cg_config

select * from cg_branch  where 1  and types=0  order by id 

select * from cg_branch  where 1  and types=2  order by id 

select * from cg_class where pid=0  and classtype=0   order by hots 

select * from cg_class where 1  and classtype=0 and pid!=0  order by hots 

select * from cg_config

select * from cg_config

select * from cg_product_route where id=450

select * from cg_class where pid=0  and classtype=5   order by hots 

select * from cg_area   order by id 

select * from cg_config

select count(*)  from cg_product_route_do where types=0 and ctype=0 and id=450

select *  from cg_product_route_do where types=0 and ctype=0 and id=450 order by hid 

select * from cg_product_route where id=450

select * from cg_class where pid=0  and classtype=5   order by hots 

select * from cg_area   order by id 

select count(*)  from cg_product_route_do where types=0 and ctype=0 and id=450

select *  from cg_product_route_do where types=0 and ctype=0 and id=450 order by hid 

select * from cg_config

select * from cg_config

select * from cg_branch  where 1  and types=0  order by id 

select * from cg_branch  where 1  and types=2  order by id 

select * from cg_class where pid=0  and classtype=0   order by hots 

select * from cg_class where 1  and classtype=0 and pid!=0  order by hots 

select * from cg_config

select * from cg_branch  where 1  and types=0  order by id 

select * from cg_branch  where 1  and types=2  order by id 

select * from cg_class where pid=0  and classtype=0   order by hots 

select * from cg_class where 1  and classtype=0 and pid!=0  order by hots 

select count(*) from (select *, concat_ws(',',title,IFNULL(keywords,' '),IFNULL(remark,' '),op_user) keyword from cg_product_route) result where userid=1

select * from (select *, concat_ws(',',title,IFNULL(keywords,' '),IFNULL(remark,' '),op_user) keyword from cg_product_route) result where userid=1 order by id desc limit 0,15

select * from cg_config

select * from cg_config

select * from cg_config

select * from cg_product_route where id=450

select * from cg_class where pid=0  and classtype=5   order by hots 

select * from cg_area   order by id 

select count(*)  from cg_product_route_do where types=0 and ctype=0 and id=450

select *  from cg_product_route_do where types=0 and ctype=0 and id=450 order by hid 

select * from cg_config

select * from cg_branch  where 1  and types=0  order by id 

select * from cg_branch  where 1  and types=2  order by id 

select * from cg_class where pid=0  and classtype=0   order by hots 

select * from cg_class where 1  and classtype=0 and pid!=0  order by hots 

select count(*) from (select *, concat_ws(',',title,IFNULL(keywords,' '),IFNULL(remark,' '),op_user) keyword from cg_product_route) result where userid=1

select * from (select *, concat_ws(',',title,IFNULL(keywords,' '),IFNULL(remark,' '),op_user) keyword from cg_product_route) result where userid=1 order by id desc limit 0,15

select * from cg_config

select * from cg_config

select * from cg_branch  where 1  and types=0  order by id 

select * from cg_branch  where 1  and types=2  order by id 

select * from cg_class where pid=0  and classtype=0   order by hots 

select * from cg_class where 1  and classtype=0 and pid!=0  order by hots 

select * from cg_product_route where id=450

select * from cg_config

select * from cg_class where pid=112   order by hots

select * from cg_config

select * from cg_branch  where 1  and types=0  order by id 

select * from cg_branch  where 1  and types=2  order by id 

select * from cg_class where pid=0  and classtype=0   order by hots 

select * from cg_class where 1  and classtype=0 and pid!=0  order by hots 

INSERT INTO cg_product_route_stroke (num, departure, timd, arrived, tima, traffic, tname, eats, hotel, scenic, content, userid, op_user) VALUES ('1', '', '', '', '', '', '', '', '', '', '', '1', 'admin') 

INSERT INTO cg_daily (title, remark, userid, name, ip, sys) VALUES ('cg_line', '添加了1条线路行程数据,ID为：0', '1', 'admin', '111.132.12.117', 'Mozilla/4.0 (compatible; MSIE 7.0; Windows NT 5.1; Trident/4.0; .NET CLR 1.1.4322; .NET CLR 2.0.50727)') 

INSERT INTO cg_product_route_stroke (num, departure, timd, arrived, tima, traffic, tname, eats, hotel, scenic, content, userid, op_user) VALUES ('2', '', '', '', '', '', '', '', '', '', '', '1', 'admin') 

INSERT INTO cg_daily (title, remark, userid, name, ip, sys) VALUES ('cg_line', '添加了1条线路行程数据,ID为：0', '1', 'admin', '111.132.12.117', 'Mozilla/4.0 (compatible; MSIE 7.0; Windows NT 5.1; Trident/4.0; .NET CLR 1.1.4322; .NET CLR 2.0.50727)') 

INSERT INTO cg_product_route_stroke (num, departure, timd, arrived, tima, traffic, tname, eats, hotel, scenic, content, userid, op_user) VALUES ('3', '', '', '', '', '', '', '', '', '', '', '1', 'admin') 

INSERT INTO cg_daily (title, remark, userid, name, ip, sys) VALUES ('cg_line', '添加了1条线路行程数据,ID为：0', '1', 'admin', '111.132.12.117', 'Mozilla/4.0 (compatible; MSIE 7.0; Windows NT 5.1; Trident/4.0; .NET CLR 1.1.4322; .NET CLR 2.0.50727)') 

INSERT INTO cg_product_route_stroke (num, departure, timd, arrived, tima, traffic, tname, eats, hotel, scenic, content, userid, op_user) VALUES ('4', '', '', '', '', '', '', '', '', '', '', '1', 'admin') 

INSERT INTO cg_daily (title, remark, userid, name, ip, sys) VALUES ('cg_line', '添加了1条线路行程数据,ID为：0', '1', 'admin', '111.132.12.117', 'Mozilla/4.0 (compatible; MSIE 7.0; Windows NT 5.1; Trident/4.0; .NET CLR 1.1.4322; .NET CLR 2.0.50727)') 

INSERT INTO cg_product_route_stroke (num, departure, timd, arrived, tima, traffic, tname, eats, hotel, scenic, content, userid, op_user) VALUES ('5', '', '', '', '', '', '', '', '', '', '', '1', 'admin') 

INSERT INTO cg_daily (title, remark, userid, name, ip, sys) VALUES ('cg_line', '添加了1条线路行程数据,ID为：0', '1', 'admin', '111.132.12.117', 'Mozilla/4.0 (compatible; MSIE 7.0; Windows NT 5.1; Trident/4.0; .NET CLR 1.1.4322; .NET CLR 2.0.50727)') 

INSERT INTO cg_product_route_stroke (num, departure, timd, arrived, tima, traffic, tname, eats, hotel, scenic, content, userid, op_user) VALUES ('6', '', '', '', '', '', '', '', '', '', '', '1', 'admin') 

INSERT INTO cg_daily (title, remark, userid, name, ip, sys) VALUES ('cg_line', '添加了1条线路行程数据,ID为：0', '1', 'admin', '111.132.12.117', 'Mozilla/4.0 (compatible; MSIE 7.0; Windows NT 5.1; Trident/4.0; .NET CLR 1.1.4322; .NET CLR 2.0.50727)') 

INSERT INTO cg_product_route_stroke (num, departure, timd, arrived, tima, traffic, tname, eats, hotel, scenic, content, userid, op_user) VALUES ('7', '', '', '', '', '', '', '', '', '', '', '1', 'admin') 

INSERT INTO cg_daily (title, remark, userid, name, ip, sys) VALUES ('cg_line', '添加了1条线路行程数据,ID为：0', '1', 'admin', '111.132.12.117', 'Mozilla/4.0 (compatible; MSIE 7.0; Windows NT 5.1; Trident/4.0; .NET CLR 1.1.4322; .NET CLR 2.0.50727)') 

INSERT INTO cg_product_route_stroke (num, departure, timd, arrived, tima, traffic, tname, eats, hotel, scenic, content, userid, op_user) VALUES ('8', '', '', '', '', '', '', '', '', '', '', '1', 'admin') 

INSERT INTO cg_daily (title, remark, userid, name, ip, sys) VALUES ('cg_line', '添加了1条线路行程数据,ID为：0', '1', 'admin', '111.132.12.117', 'Mozilla/4.0 (compatible; MSIE 7.0; Windows NT 5.1; Trident/4.0; .NET CLR 1.1.4322; .NET CLR 2.0.50727)') 

INSERT INTO cg_product_route_stroke (num, departure, timd, arrived, tima, traffic, tname, eats, hotel, scenic, content, userid, op_user) VALUES ('9', '', '', '', '', '', '', '', '', '', '', '1', 'admin') 

INSERT INTO cg_daily (title, remark, userid, name, ip, sys) VALUES ('cg_line', '添加了1条线路行程数据,ID为：0', '1', 'admin', '111.132.12.117', 'Mozilla/4.0 (compatible; MSIE 7.0; Windows NT 5.1; Trident/4.0; .NET CLR 1.1.4322; .NET CLR 2.0.50727)') 

INSERT INTO cg_product_route_stroke (num, departure, timd, arrived, tima, traffic, tname, eats, hotel, scenic, content, userid, op_user) VALUES ('10', '', '', '', '', '', '', '', '', '', '', '1', 'admin') 

INSERT INTO cg_daily (title, remark, userid, name, ip, sys) VALUES ('cg_line', '添加了1条线路行程数据,ID为：0', '1', 'admin', '111.132.12.117', 'Mozilla/4.0 (compatible; MSIE 7.0; Windows NT 5.1; Trident/4.0; .NET CLR 1.1.4322; .NET CLR 2.0.50727)') 

UPDATE cg_product_route SET id='450', classid='112', classid2='127', yl='0', sx='0', keywords='', info_id='', title='肯尼亚迁徙全景10日', city1='北京', time='', city2='亚的斯亚贝巴', visa='0', go_day='10', go_num='20', kid='1', go_type='0', go_time='8月14日', go_reg='20', addr='北京', tim='', url='/1/1437188089265.jpg', d_type='0', file='', dj='0', remark='', feature='无数的动物逐水草而居，或走或停，有方向性没方向性地，移动和聚集，造就了世界著名的景象－《动物大迁徙》。在肯尼亚，我们将用车轮取代双脚，用感性取代理性，用心用五官去感受生命的浩瀚和渺小，用相机快门代替枪枝打靶，用镜头捕追野生动物的身影，让东非的生态奇景和生命记忆，可以在每个旅人的心里留下痕迹。

❤舒适的飞行：搭乘全球最年轻的机队之一 ---埃塞俄比亚航空。埃塞俄比亚航空是埃塞俄比亚的国家航空公司，是非洲第四大航空公司，而乘客数量排名非洲第二
❤周全的行程设计：造访五大野生动物园区【马赛马拉】【博高利亚】【阿布戴尔】【安博塞利】【纳瓦沙】，赤道，东非大裂谷；一次造访无遗憾
❤豪华的住宿享受：全程国际/园内当地五星及当地最高的四星酒店住宿，让您在观赏动物之余，享受舒适的睡眠，动物大迁徙的主要观赏地马赛马拉两晚园内五星酒店住宿，让您有充分的时间深入非洲草原,感受壮观动物迁徙景观
❤豪华用车：全程适用豪华敞篷越野车，让您可以捕捉到更为精彩的迁徙瞬间
❤特别奉送：那瓦沙湖赠送湖中游船，近距离的观赏河马，鱼鹰喂食表演…
❤美味的盛宴：中餐升级八菜一汤，贴心赠送非洲特色烤肉餐

', price_adult='23000', price_kid='0', price_profit='800', price1='0', price2='23800', price3='23800', price4='23000', userid='1', op_user='admin', info='<p>
	<span style=\"font-size:12px;\">报价包含：</span>
</p>
<p>
	<strong></strong><span style=\"color:#4d4d4d;font-size:16px;\"><span style=\"color:#64451d;font-size:12px;\">1、签证：因私护照肯尼亚旅游签证（落地签）</span><br />
<span style=\"color:#64451d;font-size:12px;\">2、机票：北京往返国际机票及机场税（不含航班公司临时新增的燃油附加费）</span><br />
<span style=\"color:#64451d;font-size:12px;\">3、酒店：酒店：肯尼亚</span><span style=\"color:#64451d;font-size:12px;\">当地五星级酒店</span><span style=\"color:#64451d;font-size:12px;\">双人标准间/博高利亚当地四星酒店（肯尼亚野生动物保护区内酒店不挂星；博高利亚没有当地五星级酒店）（如要住单间需补单房差）</span><br />
<span style=\"color:#64451d;font-size:12px;\">4、用餐：酒店内西式自助早餐，中式午晚餐</span><span style=\"color:#64451d;font-size:12px;\">（8菜1汤）</span><span style=\"color:#64451d;font-size:12px;\">或当地餐，</span><span style=\"color:#ff0000;font-size:16px;\"><span style=\"color:#64451d;font-size:12px;\">赠送一个非洲特色烤肉餐</span><br />
</span><span style=\"color:#64451d;font-size:12px;\">（用餐在飞机或船上以机船餐为准，不再另补）</span><br />
<span style=\"color:#64451d;font-size:12px;\">5、用车：9座</span><span style=\"color:#64451d;font-size:12px;\">越野车</span><span style=\"color:#64451d;font-size:12px;\">（无空调）</span><br />
<span style=\"color:#64451d;font-size:12px;\">6、导游：中文导游1名</span><br />
<span style=\"color:#64451d;font-size:12px;\">7、司机：当地专职司机</span><br />
<span style=\"color:#64451d;font-size:12px;\">8、观光：行程内观光景点之首道门票</span><br />
<span style=\"color:#64451d;font-size:12px;\">9、其它：旅行社责任险</span><br />
<span style=\"color:#64451d;font-size:12px;\">10、每人每天1瓶矿泉水</span><br />
<span style=\"color:#64451d;font-size:12px;\">11、境外旅游意外保险</span><br />
<span style=\"color:#64451d;font-size:12px;\">12、全程司机导游小费</span></span>
</p>
<p>
	<span style=\"color:#4d4d4d;font-size:12px;\"><span style=\"color:#64451d;font-size:12px;\">报价不含：</span></span><span style=\"color:#4d4d4d;font-size:16px;\"><span style=\"color:#64451d;font-size:12px;\">
</p>
<p>
	<span style=\"color:#4d4d4d;font-size:16px;\"></span><span style=\"color:#262626;font-size:16px;\"><span style=\"font-size:12px;\">1、国内费用（国内交通，国内机场建设税等)</span><br />
<span style=\"font-size:12px;\">2、个人消费（例如酒店内电话费；洗衣费等）</span><br />
<span style=\"font-size:12px;\">3、行程之外的观光节目及自费项目</span><br />
<span style=\"font-size:12px;\">4、因交通延阻、罢工、自然灾害等人力不可抗拒原因所引致的额外费用；行李员搬运小费；床头自愿小费</span></span>
</p>
</span></span> 
<p>
	&nbsp;
</p>', ro_type='', op_type='' WHERE id='450'

INSERT INTO cg_daily (title, remark, userid, name, ip, sys) VALUES ('cg_line', '修改了1条线路计划数据,ID为：450', '1', 'admin', '111.132.12.117', 'Mozilla/4.0 (compatible; MSIE 7.0; Windows NT 5.1; Trident/4.0; .NET CLR 1.1.4322; .NET CLR 2.0.50727)') 

select * from cg_config

select * from cg_branch  where 1  and types=0  order by id 

select * from cg_branch  where 1  and types=2  order by id 

select * from cg_class where pid=0  and classtype=0   order by hots 

select * from cg_class where 1  and classtype=0 and pid!=0  order by hots 

select * from cg_product_route where id=450

select * from cg_config

select * from cg_class where pid=112   order by hots

select * from cg_config

select * from cg_branch  where 1  and types=0  order by id 

select * from cg_branch  where 1  and types=2  order by id 

select * from cg_class where pid=0  and classtype=0   order by hots 

select * from cg_class where 1  and classtype=0 and pid!=0  order by hots 

select count(*) from (select *, concat_ws(',',title,IFNULL(keywords,' '),IFNULL(remark,' '),op_user) keyword from cg_product_route) result where userid=1

select * from (select *, concat_ws(',',title,IFNULL(keywords,' '),IFNULL(remark,' '),op_user) keyword from cg_product_route) result where userid=1 order by id desc limit 0,15

select * from cg_config

select * from cg_config

select * from cg_product_route where id=450

select * from cg_class where pid=0  and classtype=5   order by hots 

select * from cg_area   order by id 

select count(*)  from cg_product_route_do where types=0 and ctype=0 and id=450

select *  from cg_product_route_do where types=0 and ctype=0 and id=450 order by hid 

select * from cg_config

select * from cg_product_route where id=450

select * from cg_class where pid=0  and classtype=5   order by hots 

select * from cg_area   order by id 

select count(*)  from cg_product_route_do where types=0 and ctype=0 and id=450

select *  from cg_product_route_do where types=0 and ctype=0 and id=450 order by hid 

select * from cg_config

select * from cg_config

select * from cg_product_route where id=450

select * from cg_class where pid=0  and classtype=5   order by hots 

select * from cg_area   order by id 

select * from cg_product_route_do where hid=0

select * from cg_product_route where id=450

select * from cg_class where pid=0  and classtype=5   order by hots 

select * from cg_area   order by id 

select * from cg_product_route_do where hid=0

select * from cg_config

select * from cg_config

select * from cg_class where pid=0  and classtype=5   order by hots 

select * from cg_area   order by id 

select * from cg_config

select * from cg_class where pid=0  and classtype=5   order by hots 

select * from cg_area   order by id 

select * from cg_config

select * from cg_class where pid=0  and classtype=5   order by hots 

select * from cg_area   order by id 

select * from cg_config

select * from cg_class where pid=0  and classtype=5   order by hots 

select * from cg_area   order by id 

select * from cg_config

select * from cg_branch  where 1  and types=0  order by id 

select * from cg_branch  where 1  and types=2  order by id 

select * from cg_class where pid=0  and classtype=0   order by hots 

select * from cg_class where 1  and classtype=0 and pid!=0  order by hots 

select count(*) from (select *, concat_ws(',',title,IFNULL(keywords,' '),IFNULL(remark,' '),op_user) keyword from cg_product_route) result where userid=1

select * from (select *, concat_ws(',',title,IFNULL(keywords,' '),IFNULL(remark,' '),op_user) keyword from cg_product_route) result where userid=1 order by id desc limit 0,15

select * from cg_config

select * from cg_config

select * from cg_product_route where id=450

select * from cg_class where pid=0  and classtype=5   order by hots 

select * from cg_area   order by id 

select count(*)  from cg_product_route_do where types=0 and ctype=1 and id=450

select *  from cg_product_route_do where types=0 and ctype=1 and id=450 order by hid 

select * from cg_config

select * from cg_product_route where id=450

select * from cg_class where pid=0  and classtype=5   order by hots 

select * from cg_area   order by id 

select * from cg_product_route_do where hid=0

select * from cg_config

select * from cg_product_route where id=450

select * from cg_class where pid=0  and classtype=5   order by hots 

select * from cg_area   order by id 

INSERT INTO cg_attached (filepath, ext, sizes, userid, name) VALUES ('/1/1437188591655.jpg', 'image/pjpeg', '90.8681640625', '1', 'admin') 

INSERT INTO cg_product_route_do (types, ctype, id, title, url, userid, op_user) VALUES ('0', '1', '450', '', '/1/1437188591655.jpg', '1', 'admin') 

update cg_product_route set num=(select count(*) from cg_product_route_do where id=450 and ctype=0) where id=450

update cg_product_route set num1=(select count(*) from cg_product_route_do where id=450 and ctype=1) where id=450

INSERT INTO cg_daily (title, remark, userid, name, ip, sys) VALUES ('cg_line', '删除了1条线路图片数据,ID为：5', '1', 'admin', '111.132.12.117', 'Mozilla/4.0 (compatible; MSIE 7.0; Windows NT 5.1; Trident/4.0; .NET CLR 1.1.4322; .NET CLR 2.0.50727)') 

select * from cg_config

select * from cg_product_route where id=450

select * from cg_class where pid=0  and classtype=5   order by hots 

select * from cg_area   order by id 

select count(*)  from cg_product_route_do where types=0 and ctype=1 and id=450

select *  from cg_product_route_do where types=0 and ctype=1 and id=450 order by hid 

select * from cg_config

select * from cg_product_route where id=450

select * from cg_class where pid=0  and classtype=5   order by hots 

select * from cg_area   order by id 

select * from cg_product_route_do where hid=0

select * from cg_config

select * from cg_product_route where id=450

select * from cg_class where pid=0  and classtype=5   order by hots 

select * from cg_area   order by id 

INSERT INTO cg_attached (filepath, ext, sizes, userid, name) VALUES ('/1/1437188601656.jpg', 'image/pjpeg', '30.37890625', '1', 'admin') 

INSERT INTO cg_product_route_do (types, ctype, id, title, url, userid, op_user) VALUES ('0', '1', '450', '', '/1/1437188601656.jpg', '1', 'admin') 

update cg_product_route set num=(select count(*) from cg_product_route_do where id=450 and ctype=0) where id=450

update cg_product_route set num1=(select count(*) from cg_product_route_do where id=450 and ctype=1) where id=450

INSERT INTO cg_daily (title, remark, userid, name, ip, sys) VALUES ('cg_line', '删除了1条线路图片数据,ID为：6', '1', 'admin', '111.132.12.117', 'Mozilla/4.0 (compatible; MSIE 7.0; Windows NT 5.1; Trident/4.0; .NET CLR 1.1.4322; .NET CLR 2.0.50727)') 

select * from cg_config

select * from cg_product_route where id=450

select * from cg_class where pid=0  and classtype=5   order by hots 

select * from cg_area   order by id 

select count(*)  from cg_product_route_do where types=0 and ctype=1 and id=450

select *  from cg_product_route_do where types=0 and ctype=1 and id=450 order by hid 

select * from cg_config

select * from cg_product_route where id=450

select * from cg_class where pid=0  and classtype=5   order by hots 

select * from cg_area   order by id 

select count(*)  from cg_product_route_do where types=0 and ctype=1 and id=450

select *  from cg_product_route_do where types=0 and ctype=1 and id=450 order by hid 

select * from cg_config

select * from cg_product_route where id=450

select * from cg_class where pid=0  and classtype=5   order by hots 

select * from cg_area   order by id 

select * from cg_product_route_do where hid=5

select * from cg_config

select * from cg_class where pid=0  and classtype=5   order by hots 

select * from cg_area   order by id 

select * from cg_config

select * from cg_class where pid=0  and classtype=5   order by hots 

select * from cg_area   order by id 

select * from cg_config

select * from cg_branch  where 1  and types=0  order by id 

select * from cg_branch  where 1  and types=2  order by id 

select * from cg_class where pid=0  and classtype=0   order by hots 

select * from cg_class where 1  and classtype=0 and pid!=0  order by hots 

select count(*) from (select *, concat_ws(',',title,IFNULL(keywords,' '),IFNULL(remark,' '),op_user) keyword from cg_product_route) result where userid=1

select * from (select *, concat_ws(',',title,IFNULL(keywords,' '),IFNULL(remark,' '),op_user) keyword from cg_product_route) result where userid=1 order by id desc limit 0,15

select * from cg_config

select * from cg_config

select * from cg_branch  where 1  and types=0  order by id 

select * from cg_branch  where 1  and types=2  order by id 

select * from cg_class where pid=0  and classtype=0   order by hots 

select * from cg_class where 1  and classtype=0 and pid!=0  order by hots 

select * from cg_product_route where id=450

select * from cg_config

select * from cg_class where pid=112   order by hots

select * from cg_config

select * from cg_branch  where 1  and types=0  order by id 

select * from cg_branch  where 1  and types=2  order by id 

select * from cg_class where pid=0  and classtype=0   order by hots 

select * from cg_class where 1  and classtype=0 and pid!=0  order by hots 

INSERT INTO cg_product_route (url, userid, op_user, info, addr, tim, ro_type, op_type) VALUES ('', '', '', '', '', '', '', '') 

INSERT INTO cg_daily (title, remark, userid, name, ip, sys) VALUES ('cg_line', '添加了1条线路计划数据,ID为：451', '', '', '180.153.206.23', 'Mozilla/5.0 (Linux; U; Android 4.4.2; zh-cn; GT-I9500 Build/KOT49H) AppleWebKit/537.36 (KHTML, like Gecko)Version/4.0 MQQBrowser/5.0 QQ-Manager Mobile Safari/537.36') 

select * from cg_config

select * from cg_branch  where 1  and types=0  order by id 

select * from cg_branch  where 1  and types=2  order by id 

select * from cg_class where pid=0  and classtype=0   order by hots 

select * from cg_class where 1  and classtype=0 and pid!=0  order by hots 

select * from cg_product_route where id=451

select * from cg_config

select * from cg_config

select * from cg_class where pid=0  and classtype=5   order by hots 

select * from cg_area   order by id 

select * from cg_config

select * from cg_config

select * from cg_product_route where id=450

select * from cg_class where pid=0  and classtype=5   order by hots 

select * from cg_area   order by id 

select count(*)  from cg_product_route_do where types=0 and ctype=1 and id=450

select *  from cg_product_route_do where types=0 and ctype=1 and id=450 order by hid 

select * from cg_config

select * from cg_config

select * from cg_product_route where id=450

select * from cg_class where pid=0  and classtype=5   order by hots 

select * from cg_area   order by id 

select * from cg_product_route_do where hid=0

select * from cg_config

select * from cg_config

select * from cg_class where pid=0  and classtype=5   order by hots 

select * from cg_area   order by id 

INSERT INTO cg_product_route_do (url, userid, op_user, types) VALUES ('', '', '', '0') 

INSERT INTO cg_daily (title, remark, userid, name, ip, sys) VALUES ('cg_line', '删除了1条线路价格数据,ID为：7', '', '', '112.64.235.91', 'Mozilla/5.0 (Linux; U; Android 4.4.2; zh-cn; GT-I9500 Build/KOT49H) AppleWebKit/537.36 (KHTML, like Gecko)Version/4.0 MQQBrowser/5.0 QQ-Manager Mobile Safari/537.36') 

select * from cg_config

select * from cg_class where pid=0  and classtype=5   order by hots 

select * from cg_area   order by id 

select * from cg_config

select * from cg_config

select * from cg_product_route where id=450

select * from cg_class where pid=0  and classtype=5   order by hots 

select * from cg_area   order by id 

select * from cg_product_route_do where hid=5

select * from cg_config

select * from cg_config

select * from cg_branch  where 1  and types=0  order by id 

select * from cg_branch  where 1  and types=2  order by id 

select * from cg_class where pid=0  and classtype=0   order by hots 

select * from cg_class where 1  and classtype=0 and pid!=0  order by hots 

select * from cg_product_route where id=450

select * from cg_config

select * from cg_config

select * from cg_config

select * from cg_config

select * from cg_config

SELECT * FROM cg_user WHERE username = 'camelwu'

update cg_user set login_num=login_num+1,login_ip='175.10.73.60',time2='2015-07-18 04:20:46' where id=3

select * from cg_config

select * from cg_config

select * from cg_config

select * from cg_user where id=3

SELECT lft, rgt FROM con_menuitems WHERE classid='1' 

SELECT * FROM con_menuitems WHERE lft>=1 AND lft<=138   ORDER BY lft ASC

select * from cg_config

select * from cg_config

select * from cg_branch  where 1  and types=0 and id=3  order by id 

select * from cg_branch  where 1  and types=2 and id=3  order by id 

select * from cg_class where pid=0  and classtype=0   order by hots 

select * from cg_class where 1  and classtype=0 and pid!=0  order by hots 

select count(*) from (select *, concat_ws(',',title,IFNULL(keywords,' '),IFNULL(remark,' '),op_user) keyword from cg_product_route) result where userid=3

select * from (select *, concat_ws(',',title,IFNULL(keywords,' '),IFNULL(remark,' '),op_user) keyword from cg_product_route) result where userid=3 order by id desc limit 0,15

select * from cg_config

select * from cg_config

select * from cg_branch  where 1  and types=0 and id=3  order by id 

select * from cg_branch  where 1  and types=2 and id=3  order by id 

select * from cg_class where pid=0  and classtype=0   order by hots 

select * from cg_class where 1  and classtype=0 and pid!=0  order by hots 

select * from cg_product_route where id=449

select * from cg_config

select * from cg_class where pid=113   order by hots

select * from cg_config

select * from cg_class where pid=113   order by hots

select * from cg_config

select * from cg_class where pid=112   order by hots

select * from cg_config

select * from cg_config

SELECT * FROM cg_user WHERE username = 'admin'

update cg_user set login_num=login_num+1,login_ip='111.132.12.117',time2='2015-07-18 10:48:40' where id=1

select * from cg_config

select * from cg_config

select * from cg_user where id=1

SELECT lft, rgt FROM con_menuitems WHERE classid='1' 

SELECT * FROM con_menuitems WHERE lft>=1 AND lft<=138   ORDER BY lft ASC

select * from cg_config

select * from cg_config

select * from cg_config

select * from cg_class where pid=0  and classtype=5   order by hots 

select * from cg_area   order by id 

select * from cg_class where pid=0  and classtype=3   order by hots 

select * from cg_scenic where id=0

select * from cg_config

select * from cg_class where pid=155   order by hots

select * from cg_config

select * from cg_area where classid=1  and pid=0 order by region

select * from cg_config

select * from cg_area where classid=1  and pid=2 order by region

select * from cg_config

select * from cg_class where pid=0  and classtype=5   order by hots 

select * from cg_area   order by id 

select * from cg_class where pid=0  and classtype=3   order by hots 

select * from cg_scenic where id=0

select * from cg_config

select * from cg_config

select * from cg_config

select * from cg_config

SELECT * FROM cg_user WHERE username = 'camelwu'

update cg_user set login_num=login_num+1,login_ip='124.254.57.150',time2='2015-07-18 15:52:24' where id=3

select * from cg_config

select * from cg_config

select * from cg_config

select * from cg_user where id=3

SELECT lft, rgt FROM con_menuitems WHERE classid='1' 

SELECT * FROM con_menuitems WHERE lft>=1 AND lft<=138   ORDER BY lft ASC

select * from cg_config

select * from cg_config

select * from cg_branch  where 1  and types=0 and id=3  order by id 

select * from cg_branch  where 1  and types=2 and id=3  order by id 

select * from cg_class where pid=0  and classtype=0   order by hots 

select * from cg_class where 1  and classtype=0 and pid!=0  order by hots 

select count(*) from (select *, concat_ws(',',title,IFNULL(keywords,' '),IFNULL(remark,' '),op_user) keyword from cg_product_route) result where userid=3

select * from (select *, concat_ws(',',title,IFNULL(keywords,' '),IFNULL(remark,' '),op_user) keyword from cg_product_route) result where userid=3 order by id desc limit 0,15

select * from cg_config

select * from cg_config

select * from cg_branch  where 1  and types=0 and id=3  order by id 

select * from cg_branch  where 1  and types=2 and id=3  order by id 

select * from cg_class where pid=0  and classtype=0   order by hots 

select * from cg_class where 1  and classtype=0 and pid!=0  order by hots 

select * from cg_product_route where id=442

select * from cg_config

select * from cg_class where pid=113   order by hots

select * from cg_config

select * from cg_class where pid=112   order by hots

select * from cg_config

select * from cg_config

select * from cg_branch  where 1  and types=0 and id=3  order by id 

select * from cg_branch  where 1  and types=2 and id=3  order by id 

select * from cg_class where pid=0  and classtype=0   order by hots 

select * from cg_class where 1  and classtype=0 and pid!=0  order by hots 

select * from cg_product_route where id=442

select * from cg_config

select * from cg_user where id=3

SELECT lft, rgt FROM con_menuitems WHERE classid='1' 

SELECT * FROM con_menuitems WHERE lft>=1 AND lft<=138   ORDER BY lft ASC

