select * from cg_config

select * from cg_config

SELECT * FROM cg_user WHERE username = 'admin'

update cg_user set login_num=login_num+1,login_ip='123.115.128.192',time2='2015-07-06 02:58:44' where id=1

select * from cg_config

select * from cg_config

select * from cg_config

SELECT * FROM cg_user WHERE username = 'admin'

update cg_user set login_num=login_num+1,login_ip='123.115.128.192',time2='2015-07-06 02:59:03' where id=1

select * from cg_config

select * from cg_config

select * from cg_config

SELECT * FROM cg_user WHERE username = 'admin'

update cg_user set login_num=login_num+1,login_ip='123.115.128.192',time2='2015-07-06 02:59:24' where id=1

select * from cg_config

select * from cg_config

select * from cg_config

SELECT * FROM cg_user WHERE username = 'admin'

update cg_user set login_num=login_num+1,login_ip='123.115.128.192',time2='2015-07-06 03:00:03' where id=1

select * from cg_config

select * from cg_config

select * from cg_config

SELECT * FROM cg_user WHERE username = 'admin'

update cg_user set login_num=login_num+1,login_ip='123.115.128.192',time2='2015-07-06 03:00:29' where id=1

select * from cg_config

select * from cg_config

select * from cg_config

select * from cg_config

SELECT * FROM cg_user WHERE username = 'admin'

update cg_user set login_num=login_num+1,login_ip='123.115.128.192',time2='2015-07-06 03:03:29' where id=1

select * from cg_config

select * from cg_config

select * from cg_user where id=1

SELECT lft, rgt FROM con_menuitems WHERE classid='1' 

SELECT * FROM con_menuitems WHERE lft>=1 AND lft<=134   ORDER BY lft ASC

select * from cg_config

select * from cg_config

select * from cg_config

select * from cg_branch  where 1   order by id 

select count(*)  from cg_user where 1 

select *  from cg_user where 1  order by id limit 0,15

select * from cg_config

select * from cg_branch  where 1   order by id 

select * from cg_user where id=0

select * from cg_user   order by id 

SELECT lft, rgt FROM con_menuitems WHERE classid='1' 

SELECT * FROM con_menuitems WHERE lft>=1 AND lft<=134   ORDER BY lft ASC

SELECT lft, rgt FROM con_menuitems WHERE classid='1' 

SELECT * FROM con_menuitems WHERE lft>=1 AND lft<=134   ORDER BY lft ASC

select * from cg_config

select * from cg_config

 select count(*) from cg_user where username = 'myl'

select * from cg_config

 select count(*) from cg_user where username = 'myl'

select * from cg_config

select * from cg_branch  where 1   order by id 

select parentid from con_menuitems where classid='39'

select parentid from con_menuitems where classid='40'

select parentid from con_menuitems where classid='41'

select parentid from con_menuitems where classid='42'

select parentid from con_menuitems where classid='43'

select parentid from con_menuitems where classid='44'

select parentid from con_menuitems where classid='45'

select parentid from con_menuitems where classid='46'

select parentid from con_menuitems where classid='47'

select parentid from con_menuitems where classid='48'

select parentid from con_menuitems where classid='49'

select parentid from con_menuitems where classid='50'

select parentid from con_menuitems where classid='51'

select parentid from con_menuitems where classid='52'

INSERT INTO cg_user (username, name, bid, password, position, qq, email, tel, fax, mobile, uid, allowstr, note) VALUES ('myl', '苗艳玲', '25', 'af02bec5077be709d8e60b880d5cd784', '', '', '', '', '', '', '1', '39,40,41,42,43,44,45,46,47,48,49,50,51,52', '') 

INSERT INTO cg_daily (title, remark, userid, name, ip, sys) VALUES ('cg_user', '添加了1条人员数据,ID为：8', '1', 'admin', '123.115.128.192', 'Mozilla/4.0 (compatible; MSIE 7.0; Windows NT 5.1; Trident/4.0; .NET CLR 1.1.4322; .NET CLR 2.0.50727)') 

select * from cg_config

select * from cg_branch  where 1   order by id 

select * from cg_user where id=8

select * from cg_user   order by id 

SELECT lft, rgt FROM con_menuitems WHERE classid='1' 

SELECT * FROM con_menuitems WHERE lft>=1 AND lft<=134   ORDER BY lft ASC

SELECT lft, rgt FROM con_menuitems WHERE classid='1' 

SELECT * FROM con_menuitems WHERE lft>=1 AND lft<=134   ORDER BY lft ASC

select * from cg_config

select * from cg_config

select * from cg_config

select * from cg_config

SELECT * FROM cg_user WHERE username = 'myl'

update cg_user set login_num=login_num+1,login_ip='123.115.128.192',time2='2015-07-06 03:07:49' where id=8

select * from cg_config

select * from cg_config

select * from cg_user where id=8

SELECT lft, rgt FROM con_menuitems WHERE classid='1' 

SELECT * FROM con_menuitems WHERE lft>=1 AND lft<=134   ORDER BY lft ASC

select * from cg_config

select * from cg_config

select * from cg_config

select * from cg_branch  where 1  and types=0 and id=25  order by id 

select * from cg_branch  where 1  and types=2 and id=25  order by id 

select * from cg_class where pid=0  and classtype=0   order by hots 

select * from cg_class where 1  and classtype=0 and pid!=0  order by hots 

select count(*) from (select *, concat_ws(',',title,IFNULL(keywords,' '),IFNULL(remark,' '),op_user) keyword from cg_product_route) result where userid=8

select * from (select *, concat_ws(',',title,IFNULL(keywords,' '),IFNULL(remark,' '),op_user) keyword from cg_product_route) result where userid=8 order by id desc limit 0,15

select * from cg_config

select * from cg_config

select * from cg_branch  where 1  and types=0 and id=25  order by id 

select * from cg_branch  where 1  and types=2 and id=25  order by id 

select * from cg_class where pid=0  and classtype=0   order by hots 

select * from cg_class where 1  and classtype=0 and pid!=0  order by hots 

select * from cg_config

select * from cg_class where pid=112   order by hots

select * from cg_config

select * from cg_config

select * from cg_config

SELECT * FROM cg_user WHERE username = 'myl'

update cg_user set login_num=login_num+1,login_ip='123.115.128.192',time2='2015-07-06 03:10:50' where id=8

select * from cg_config

select * from cg_config

select * from cg_config

select * from cg_user where id=8

SELECT lft, rgt FROM con_menuitems WHERE classid='1' 

SELECT * FROM con_menuitems WHERE lft>=1 AND lft<=134   ORDER BY lft ASC

select * from cg_config

select * from cg_config

select * from cg_branch  where 1  and types=0 and id=25  order by id 

select * from cg_branch  where 1  and types=2 and id=25  order by id 

select * from cg_class where pid=0  and classtype=0   order by hots 

select * from cg_class where 1  and classtype=0 and pid!=0  order by hots 

select count(*) from (select *, concat_ws(',',title,IFNULL(keywords,' '),IFNULL(remark,' '),op_user) keyword from cg_product_route) result where userid=8

select * from (select *, concat_ws(',',title,IFNULL(keywords,' '),IFNULL(remark,' '),op_user) keyword from cg_product_route) result where userid=8 order by id desc limit 0,15

select * from cg_config

select * from cg_config

select * from cg_branch  where 1  and types=0 and id=25  order by id 

select * from cg_branch  where 1  and types=2 and id=25  order by id 

select * from cg_class where pid=0  and classtype=0   order by hots 

select * from cg_class where 1  and classtype=0 and pid!=0  order by hots 

select * from cg_config

select * from cg_class where pid=112   order by hots

select * from cg_config

select * from cg_config

select * from cg_config

select * from cg_config

select * from cg_config

select * from cg_config

select * from cg_config

SELECT * FROM cg_user WHERE username = 'admin'

update cg_user set login_num=login_num+1,login_ip='175.10.7.197',time2='2015-07-06 16:20:04' where id=1

select * from cg_config

select * from cg_config

select * from cg_user where id=1

SELECT lft, rgt FROM con_menuitems WHERE classid='1' 

SELECT * FROM con_menuitems WHERE lft>=1 AND lft<=134   ORDER BY lft ASC

select * from cg_config

select * from cg_config

select * from cg_config

select * from cg_class where pid=0  and classtype=5   order by hots 

select * from cg_area   order by id 

select * from cg_class where pid=0  and classtype=4   order by hots 

select count(*)  from cg_scenic where types=0

select *  from cg_scenic where types=0 order by id desc limit 0,15

select * from cg_config

select * from cg_class where pid=0  and classtype=5   order by hots 

select * from cg_area   order by id 

select * from cg_class where pid=0  and classtype=2   order by hots 

select count(*)  from cg_scenic where types=2

select *  from cg_scenic where types=2 order by id desc limit 0,15

select * from cg_config

select * from cg_class where pid=0  and classtype=5   order by hots 

select * from cg_area   order by id 

select * from cg_class where pid=0  and classtype=2   order by hots 

select * from cg_scenic where id=1647

select * from cg_config

select * from cg_area where classid=2  and pid=0 order by region

select * from cg_config

select * from cg_class where pid=152   order by hots

select * from cg_config

select * from cg_area where classid=2  and pid=132 order by region

select * from cg_config

select * from cg_config

select * from cg_branch  where 1   order by id 

select count(*)  from cg_user where 1 

select *  from cg_user where 1  order by id limit 0,15

select * from cg_config

select * from cg_branch  where 1   order by id 

select * from cg_user where id=1

select * from cg_user   order by id 

SELECT lft, rgt FROM con_menuitems WHERE classid='1' 

SELECT * FROM con_menuitems WHERE lft>=1 AND lft<=134   ORDER BY lft ASC

SELECT lft, rgt FROM con_menuitems WHERE classid='1' 

SELECT * FROM con_menuitems WHERE lft>=1 AND lft<=134   ORDER BY lft ASC

select * from cg_config

select * from cg_user where id=1

SELECT lft, rgt FROM con_menuitems WHERE classid='1' 

SELECT * FROM con_menuitems WHERE lft>=1 AND lft<=134   ORDER BY lft ASC

select * from cg_config

select * from cg_user where id=1

SELECT lft, rgt FROM con_menuitems WHERE classid='1' 

SELECT * FROM con_menuitems WHERE lft>=1 AND lft<=134   ORDER BY lft ASC

select * from cg_config

select * from cg_user where id=1

SELECT lft, rgt FROM con_menuitems WHERE classid='1' 

SELECT * FROM con_menuitems WHERE lft>=1 AND lft<=134   ORDER BY lft ASC

select * from cg_config

select * from cg_user where id=1

SELECT lft, rgt FROM con_menuitems WHERE classid='1' 

SELECT * FROM con_menuitems WHERE lft>=1 AND lft<=138   ORDER BY lft ASC

select * from cg_config

select * from cg_branch  where 1   order by id 

select count(*)  from cg_user where 1 

select *  from cg_user where 1  order by id limit 0,15

select * from cg_config

select * from cg_branch  where 1   order by id 

select * from cg_user where id=5

select * from cg_user   order by id 

SELECT lft, rgt FROM con_menuitems WHERE classid='1' 

SELECT * FROM con_menuitems WHERE lft>=1 AND lft<=138   ORDER BY lft ASC

SELECT lft, rgt FROM con_menuitems WHERE classid='1' 

SELECT * FROM con_menuitems WHERE lft>=1 AND lft<=138   ORDER BY lft ASC

select * from cg_config

select * from cg_branch  where 1   order by id 

select parentid from con_menuitems where classid='2'

select parentid from con_menuitems where classid='3'

select parentid from con_menuitems where classid='4'

select parentid from con_menuitems where classid='5'

select parentid from con_menuitems where classid='6'

select parentid from con_menuitems where classid='7'

select parentid from con_menuitems where classid='8'

select parentid from con_menuitems where classid='9'

select parentid from con_menuitems where classid='10'

select parentid from con_menuitems where classid='11'

select parentid from con_menuitems where classid='12'

select parentid from con_menuitems where classid='13'

select parentid from con_menuitems where classid='14'

select parentid from con_menuitems where classid='15'

select parentid from con_menuitems where classid='16'

select parentid from con_menuitems where classid='17'

select parentid from con_menuitems where classid='18'

select parentid from con_menuitems where classid='19'

select parentid from con_menuitems where classid='20'

select parentid from con_menuitems where classid='21'

select parentid from con_menuitems where classid='22'

select parentid from con_menuitems where classid='23'

select parentid from con_menuitems where classid='24'

select parentid from con_menuitems where classid='67'

select parentid from con_menuitems where classid='91'

select parentid from con_menuitems where classid='26'

select parentid from con_menuitems where classid='27'

select parentid from con_menuitems where classid='28'

select parentid from con_menuitems where classid='29'

select parentid from con_menuitems where classid='30'

select parentid from con_menuitems where classid='31'

select parentid from con_menuitems where classid='32'

select parentid from con_menuitems where classid='33'

select parentid from con_menuitems where classid='34'

select parentid from con_menuitems where classid='35'

select parentid from con_menuitems where classid='36'

select parentid from con_menuitems where classid='37'

select parentid from con_menuitems where classid='38'

select parentid from con_menuitems where classid='39'

select parentid from con_menuitems where classid='40'

select parentid from con_menuitems where classid='41'

select parentid from con_menuitems where classid='42'

select parentid from con_menuitems where classid='45'

select parentid from con_menuitems where classid='46'

select parentid from con_menuitems where classid='47'

select parentid from con_menuitems where classid='48'

select parentid from con_menuitems where classid='49'

select parentid from con_menuitems where classid='50'

select parentid from con_menuitems where classid='51'

select parentid from con_menuitems where classid='52'

select parentid from con_menuitems where classid='53'

select parentid from con_menuitems where classid='54'

select parentid from con_menuitems where classid='55'

select parentid from con_menuitems where classid='57'

select parentid from con_menuitems where classid='58'

select parentid from con_menuitems where classid='59'

select parentid from con_menuitems where classid='60'

select parentid from con_menuitems where classid='61'

select parentid from con_menuitems where classid='62'

select parentid from con_menuitems where classid='63'

select parentid from con_menuitems where classid='64'

select parentid from con_menuitems where classid='65'

UPDATE cg_user SET username='robin', name='耿小刚', bid='25', position='签证、出境办理', qq='', email='', tel='', fax='', mobile='', uid='1', allowstr='2,3,4,5,6,7,8,9,10,11,12,13,14,15,16,17,18,19,20,21,22,23,24,67,91,26,27,28,29,30,31,32,33,34,35,36,37,38,39,40,41,42,45,46,47,48,49,50,51,52,53,54,55,57,58,59,60,61,62,63,64,65', note='测试帐号-2' WHERE id='5'

INSERT INTO cg_daily (title, remark, userid, name, ip, sys) VALUES ('cg_user', '修改了1条人员数据,ID为：5', '1', 'admin', '175.10.7.197', 'Mozilla/5.0 (Windows NT 6.1; WOW64) AppleWebKit/537.36 (KHTML, like Gecko) Chrome/43.0.2357.130 Safari/537.36') 

select * from cg_config

select * from cg_branch  where 1   order by id 

select * from cg_user where id=5

select * from cg_user   order by id 

SELECT lft, rgt FROM con_menuitems WHERE classid='1' 

SELECT * FROM con_menuitems WHERE lft>=1 AND lft<=138   ORDER BY lft ASC

SELECT lft, rgt FROM con_menuitems WHERE classid='1' 

SELECT * FROM con_menuitems WHERE lft>=1 AND lft<=138   ORDER BY lft ASC

select * from cg_config

select * from cg_branch  where 1   order by id 

select count(*)  from cg_user where 1 

select *  from cg_user where 1  order by id limit 0,15

select * from cg_config

select * from cg_branch  where 1   order by id 

select * from cg_user where id=6

select * from cg_user   order by id 

SELECT lft, rgt FROM con_menuitems WHERE classid='1' 

SELECT * FROM con_menuitems WHERE lft>=1 AND lft<=138   ORDER BY lft ASC

SELECT lft, rgt FROM con_menuitems WHERE classid='1' 

SELECT * FROM con_menuitems WHERE lft>=1 AND lft<=138   ORDER BY lft ASC

select * from cg_config

select * from cg_branch  where 1   order by id 

select parentid from con_menuitems where classid='2'

select parentid from con_menuitems where classid='39'

select parentid from con_menuitems where classid='40'

select parentid from con_menuitems where classid='42'

select parentid from con_menuitems where classid='45'

select parentid from con_menuitems where classid='46'

select parentid from con_menuitems where classid='47'

select parentid from con_menuitems where classid='48'

select parentid from con_menuitems where classid='49'

select parentid from con_menuitems where classid='50'

select parentid from con_menuitems where classid='51'

select parentid from con_menuitems where classid='52'

select parentid from con_menuitems where classid='53'

select parentid from con_menuitems where classid='54'

UPDATE cg_user SET username='fei', name='飞鹰', bid='25', position='录入员', qq='1587034097', email='1587034097@qq.com', tel='', fax='', mobile='', uid='1', allowstr='2,39,40,42,45,46,47,48,49,50,51,52,53,54', note='飞鹰静宏录入工作室' WHERE id='6'

INSERT INTO cg_daily (title, remark, userid, name, ip, sys) VALUES ('cg_user', '修改了1条人员数据,ID为：6', '1', 'admin', '175.10.7.197', 'Mozilla/5.0 (Windows NT 6.1; WOW64) AppleWebKit/537.36 (KHTML, like Gecko) Chrome/43.0.2357.130 Safari/537.36') 

select * from cg_config

select * from cg_branch  where 1   order by id 

select * from cg_user where id=6

select * from cg_user   order by id 

SELECT lft, rgt FROM con_menuitems WHERE classid='1' 

SELECT * FROM con_menuitems WHERE lft>=1 AND lft<=138   ORDER BY lft ASC

SELECT lft, rgt FROM con_menuitems WHERE classid='1' 

SELECT * FROM con_menuitems WHERE lft>=1 AND lft<=138   ORDER BY lft ASC

select * from cg_config

select * from cg_branch  where 1   order by id 

select count(*)  from cg_user where 1 

select *  from cg_user where 1  order by id limit 0,15

select * from cg_config

select * from cg_branch  where 1   order by id 

select * from cg_user where id=8

select * from cg_user   order by id 

SELECT lft, rgt FROM con_menuitems WHERE classid='1' 

SELECT * FROM con_menuitems WHERE lft>=1 AND lft<=138   ORDER BY lft ASC

SELECT lft, rgt FROM con_menuitems WHERE classid='1' 

SELECT * FROM con_menuitems WHERE lft>=1 AND lft<=138   ORDER BY lft ASC

select * from cg_config

select * from cg_branch  where 1   order by id 

select parentid from con_menuitems where classid='39'

select parentid from con_menuitems where classid='40'

select parentid from con_menuitems where classid='41'

select parentid from con_menuitems where classid='42'

select parentid from con_menuitems where classid='45'

select parentid from con_menuitems where classid='46'

select parentid from con_menuitems where classid='47'

select parentid from con_menuitems where classid='48'

select parentid from con_menuitems where classid='49'

select parentid from con_menuitems where classid='50'

select parentid from con_menuitems where classid='51'

select parentid from con_menuitems where classid='52'

UPDATE cg_user SET username='myl', name='苗艳玲', bid='25', position='', qq='', email='', tel='', fax='', mobile='', uid='1', allowstr='39,40,41,42,45,46,47,48,49,50,51,52', note='' WHERE id='8'

INSERT INTO cg_daily (title, remark, userid, name, ip, sys) VALUES ('cg_user', '修改了1条人员数据,ID为：8', '1', 'admin', '175.10.7.197', 'Mozilla/5.0 (Windows NT 6.1; WOW64) AppleWebKit/537.36 (KHTML, like Gecko) Chrome/43.0.2357.130 Safari/537.36') 

select * from cg_config

select * from cg_branch  where 1   order by id 

select * from cg_user where id=8

select * from cg_user   order by id 

SELECT lft, rgt FROM con_menuitems WHERE classid='1' 

SELECT * FROM con_menuitems WHERE lft>=1 AND lft<=138   ORDER BY lft ASC

SELECT lft, rgt FROM con_menuitems WHERE classid='1' 

SELECT * FROM con_menuitems WHERE lft>=1 AND lft<=138   ORDER BY lft ASC

select * from cg_config

select * from cg_branch  where 1   order by id 

select count(*)  from cg_user where 1 

select *  from cg_user where 1  order by id limit 0,15

select * from cg_config

select * from cg_branch  where 1   order by id 

select * from cg_user where id=7

select * from cg_user   order by id 

SELECT lft, rgt FROM con_menuitems WHERE classid='1' 

SELECT * FROM con_menuitems WHERE lft>=1 AND lft<=138   ORDER BY lft ASC

SELECT lft, rgt FROM con_menuitems WHERE classid='1' 

SELECT * FROM con_menuitems WHERE lft>=1 AND lft<=138   ORDER BY lft ASC

select * from cg_config

select * from cg_branch  where 1   order by id 

select parentid from con_menuitems where classid='2'

select parentid from con_menuitems where classid='3'

select parentid from con_menuitems where classid='4'

select parentid from con_menuitems where classid='5'

select parentid from con_menuitems where classid='6'

select parentid from con_menuitems where classid='7'

select parentid from con_menuitems where classid='8'

select parentid from con_menuitems where classid='9'

select parentid from con_menuitems where classid='10'

select parentid from con_menuitems where classid='11'

select parentid from con_menuitems where classid='12'

select parentid from con_menuitems where classid='13'

select parentid from con_menuitems where classid='14'

select parentid from con_menuitems where classid='15'

select parentid from con_menuitems where classid='16'

select parentid from con_menuitems where classid='17'

select parentid from con_menuitems where classid='18'

select parentid from con_menuitems where classid='19'

select parentid from con_menuitems where classid='20'

select parentid from con_menuitems where classid='21'

select parentid from con_menuitems where classid='22'

select parentid from con_menuitems where classid='23'

select parentid from con_menuitems where classid='24'

select parentid from con_menuitems where classid='91'

select parentid from con_menuitems where classid='26'

select parentid from con_menuitems where classid='27'

select parentid from con_menuitems where classid='28'

select parentid from con_menuitems where classid='29'

select parentid from con_menuitems where classid='30'

select parentid from con_menuitems where classid='31'

select parentid from con_menuitems where classid='32'

select parentid from con_menuitems where classid='33'

select parentid from con_menuitems where classid='34'

select parentid from con_menuitems where classid='35'

select parentid from con_menuitems where classid='36'

select parentid from con_menuitems where classid='37'

select parentid from con_menuitems where classid='38'

select parentid from con_menuitems where classid='39'

select parentid from con_menuitems where classid='40'

select parentid from con_menuitems where classid='41'

select parentid from con_menuitems where classid='42'

select parentid from con_menuitems where classid='45'

select parentid from con_menuitems where classid='46'

select parentid from con_menuitems where classid='47'

select parentid from con_menuitems where classid='48'

select parentid from con_menuitems where classid='49'

select parentid from con_menuitems where classid='50'

select parentid from con_menuitems where classid='51'

select parentid from con_menuitems where classid='52'

select parentid from con_menuitems where classid='53'

select parentid from con_menuitems where classid='54'

select parentid from con_menuitems where classid='55'

select parentid from con_menuitems where classid='57'

select parentid from con_menuitems where classid='58'

select parentid from con_menuitems where classid='59'

select parentid from con_menuitems where classid='60'

select parentid from con_menuitems where classid='61'

select parentid from con_menuitems where classid='62'

select parentid from con_menuitems where classid='63'

select parentid from con_menuitems where classid='64'

select parentid from con_menuitems where classid='65'

UPDATE cg_user SET username='ye', name='张烨', bid='25', position='管理员', qq='', email='', tel='', fax='', mobile='', uid='1', allowstr='2,3,4,5,6,7,8,9,10,11,12,13,14,15,16,17,18,19,20,21,22,23,24,91,26,27,28,29,30,31,32,33,34,35,36,37,38,39,40,41,42,45,46,47,48,49,50,51,52,53,54,55,57,58,59,60,61,62,63,64,65', note='' WHERE id='7'

INSERT INTO cg_daily (title, remark, userid, name, ip, sys) VALUES ('cg_user', '修改了1条人员数据,ID为：7', '1', 'admin', '175.10.7.197', 'Mozilla/5.0 (Windows NT 6.1; WOW64) AppleWebKit/537.36 (KHTML, like Gecko) Chrome/43.0.2357.130 Safari/537.36') 

select * from cg_config

select * from cg_branch  where 1   order by id 

select * from cg_user where id=7

select * from cg_user   order by id 

SELECT lft, rgt FROM con_menuitems WHERE classid='1' 

SELECT * FROM con_menuitems WHERE lft>=1 AND lft<=138   ORDER BY lft ASC

SELECT lft, rgt FROM con_menuitems WHERE classid='1' 

SELECT * FROM con_menuitems WHERE lft>=1 AND lft<=138   ORDER BY lft ASC

select * from cg_config

select count(*)  from cg_air where types=0

select *  from cg_air where types=0 order by id desc limit 0,15

select * from cg_config

select count(*)  from (select p.*,t.hid,t.title name,t.departure,t.price1 price_1,t.price2 price_2,t.types,t.ctype,t.userid uid,t.op_type optype,t.op_user opuser,concat_ws(',',p.title,p.info_id,IFNULL(p.keywords,' '),IFNULL(p.remark,' ')) keyword from cg_product_route_sale t,cg_product_route p where t.id=p.id and p.id) result where ctype=0 and uid=1

select *  from (select p.*,t.hid,t.title name,t.departure,t.price1 price_1,t.price2 price_2,t.types,t.ctype,t.userid uid,t.op_type optype,t.op_user opuser,concat_ws(',',p.title,p.info_id,IFNULL(p.keywords,' '),IFNULL(p.remark,' ')) keyword from cg_product_route_sale t,cg_product_route p where t.id=p.id and p.id) result where ctype=0 and uid=1 order by hid desc limit 0,15

select * from cg_config

select * from cg_user where id=1

SELECT lft, rgt FROM con_menuitems WHERE classid='1' 

SELECT * FROM con_menuitems WHERE lft>=1 AND lft<=138   ORDER BY lft ASC

select * from cg_config

select count(*)  from cg_product_route_sale where types=0 and ctype=0

select *  from cg_product_route_sale where types=0 and ctype=0 order by addtime desc limit 0,15

select * from cg_config

UPDATE cg_product_route_sale SET id='444', status='1' WHERE id='444'

select * from cg_config

select count(*)  from cg_product_route_sale where types=0 and ctype=0

select *  from cg_product_route_sale where types=0 and ctype=0 order by addtime desc limit 0,15

select * from cg_config

select count(*)  from cg_product_route_sale where types=0 and ctype=0

select *  from cg_product_route_sale where types=0 and ctype=0 order by addtime desc limit 15,15

select * from cg_config

UPDATE cg_product_route_sale SET id='202', status='1' WHERE id='202'

select * from cg_config

select count(*)  from cg_product_route_sale where types=0 and ctype=0

select *  from cg_product_route_sale where types=0 and ctype=0 order by addtime desc limit 0,15

select * from cg_config

select count(*)  from cg_product_route_sale where types=0 and ctype=0

select *  from cg_product_route_sale where types=0 and ctype=0 order by addtime desc limit 0,15

select * from cg_config

select count(*)  from cg_product_route_sale where types=0 and ctype=0

select *  from cg_product_route_sale where types=0 and ctype=0 order by addtime desc limit 15,15

select * from cg_config

UPDATE cg_product_route_sale SET id='201', status='1' WHERE id='201'

select * from cg_config

select count(*)  from cg_product_route_sale where types=0 and ctype=0

select *  from cg_product_route_sale where types=0 and ctype=0 order by addtime desc limit 0,15

select * from cg_config

select count(*)  from cg_product_route_sale where types=0 and ctype=0

select *  from cg_product_route_sale where types=0 and ctype=0 order by addtime desc limit 15,15

select * from cg_config

select count(*)  from cg_product_route_sale where types=0 and ctype=0

select *  from cg_product_route_sale where types=0 and ctype=0 order by addtime desc limit 15,15

select * from cg_config

select count(*)  from cg_product_route_sale where types=0 and ctype=0

select *  from cg_product_route_sale where types=0 and ctype=0 order by addtime desc limit 15,15

select * from cg_config

UPDATE cg_product_route_sale SET id='200', status='1' WHERE id='200'

select * from cg_config

select count(*)  from cg_product_route_sale where types=0 and ctype=0

select *  from cg_product_route_sale where types=0 and ctype=0 order by addtime desc limit 15,15

select * from cg_config

select * from cg_config

select count(*)  from cg_product_route_sale where types=0 and ctype=0

select *  from cg_product_route_sale where types=0 and ctype=0 order by addtime desc limit 0,15

select * from cg_config

select count(*)  from cg_product_route_sale where types=0 and ctype=0

select *  from cg_product_route_sale where types=0 and ctype=0 order by addtime desc limit 0,15

select * from cg_config

select count(*)  from cg_product_route_sale where types=0 and ctype=0

select *  from cg_product_route_sale where types=0 and ctype=0 order by addtime desc limit 0,15

select * from cg_config

select * from cg_config

