select * from cg_config

select * from cg_config

SELECT * FROM cg_user WHERE username = 'admin'

update cg_user set login_num=login_num+1,login_ip='123.115.135.225',time2='2015-06-18 02:15:51' where id=1

select * from cg_config

select * from cg_config

select * from cg_user where id=1

SELECT lft, rgt FROM con_menuitems WHERE classid='1' 

SELECT * FROM con_menuitems WHERE lft>=1 AND lft<=134   ORDER BY lft ASC

select * from cg_config

select * from cg_config

select * from cg_config

select * from cg_config

select * from cg_config

select * from cg_config

select * from cg_config

select * from cg_config

select * from cg_config

select * from cg_class where pid=0  and classtype=5   order by hots 

select * from cg_area   order by id 

select * from cg_class where pid=0  and classtype=3   order by hots 

select count(*)  from cg_scenic where types=3

select *  from cg_scenic where types=3 order by id desc limit 0,15

select * from cg_config

select * from cg_class where pid=0  and classtype=5   order by hots 

select * from cg_area   order by id 

select * from cg_class where pid=0  and classtype=3   order by hots 

select count(*)  from cg_scenic where types=3 and title like '%土耳其%'

select *  from cg_scenic where types=3 and title like '%土耳其%' order by id desc limit 0,15

select * from cg_config

select * from cg_scenic  where id=66

select * from cg_class where pid=0  and classtype=5   order by hots 

select * from cg_area   order by id 

select * from cg_class where pid=0  and classtype=4   order by hots 

select count(*)  from cg_hotel where types=3 and ctype=1 and id=66

select *  from cg_hotel where types=3 and ctype=1 and id=66 order by hid 

select * from cg_config

select * from cg_class where pid=0  and classtype=5   order by hots 

select * from cg_area   order by id 

select * from cg_class where pid=0  and classtype=3   order by hots 

select * from cg_scenic where id=66

select * from cg_config

select * from cg_class where pid=155   order by hots

select * from cg_config

select * from cg_area where classid=1  and pid=0 order by region

select * from cg_config

select * from cg_area where classid=1  and pid=2 order by region

select * from cg_config

select * from cg_area where classid=3  and pid=0 order by region

select * from cg_config

select * from cg_area where classid=3  and pid=99 order by region

select * from cg_config

select * from cg_area where classid=3  and pid=14 order by region

select * from cg_config

select * from cg_class where pid=0  and classtype=5   order by hots 

select * from cg_area   order by id 

select * from cg_class where pid=0  and classtype=3   order by hots 

UPDATE cg_scenic SET id='66', types='3', title='土耳其棉花堡', ctype='155', info_id='', cid='3', aid='14', url='/1/201172015366697.jpg', brand='', item='0', price2='0', price='0', price1='0', address='', pos='', keyword='', word='&nbsp;&nbsp;棉花堡以其神奇的自然景观创造出一个亦换亦真的银色城堡.此处地下温泉水不断从地底涌出,富含钙盐和矿物质的温泉沿高原坡体下流,经过长年累月,石灰质聚结而形成棉花状之岩石,层层叠叠,由此形成千奇百怪的钟乳石,瀑布和水池.据说,还有治疗高血压.风湿症和皮肤病的效果!', info='', op_type='1', op_user='admin' WHERE id='66'

INSERT INTO cg_daily (title, remark, userid, name, ip, sys) VALUES ('cg_scenic', '修改了1条景点数据,ID为：66', '1', 'admin', '123.115.135.225', 'Mozilla/4.0 (compatible; MSIE 7.0; Windows NT 5.1; Trident/4.0; .NET CLR 1.1.4322; .NET CLR 2.0.50727)') 

select * from cg_config

select * from cg_class where pid=0  and classtype=5   order by hots 

select * from cg_area   order by id 

select * from cg_class where pid=0  and classtype=3   order by hots 

select count(*)  from cg_scenic where types=3

select *  from cg_scenic where types=3 order by id desc limit 0,15

select * from cg_config

select * from cg_class where pid=0  and classtype=5   order by hots 

select * from cg_area   order by id 

select * from cg_class where pid=0  and classtype=3   order by hots 

select count(*)  from cg_scenic where types=3 and title like '%土耳%'

select *  from cg_scenic where types=3 and title like '%土耳%' order by id desc limit 0,15

select * from cg_config

select * from cg_class where pid=0  and classtype=5   order by hots 

select * from cg_area   order by id 

select * from cg_class where pid=0  and classtype=3   order by hots 

select * from cg_scenic where id=42

select * from cg_config

select * from cg_class where pid=155   order by hots

select * from cg_config

select * from cg_area where classid=1  and pid=0 order by region

select * from cg_config

select * from cg_area where classid=1  and pid=2 order by region

select * from cg_config

select * from cg_area where classid=3  and pid=0 order by region

select * from cg_config

select * from cg_area where classid=3  and pid=99 order by region

select * from cg_config

select * from cg_area where classid=3  and pid=14 order by region

select * from cg_config

select * from cg_class where pid=0  and classtype=5   order by hots 

select * from cg_area   order by id 

select * from cg_class where pid=0  and classtype=3   order by hots 

UPDATE cg_scenic SET id='42', types='3', title='土耳其棉花堡', ctype='155', info_id='', cid='3', aid='14', url='/1/2011720153055502.jpg', brand='', item='0', price2='0', price='0', price1='0', address='', pos='', keyword='', word='&nbsp;&nbsp;&nbsp;&nbsp;棉花堡以其神奇的自然景观创造出一个亦换亦真的银色城堡.此处地下温泉水不断从地底涌出,富含钙盐和矿物质的温泉沿高原坡体下流,经过长年累月,石灰质聚结而形成棉花状之岩石,层层叠叠,由此形成千奇百怪的钟乳石,瀑布和水池.据说,还有治疗高血压.风湿症和皮肤病的效果!&nbsp;', info='', op_type='1', op_user='admin' WHERE id='42'

INSERT INTO cg_daily (title, remark, userid, name, ip, sys) VALUES ('cg_scenic', '修改了1条景点数据,ID为：42', '1', 'admin', '123.115.135.225', 'Mozilla/4.0 (compatible; MSIE 7.0; Windows NT 5.1; Trident/4.0; .NET CLR 1.1.4322; .NET CLR 2.0.50727)') 

select * from cg_config

select * from cg_class where pid=0  and classtype=5   order by hots 

select * from cg_area   order by id 

select * from cg_class where pid=0  and classtype=3   order by hots 

select count(*)  from cg_scenic where types=3

select *  from cg_scenic where types=3 order by id desc limit 0,15

select * from cg_config

select * from cg_class where pid=0  and classtype=5   order by hots 

select * from cg_area   order by id 

select * from cg_class where pid=0  and classtype=3   order by hots 

select count(*)  from cg_scenic where types=3 and title like '%土耳其%'

select *  from cg_scenic where types=3 and title like '%土耳其%' order by id desc limit 0,15

select * from cg_config

select * from cg_class where pid=0  and classtype=5   order by hots 

select * from cg_area   order by id 

select * from cg_class where pid=0  and classtype=3   order by hots 

select * from cg_scenic where id=41

select * from cg_config

select * from cg_class where pid=155   order by hots

select * from cg_config

select * from cg_area where classid=1  and pid=0 order by region

select * from cg_config

select * from cg_area where classid=1  and pid=2 order by region

select * from cg_config

select * from cg_area where classid=3  and pid=0 order by region

select * from cg_config

select * from cg_area where classid=3  and pid=99 order by region

select * from cg_config

select * from cg_area where classid=3  and pid=14 order by region

select * from cg_config

select * from cg_class where pid=0  and classtype=5   order by hots 

select * from cg_area   order by id 

select * from cg_class where pid=0  and classtype=3   order by hots 

UPDATE cg_scenic SET id='41', types='3', title='土耳其特洛伊古城', ctype='155', info_id='', cid='3', aid='14', url='/1/2011720152952549.jpg', brand='', item='0', price2='0', price='0', price1='0', address='', pos='', keyword='', word='&nbsp;&nbsp;&nbsp;&nbsp;距特洛伊城遗址不远，有一座博物馆，是土耳其目前唯一收藏特洛伊文物的博物馆。博物馆规模不大，陈列的文物寥寥无几，这是因为曾发掘出的大量珍贵文物，已被西方文物盗窃者窃走，其中包括普里阿莫斯国王的宝库和海伦的项链。尽管如此，特洛伊遗址仍然不失为迷人的去处。现在特洛伊已成为土耳其的游览胜地之一，这里的一切，以世界上最早版本的“冲冠一怒为红颜”，每年迎来世界各地的百万游客。&nbsp;', info='', op_type='1', op_user='admin' WHERE id='41'

INSERT INTO cg_daily (title, remark, userid, name, ip, sys) VALUES ('cg_scenic', '修改了1条景点数据,ID为：41', '1', 'admin', '123.115.135.225', 'Mozilla/4.0 (compatible; MSIE 7.0; Windows NT 5.1; Trident/4.0; .NET CLR 1.1.4322; .NET CLR 2.0.50727)') 

select * from cg_config

select * from cg_class where pid=0  and classtype=5   order by hots 

select * from cg_area   order by id 

select * from cg_class where pid=0  and classtype=3   order by hots 

select count(*)  from cg_scenic where types=3

select *  from cg_scenic where types=3 order by id desc limit 0,15

select * from cg_config

select * from cg_class where pid=0  and classtype=5   order by hots 

select * from cg_area   order by id 

select * from cg_class where pid=0  and classtype=3   order by hots 

select count(*)  from cg_scenic where types=3 and title like '%土耳其%'

select *  from cg_scenic where types=3 and title like '%土耳其%' order by id desc limit 0,15

select * from cg_config

select * from cg_class where pid=0  and classtype=5   order by hots 

select * from cg_area   order by id 

select * from cg_class where pid=0  and classtype=3   order by hots 

select * from cg_scenic where id=40

select * from cg_config

select * from cg_class where pid=155   order by hots

select * from cg_config

select * from cg_area where classid=1  and pid=0 order by region

select * from cg_config

select * from cg_area where classid=1  and pid=2 order by region

select * from cg_config

select * from cg_area where classid=3  and pid=0 order by region

select * from cg_config

select * from cg_area where classid=3  and pid=99 order by region

select * from cg_config

select * from cg_area where classid=3  and pid=14 order by region

select * from cg_config

select * from cg_class where pid=0  and classtype=5   order by hots 

select * from cg_area   order by id 

select * from cg_class where pid=0  and classtype=3   order by hots 

UPDATE cg_scenic SET id='40', types='3', title='土耳其博斯普鲁斯海峡', ctype='155', info_id='', cid='3', aid='14', url='/1/2011720152753597.jpg', brand='', item='0', price2='0', price='0', price1='0', address='', pos='', keyword='', word='<span style=\"font-family:宋体;font-size:16pt;\"></span> 
<div>
	&nbsp;&nbsp;&nbsp; 到伊斯坦布尔，乘船一游海峡是非常值得。博斯普鲁斯海峡是蜿蜒穿梭在亚洲与欧洲之间的著名海峡。海峡的沿岸有过去与现在，绚丽豪华与朴素纯美是如此鲜明地并存，观赏博斯普鲁斯海峡的最佳方法莫过于乘坐沿著海岸蜿蜒行走的定期客轮。
</div>', info='', op_type='1', op_user='admin' WHERE id='40'

INSERT INTO cg_daily (title, remark, userid, name, ip, sys) VALUES ('cg_scenic', '修改了1条景点数据,ID为：40', '1', 'admin', '123.115.135.225', 'Mozilla/4.0 (compatible; MSIE 7.0; Windows NT 5.1; Trident/4.0; .NET CLR 1.1.4322; .NET CLR 2.0.50727)') 

select * from cg_config

select * from cg_class where pid=0  and classtype=5   order by hots 

select * from cg_area   order by id 

select * from cg_class where pid=0  and classtype=3   order by hots 

select count(*)  from cg_scenic where types=3

select *  from cg_scenic where types=3 order by id desc limit 0,15

select * from cg_config

select * from cg_class where pid=0  and classtype=5   order by hots 

select * from cg_area   order by id 

select * from cg_class where pid=0  and classtype=3   order by hots 

select count(*)  from cg_scenic where types=3 and title like '%土耳其%'

select *  from cg_scenic where types=3 and title like '%土耳其%' order by id desc limit 0,15

select * from cg_config

select * from cg_class where pid=0  and classtype=5   order by hots 

select * from cg_area   order by id 

select * from cg_class where pid=0  and classtype=3   order by hots 

select * from cg_scenic where id=39

select * from cg_config

select * from cg_area where classid=1  and pid=0 order by region

select * from cg_config

select * from cg_class where pid=155   order by hots

select * from cg_config

select * from cg_area where classid=1  and pid=2 order by region

select * from cg_config

select * from cg_area where classid=3  and pid=0 order by region

select * from cg_config

select * from cg_area where classid=3  and pid=99 order by region

select * from cg_config

select * from cg_area where classid=3  and pid=14 order by region

select * from cg_config

select * from cg_class where pid=0  and classtype=5   order by hots 

select * from cg_area   order by id 

select * from cg_class where pid=0  and classtype=3   order by hots 

UPDATE cg_scenic SET id='39', types='3', title='土耳其蓝色清真寺', ctype='155', info_id='', cid='3', aid='14', url='/1/2011720152651218.jpg', brand='', item='0', price2='0', price='0', price1='0', address='', pos='', keyword='', word='&nbsp;&nbsp;&nbsp;&nbsp;蓝色清真寺，它是由建筑设计师阿合麦特在1609-1616年间所建造完成，巨大的圆顶周围有六根尖塔，属世界之最。清真寺内墙壁全部用蓝、白两色的依兹尼克（Iznik）磁砖装饰，透过彩色玻璃射入的光线，反射在兰色的瓷砖之上，放出奇幻迷离的色彩，于是人们叫它“蓝色清真寺”。它是伊斯坦布尔清真教徒每日的朝拜处。夏季的夜晚来临时，这里便射出耀眼的光辉，传出悦耳的颂音&nbsp;', info='', op_type='1', op_user='admin' WHERE id='39'

INSERT INTO cg_daily (title, remark, userid, name, ip, sys) VALUES ('cg_scenic', '修改了1条景点数据,ID为：39', '1', 'admin', '123.115.135.225', 'Mozilla/4.0 (compatible; MSIE 7.0; Windows NT 5.1; Trident/4.0; .NET CLR 1.1.4322; .NET CLR 2.0.50727)') 

select * from cg_config

select * from cg_class where pid=0  and classtype=5   order by hots 

select * from cg_area   order by id 

select * from cg_class where pid=0  and classtype=3   order by hots 

select count(*)  from cg_scenic where types=3

select *  from cg_scenic where types=3 order by id desc limit 0,15

select * from cg_config

select * from cg_class where pid=0  and classtype=5   order by hots 

select * from cg_area   order by id 

select * from cg_class where pid=0  and classtype=3   order by hots 

select count(*)  from cg_scenic where types=3 and title like '%土耳其%'

select *  from cg_scenic where types=3 and title like '%土耳其%' order by id desc limit 0,15

select * from cg_config

select * from cg_class where pid=0  and classtype=5   order by hots 

select * from cg_class where pid=0  and classtype=6   order by hots 

select count(*)  from cg_area t  where types=0

select *,(select title from cg_area where id=t.pid) as pidname  from cg_area t  where types=0 order by id desc limit 0,15

select * from cg_config

select * from cg_class where pid=0  and classtype=5   order by hots 

select * from cg_class where pid=0  and classtype=6   order by hots 

select count(*)  from cg_area t  where types=0 and title like '%土耳其%'

select *,(select title from cg_area where id=t.pid) as pidname  from cg_area t  where types=0 and title like '%土耳其%' order by id desc limit 0,15

select * from cg_config

select * from cg_class where pid=0  and classtype=5   order by hots 

select * from cg_class where pid=0  and classtype=6   order by hots 

select * from cg_area where id=14

select * from cg_config

select * from cg_area where classid=3  and pid=0 order by region

select * from cg_config

select * from cg_config

select * from cg_config

select * from cg_config

select * from cg_config

select * from cg_config

