select * from cg_config

select * from cg_config

select * from cg_config

SELECT * FROM cg_user WHERE username = 'admin'

update cg_user set login_num=login_num+1,login_ip='123.115.128.71',time2='2015-04-13 00:20:33' where id=1

select * from cg_config

select * from cg_config

select * from cg_user where id=1

SELECT lft, rgt FROM con_menuitems WHERE classid='1' 

SELECT * FROM con_menuitems WHERE lft>=1 AND lft<=134   ORDER BY lft ASC

select * from cg_config

select * from cg_config

select * from cg_config

select * from cg_class where pid=0  and classtype=0   order by hots 

select * from cg_class where 1  and classtype=0 and pid!=0  order by hots 

select * from cg_branch  where types=0  order by id 

select * from cg_config

select * from cg_config

SELECT * FROM cg_user WHERE username = 'camelwu'

update cg_user set login_num=login_num+1,login_ip='117.26.231.69',time2='2015-04-13 06:24:49' where id=3

select * from cg_config

select * from cg_config

select * from cg_user where id=3

SELECT lft, rgt FROM con_menuitems WHERE classid='1' 

SELECT * FROM con_menuitems WHERE lft>=1 AND lft<=134   ORDER BY lft ASC

select * from cg_config

select * from cg_config

select * from cg_config

select * from cg_config

select * from cg_user where id=3

SELECT lft, rgt FROM con_menuitems WHERE classid='1' 

SELECT * FROM con_menuitems WHERE lft>=1 AND lft<=134   ORDER BY lft ASC

select * from cg_config

select * from cg_config

select * from cg_config

select * from cg_class where pid=0  and classtype=0   order by hots 

select * from cg_class where 1  and classtype=0 and pid!=0  order by hots 

select * from cg_branch  where types=0  order by id 

select count(*) from (select *, concat_ws(',',title,IFNULL(keywords,' '),IFNULL(remark,' '),op_user) keyword from cg_product_route) result where userid=3

select * from (select *, concat_ws(',',title,IFNULL(keywords,' '),IFNULL(remark,' '),op_user) keyword from cg_product_route) result where userid=3 order by id desc limit 0,15

select * from cg_config

select * from cg_class where pid=0  and classtype=0   order by hots 

select * from cg_class where 1  and classtype=0 and pid!=0  order by hots 

select * from cg_branch  where types=0  order by id 

select * from cg_product_route where id=419

select * from cg_product_route_stroke where classid=419 order by num asc

select * from cg_config

Select cg_scenic.id,cg_scenic.title from cg_scenic Left JOIN cg_area ON (cg_scenic.aid = cg_area.id or cg_scenic.city = cg_area.id) where cg_scenic.types=3 and locate(cg_area.title, '北京')>0 
			 order by cg_scenic.hots

Select cg_scenic.id,cg_scenic.title from cg_scenic Left JOIN cg_area ON (cg_scenic.aid = cg_area.id or cg_scenic.city = cg_area.id) where cg_scenic.types=3 and locate(cg_area.title, '杭州')>0 
			 order by cg_scenic.hots

select * from cg_config

select * from cg_class where pid=0  and classtype=0   order by hots 

select * from cg_class where 1  and classtype=0 and pid!=0  order by hots 

select * from cg_branch  where types=0  order by id 

select * from cg_product_route where id=419

select * from cg_product_route_stroke where classid=419 order by num asc

select * from cg_config

select * from cg_class where pid=0  and classtype=0   order by hots 

select * from cg_class where 1  and classtype=0 and pid!=0  order by hots 

select * from cg_branch  where types=0  order by id 

select * from cg_product_route where id=419

select * from cg_product_route_stroke where classid=419 order by num asc

select * from cg_config

Select cg_scenic.id,cg_scenic.title from cg_scenic Left JOIN cg_area ON (cg_scenic.aid = cg_area.id or cg_scenic.city = cg_area.id) where cg_scenic.types=3 and locate(cg_area.title, '北京')>0 
			 order by cg_scenic.hots

Select cg_scenic.id,cg_scenic.title from cg_scenic Left JOIN cg_area ON (cg_scenic.aid = cg_area.id or cg_scenic.city = cg_area.id) where cg_scenic.types=3 and locate(cg_area.title, '南京')>0 
			 order by cg_scenic.hots

select * from cg_config

select * from cg_class where pid=0  and classtype=0   order by hots 

select * from cg_class where 1  and classtype=0 and pid!=0  order by hots 

select * from cg_branch  where types=0  order by id 

select count(*) from cg_product_route_stroke where classid =419

INSERT INTO cg_product_route_stroke (num, departure, timd, arrived, tima, traffic, tname, eats, hotel, scenic, content) VALUES ('1', '北京', '', '南京', '', 'null', '', '', '', '', '') 

INSERT INTO cg_daily (title, remark, userid, name, ip, sys) VALUES ('cg_line', '添加了1条线路行程数据,ID为：1208', '3', 'camelwu', '117.26.231.69', 'Mozilla/5.0 (Windows NT 6.1; WOW64) AppleWebKit/537.36 (KHTML, like Gecko) Chrome/41.0.2272.101 Safari/537.36') 

INSERT INTO cg_product_route_stroke (num, departure, timd, arrived, tima, traffic, tname, eats, hotel, scenic, content) VALUES ('2', '南京', '', '南京', '', 'null', '', '', '', '', '') 

INSERT INTO cg_daily (title, remark, userid, name, ip, sys) VALUES ('cg_line', '添加了1条线路行程数据,ID为：1209', '3', 'camelwu', '117.26.231.69', 'Mozilla/5.0 (Windows NT 6.1; WOW64) AppleWebKit/537.36 (KHTML, like Gecko) Chrome/41.0.2272.101 Safari/537.36') 

INSERT INTO cg_product_route_stroke (num, departure, timd, arrived, tima, traffic, tname, eats, hotel, scenic, content) VALUES ('3', '南京', '', '南京', '', 'null', '', '', '', '', '') 

INSERT INTO cg_daily (title, remark, userid, name, ip, sys) VALUES ('cg_line', '添加了1条线路行程数据,ID为：1210', '3', 'camelwu', '117.26.231.69', 'Mozilla/5.0 (Windows NT 6.1; WOW64) AppleWebKit/537.36 (KHTML, like Gecko) Chrome/41.0.2272.101 Safari/537.36') 

INSERT INTO cg_product_route_stroke (num, departure, timd, arrived, tima, traffic, tname, eats, hotel, scenic, content) VALUES ('4', '南京', '', '南京', '', 'null', '', '', '', '', '') 

INSERT INTO cg_daily (title, remark, userid, name, ip, sys) VALUES ('cg_line', '添加了1条线路行程数据,ID为：1211', '3', 'camelwu', '117.26.231.69', 'Mozilla/5.0 (Windows NT 6.1; WOW64) AppleWebKit/537.36 (KHTML, like Gecko) Chrome/41.0.2272.101 Safari/537.36') 

INSERT INTO cg_product_route_stroke (num, departure, timd, arrived, tima, traffic, tname, eats, hotel, scenic, content) VALUES ('5', '南京', '', '北京', '', 'null', '', '', '', '', '') 

INSERT INTO cg_daily (title, remark, userid, name, ip, sys) VALUES ('cg_line', '添加了1条线路行程数据,ID为：1212', '3', 'camelwu', '117.26.231.69', 'Mozilla/5.0 (Windows NT 6.1; WOW64) AppleWebKit/537.36 (KHTML, like Gecko) Chrome/41.0.2272.101 Safari/537.36') 

INSERT INTO cg_daily (title, remark, userid, name, ip, sys) VALUES ('cg_line', '修改了1条线路计划数据,ID为：419', '3', 'camelwu', '117.26.231.69', 'Mozilla/5.0 (Windows NT 6.1; WOW64) AppleWebKit/537.36 (KHTML, like Gecko) Chrome/41.0.2272.101 Safari/537.36') 

select * from cg_config

select * from cg_class where pid=0  and classtype=0   order by hots 

select * from cg_class where 1  and classtype=0 and pid!=0  order by hots 

select * from cg_branch  where types=0  order by id 

select * from cg_product_route where id=419

select * from cg_product_route_stroke where classid=419 order by num asc

select * from cg_config

select max(hots)+1 from cg_class where classtype=0  and pid=112

select * from cg_config

select * from cg_class where pid=0  and classtype=0   order by hots 

select * from cg_class where 1  and classtype=0 and pid!=0  order by hots 

select * from cg_branch  where types=0  order by id 

select count(*) from (select *, concat_ws(',',title,IFNULL(keywords,' '),IFNULL(remark,' '),op_user) keyword from cg_product_route) result where userid=3

select * from (select *, concat_ws(',',title,IFNULL(keywords,' '),IFNULL(remark,' '),op_user) keyword from cg_product_route) result where userid=3 order by id desc limit 0,15

select * from cg_config

select * from cg_class where pid=0  and classtype=0   order by hots 

select * from cg_class where 1  and classtype=0 and pid!=0  order by hots 

select * from cg_branch  where types=0  order by id 

select * from cg_product_route where id=419

select * from cg_product_route_stroke where classid=419 order by num asc

select * from cg_config

select * from cg_class where pid=0  and classtype=0   order by hots 

select * from cg_class where 1  and classtype=0 and pid!=0  order by hots 

select * from cg_branch  where types=0  order by id 

select count(*)  from cg_product_route where userid=3

select *  from cg_product_route where userid=3 order by id desc limit 0,15

select * from cg_config

select * from cg_class where pid=0  and classtype=0   order by hots 

select * from cg_class where 1  and classtype=0 and pid!=0  order by hots 

select * from cg_branch  where types=0  order by id 

select count(*)  from cg_product_route where userid=3

select *  from cg_product_route where userid=3 order by id desc limit 0,15

select * from cg_config

select * from cg_class where pid=0  and classtype=0   order by hots 

select * from cg_class where 1  and classtype=0 and pid!=0  order by hots 

select * from cg_branch  where types=0  order by id 

select count(*)  from cg_product_route where userid=3

select *  from cg_product_route where userid=3 order by id desc limit 0,15

select * from cg_config

select * from cg_class where pid=0  and classtype=0   order by hots 

select * from cg_class where 1  and classtype=0 and pid!=0  order by hots 

select * from cg_branch  where types=0  order by id 

select count(*)  from cg_product_route where userid=3

select *  from cg_product_route where userid=3 order by id desc limit 0,15

select * from cg_config

select * from cg_class where pid=0  and classtype=0   order by hots 

select * from cg_class where 1  and classtype=0 and pid!=0  order by hots 

select * from cg_branch  where types=0  order by id 

select count(*)  from cg_product_route where userid!=3

select *  from cg_product_route where userid!=3 order by id desc limit 0,15

select * from cg_config

select * from cg_class where pid=0  and classtype=0   order by hots 

select * from cg_class where 1  and classtype=0 and pid!=0  order by hots 

select * from cg_branch  where types=0  order by id 

select count(*)  from cg_product_route where userid=3

select *  from cg_product_route where userid=3 order by id desc limit 0,15

select * from cg_config

select * from cg_class where pid=0  and classtype=0   order by hots 

select * from cg_class where 1  and classtype=0 and pid!=0  order by hots 

select * from cg_branch  where types=0  order by id 

select count(*)  from cg_product_route where userid!=3

select *  from cg_product_route where userid!=3 order by id desc limit 0,15

select * from cg_config

select * from cg_class where pid=0  and classtype=0   order by hots 

select * from cg_class where 1  and classtype=0 and pid!=0  order by hots 

select * from cg_branch  where types=0  order by id 

select count(*)  from cg_product_route where userid=3

select *  from cg_product_route where userid=3 order by id desc limit 0,15

select * from cg_config

select * from cg_class where pid=0  and classtype=0   order by hots 

select * from cg_class where 1  and classtype=0 and pid!=0  order by hots 

select * from cg_branch  where types=0  order by id 

select count(*)  from cg_product_route where userid!=3

select *  from cg_product_route where userid!=3 order by id desc limit 0,15

select * from cg_config

select * from cg_class where pid=0  and classtype=0   order by hots 

select * from cg_class where 1  and classtype=0 and pid!=0  order by hots 

select * from cg_branch  where types=0  order by id 

select * from cg_product_route where id=419

select * from cg_product_route_stroke where classid=419 order by num asc

select * from cg_config

select * from cg_class where pid=0  and classtype=0   order by hots 

select * from cg_class where 1  and classtype=0 and pid!=0  order by hots 

select * from cg_branch  where types=0  order by id 

select * from cg_product_route where id=419

select * from cg_product_route_stroke where classid=419 order by num asc

select * from cg_config

select * from cg_class where pid=112   order by hots

select * from cg_config

select * from cg_class where pid=114   order by hots

select * from cg_config

select * from cg_class where pid=117   order by hots

select * from cg_config

select * from cg_class where pid=118   order by hots

select * from cg_config

select * from cg_class where pid=113   order by hots

select * from cg_config

select * from cg_class where pid=112   order by hots

select * from cg_config

select * from cg_class where pid=113   order by hots

select * from cg_config

select * from cg_class where pid=113   order by hots

select * from cg_config

select * from cg_class where pid=0  and classtype=0   order by hots 

select * from cg_class where 1  and classtype=0 and pid!=0  order by hots 

select * from cg_branch  where types=0  order by id 

select * from cg_product_route where id=419

select * from cg_product_route_stroke where classid=419 order by num asc

select * from cg_config

select * from cg_config

select * from cg_user where id=3

SELECT lft, rgt FROM con_menuitems WHERE classid='1' 

SELECT * FROM con_menuitems WHERE lft>=1 AND lft<=134   ORDER BY lft ASC

select * from cg_config

select * from cg_config

select * from cg_config

select * from cg_class where pid=0  and classtype=0   order by hots 

select * from cg_class where pid=0  and classtype=1   order by hots 

select * from cg_class where pid=0  and classtype=2   order by hots 

select * from cg_class where pid=0  and classtype=3   order by hots 

select * from cg_class where pid=0  and classtype=4   order by hots 

select * from cg_class where pid=0  and classtype=5   order by hots 

select * from cg_class where pid=0  and classtype=6   order by hots 

select * from cg_class where pid=0  and classtype=7   order by hots 

select * from cg_class where pid=0 and classtype=0 order by hots asc

select * from cg_config

select * from cg_class where html='undefined' limit 1

select * from cg_config

select * from cg_config

select * from cg_config

select * from cg_class where pid=0  and classtype=0   order by hots 

select * from cg_class where pid=0  and classtype=1   order by hots 

select * from cg_class where pid=0  and classtype=2   order by hots 

select * from cg_class where pid=0  and classtype=3   order by hots 

select * from cg_class where pid=0  and classtype=4   order by hots 

select * from cg_class where pid=0  and classtype=5   order by hots 

select * from cg_class where pid=0  and classtype=6   order by hots 

select * from cg_class where pid=0  and classtype=7   order by hots 

select * from cg_class where pid=113 and classtype=0 order by hots asc

select * from cg_config

select * from cg_config

select * from cg_class where html='undefined' limit 1

select * from cg_config

select * from cg_config

select * from cg_class where pid=0  and classtype=0   order by hots 

select * from cg_class where pid=0  and classtype=1   order by hots 

select * from cg_class where pid=0  and classtype=2   order by hots 

select * from cg_class where pid=0  and classtype=3   order by hots 

select * from cg_class where pid=0  and classtype=4   order by hots 

select * from cg_class where pid=0  and classtype=5   order by hots 

select * from cg_class where pid=0  and classtype=6   order by hots 

select * from cg_class where pid=0  and classtype=7   order by hots 

select * from cg_class where pid=112 and classtype=0 order by hots asc

select * from cg_config

select * from cg_config

select * from cg_class where html='undefined' limit 1

select * from cg_config

select * from cg_config

select * from cg_class where pid=0  and classtype=0   order by hots 

select * from cg_class where pid=0  and classtype=1   order by hots 

select * from cg_class where pid=0  and classtype=2   order by hots 

select * from cg_class where pid=0  and classtype=3   order by hots 

select * from cg_class where pid=0  and classtype=4   order by hots 

select * from cg_class where pid=0  and classtype=5   order by hots 

select * from cg_class where pid=0  and classtype=6   order by hots 

select * from cg_class where pid=0  and classtype=7   order by hots 

select * from cg_class where pid=114 and classtype=0 order by hots asc

select * from cg_config

select * from cg_class where html='undefined' limit 1

select * from cg_config

select * from cg_class where pid=0  and classtype=0   order by hots 

select * from cg_class where pid=0  and classtype=1   order by hots 

select * from cg_class where pid=0  and classtype=2   order by hots 

select * from cg_class where pid=0  and classtype=3   order by hots 

select * from cg_class where pid=0  and classtype=4   order by hots 

select * from cg_class where pid=0  and classtype=5   order by hots 

select * from cg_class where pid=0  and classtype=6   order by hots 

select * from cg_class where pid=0  and classtype=7   order by hots 

select * from cg_class where pid=117 and classtype=0 order by hots asc

select * from cg_config

select * from cg_class where html='undefined' limit 1

select * from cg_config

select * from cg_class where pid=0  and classtype=0   order by hots 

select * from cg_class where pid=0  and classtype=1   order by hots 

select * from cg_class where pid=0  and classtype=2   order by hots 

select * from cg_class where pid=0  and classtype=3   order by hots 

select * from cg_class where pid=0  and classtype=4   order by hots 

select * from cg_class where pid=0  and classtype=5   order by hots 

select * from cg_class where pid=0  and classtype=6   order by hots 

select * from cg_class where pid=0  and classtype=7   order by hots 

select * from cg_class where pid=118 and classtype=0 order by hots asc

select * from cg_config

select * from cg_config

select * from cg_class where html='undefined' limit 1

select * from cg_config

select * from cg_config

select * from cg_class where pid=0  and classtype=0   order by hots 

select * from cg_class where pid=0  and classtype=1   order by hots 

select * from cg_class where pid=0  and classtype=2   order by hots 

select * from cg_class where pid=0  and classtype=3   order by hots 

select * from cg_class where pid=0  and classtype=4   order by hots 

select * from cg_class where pid=0  and classtype=5   order by hots 

select * from cg_class where pid=0  and classtype=6   order by hots 

select * from cg_class where pid=0  and classtype=7   order by hots 

select * from cg_class where pid=113 and classtype=0 order by hots asc

select * from cg_config

select * from cg_config

select * from cg_config

select * from cg_class where html='undefined' limit 1

select * from cg_config

select * from cg_class where pid=0  and classtype=0   order by hots 

select * from cg_class where 1  and classtype=0 and pid!=0  order by hots 

select * from cg_branch  where types=0  order by id 

select * from cg_product_route where id=419

select * from cg_product_route_stroke where classid=419 order by num asc

select * from cg_config

select * from cg_class where pid=0  and classtype=0   order by hots 

select * from cg_class where pid=0  and classtype=1   order by hots 

select * from cg_class where pid=0  and classtype=2   order by hots 

select * from cg_class where pid=0  and classtype=3   order by hots 

select * from cg_class where pid=0  and classtype=4   order by hots 

select * from cg_class where pid=0  and classtype=5   order by hots 

select * from cg_class where pid=0  and classtype=6   order by hots 

select * from cg_class where pid=0  and classtype=7   order by hots 

select * from cg_class where pid=112 and classtype=0 order by hots asc

select * from cg_config

select * from cg_config

select * from cg_class where html='undefined' limit 1

select * from cg_config

select * from cg_config

select * from cg_class where pid=112   order by hots

select * from cg_config

select * from cg_class where pid=113   order by hots

select * from cg_config

select * from cg_class where pid=0  and classtype=0   order by hots 

select * from cg_class where 1  and classtype=0 and pid!=0  order by hots 

select * from cg_branch  where types=0  order by id 

select * from cg_product_route where id=419

select * from cg_product_route_stroke where classid=419 order by num asc

select * from cg_config

select * from cg_class where pid=113   order by hots

select * from cg_config

select * from cg_class where pid=112   order by hots

select * from cg_config

select * from cg_class where pid=114   order by hots

select * from cg_config

select * from cg_class where pid=117   order by hots

select * from cg_config

select * from cg_class where pid=118   order by hots

select * from cg_config

select * from cg_class where pid=113   order by hots

