select * from cg_config

select * from cg_config

select * from cg_config

select * from cg_config

select * from cg_config

select * from cg_config

select * from cg_config

select * from cg_config

select * from cg_config

select * from cg_config

select * from cg_config

select * from cg_config

select * from cg_config

select * from cg_config

select * from cg_config

select * from cg_config

select * from cg_config

select * from cg_config

select * from cg_config

SELECT * FROM cg_user WHERE username = 'admin'

update cg_user set login_num=login_num+1,login_ip='117.10.61.33',time2='2015-06-04 08:42:58' where id=1

select * from cg_config

select * from cg_config

select * from cg_config

select * from cg_user where id=1

SELECT lft, rgt FROM con_menuitems WHERE classid='1' 

SELECT * FROM con_menuitems WHERE lft>=1 AND lft<=134   ORDER BY lft ASC

select * from cg_config

select * from cg_config

select * from cg_branch  where 1   order by id 

select count(*)  from cg_user where 1 

select *  from cg_user where 1  order by id limit 0,15

select * from cg_config

select * from cg_branch  where 1   order by id 

select * from cg_user where id=0

select * from cg_user   order by id 

SELECT lft, rgt FROM con_menuitems WHERE classid='1' 

SELECT * FROM con_menuitems WHERE lft>=1 AND lft<=134   ORDER BY lft ASC

SELECT lft, rgt FROM con_menuitems WHERE classid='1' 

SELECT * FROM con_menuitems WHERE lft>=1 AND lft<=134   ORDER BY lft ASC

select * from cg_config

select * from cg_config

 select count(*) from cg_user where username = 'ye'

select * from cg_config

select * from cg_branch  where 1   order by id 

select parentid from con_menuitems where classid='2'

select parentid from con_menuitems where classid='3'

select parentid from con_menuitems where classid='4'

select parentid from con_menuitems where classid='5'

select parentid from con_menuitems where classid='6'

select parentid from con_menuitems where classid='7'

select parentid from con_menuitems where classid='8'

select parentid from con_menuitems where classid='9'

select parentid from con_menuitems where classid='10'

select parentid from con_menuitems where classid='11'

select parentid from con_menuitems where classid='12'

select parentid from con_menuitems where classid='13'

select parentid from con_menuitems where classid='14'

select parentid from con_menuitems where classid='15'

select parentid from con_menuitems where classid='16'

select parentid from con_menuitems where classid='17'

select parentid from con_menuitems where classid='18'

select parentid from con_menuitems where classid='19'

select parentid from con_menuitems where classid='20'

select parentid from con_menuitems where classid='21'

select parentid from con_menuitems where classid='22'

select parentid from con_menuitems where classid='23'

select parentid from con_menuitems where classid='24'

select parentid from con_menuitems where classid='91'

select parentid from con_menuitems where classid='26'

select parentid from con_menuitems where classid='27'

select parentid from con_menuitems where classid='28'

select parentid from con_menuitems where classid='29'

select parentid from con_menuitems where classid='30'

select parentid from con_menuitems where classid='31'

select parentid from con_menuitems where classid='32'

select parentid from con_menuitems where classid='33'

select parentid from con_menuitems where classid='34'

select parentid from con_menuitems where classid='35'

select parentid from con_menuitems where classid='36'

select parentid from con_menuitems where classid='37'

select parentid from con_menuitems where classid='38'

select parentid from con_menuitems where classid='39'

select parentid from con_menuitems where classid='40'

select parentid from con_menuitems where classid='41'

select parentid from con_menuitems where classid='42'

select parentid from con_menuitems where classid='43'

select parentid from con_menuitems where classid='44'

select parentid from con_menuitems where classid='45'

select parentid from con_menuitems where classid='46'

select parentid from con_menuitems where classid='47'

select parentid from con_menuitems where classid='48'

select parentid from con_menuitems where classid='49'

select parentid from con_menuitems where classid='50'

select parentid from con_menuitems where classid='51'

select parentid from con_menuitems where classid='52'

select parentid from con_menuitems where classid='53'

select parentid from con_menuitems where classid='54'

select parentid from con_menuitems where classid='55'

select parentid from con_menuitems where classid='57'

select parentid from con_menuitems where classid='58'

select parentid from con_menuitems where classid='59'

select parentid from con_menuitems where classid='60'

select parentid from con_menuitems where classid='61'

select parentid from con_menuitems where classid='62'

select parentid from con_menuitems where classid='63'

select parentid from con_menuitems where classid='64'

select parentid from con_menuitems where classid='65'

select parentid from con_menuitems where classid='66'

INSERT INTO cg_user (username, name, bid, password, position, qq, email, tel, fax, mobile, uid, allowstr, note) VALUES ('ye', '张烨', '25', '69bb97c69ba174af16e1b244163522b4', '管理员', '', '', '', '', '', '1', '2,3,4,5,6,7,8,9,10,11,12,13,14,15,16,17,18,19,20,21,22,23,24,91,26,27,28,29,30,31,32,33,34,35,36,37,38,39,40,41,42,43,44,45,46,47,48,49,50,51,52,53,54,55,57,58,59,60,61,62,63,64,65,66', '') 

INSERT INTO cg_daily (title, remark, userid, name, ip, sys) VALUES ('cg_user', '添加了1条人员数据,ID为：7', '1', 'admin', '117.10.61.33', 'Mozilla/4.0 (compatible; MSIE 7.0; Windows NT 5.1; Trident/4.0; .NET CLR 1.1.4322; .NET CLR 2.0.50727)') 

select * from cg_config

select * from cg_branch  where 1   order by id 

select * from cg_user where id=7

select * from cg_user   order by id 

SELECT lft, rgt FROM con_menuitems WHERE classid='1' 

SELECT * FROM con_menuitems WHERE lft>=1 AND lft<=134   ORDER BY lft ASC

SELECT lft, rgt FROM con_menuitems WHERE classid='1' 

SELECT * FROM con_menuitems WHERE lft>=1 AND lft<=134   ORDER BY lft ASC

select * from cg_config

select * from cg_config

select * from cg_config

