select * from cg_config

select * from cg_config

select * from cg_config

select * from cg_config

select * from cg_config

select * from cg_config

SELECT * FROM cg_user WHERE username = 'admin'

update cg_user set login_num=login_num+1,login_ip='175.10.4.45',time2='2015-07-02 04:12:09' where id=1

select * from cg_config

select * from cg_config

select * from cg_user where id=1

SELECT lft, rgt FROM con_menuitems WHERE classid='1' 

SELECT * FROM con_menuitems WHERE lft>=1 AND lft<=134   ORDER BY lft ASC

select * from cg_config

select * from cg_config

select * from cg_config

select * from cg_branch  where 1  and types=0  order by id 

select * from cg_branch  where 1  and types=2  order by id 

select * from cg_class where pid=0  and classtype=0   order by hots 

select * from cg_class where 1  and classtype=0 and pid!=0  order by hots 

select count(*) from (select *, concat_ws(',',title,IFNULL(keywords,' '),IFNULL(remark,' '),op_user) keyword from cg_product_route) result where userid=1

select * from (select *, concat_ws(',',title,IFNULL(keywords,' '),IFNULL(remark,' '),op_user) keyword from cg_product_route) result where userid=1 order by id desc limit 0,15

select * from cg_config

select * from cg_config

select * from cg_config

select * from cg_config

select * from cg_config

select * from cg_config

select * from cg_config

select * from cg_class where pid=0  and classtype=0   order by hots 

select * from cg_class where pid=0  and classtype=1   order by hots 

select * from cg_class where pid=0  and classtype=2   order by hots 

select * from cg_class where pid=0  and classtype=3   order by hots 

select * from cg_class where pid=0  and classtype=4   order by hots 

select * from cg_class where pid=0  and classtype=5   order by hots 

select * from cg_class where pid=0  and classtype=6   order by hots 

select * from cg_class where pid=0  and classtype=7   order by hots 

select * from cg_class where pid=0  and classtype=8   order by hots 

select * from cg_class where pid=0  and classtype=9   order by hots 

select * from cg_class where pid=0 and classtype=0 order by hots asc

select * from cg_config

select * from cg_config

SELECT * FROM cg_user WHERE username = 'admin'

update cg_user set login_num=login_num+1,login_ip='175.10.4.45',time2='2015-07-02 14:25:18' where id=1

select * from cg_config

select * from cg_config

select * from cg_user where id=1

SELECT lft, rgt FROM con_menuitems WHERE classid='1' 

SELECT * FROM con_menuitems WHERE lft>=1 AND lft<=134   ORDER BY lft ASC

select * from cg_config

select * from cg_config

select * from cg_config

select * from cg_class where pid=0  and classtype=0   order by hots 

select * from cg_class where pid=0  and classtype=1   order by hots 

select * from cg_class where pid=0  and classtype=2   order by hots 

select * from cg_class where pid=0  and classtype=3   order by hots 

select * from cg_class where pid=0  and classtype=4   order by hots 

select * from cg_class where pid=0  and classtype=5   order by hots 

select * from cg_class where pid=0  and classtype=6   order by hots 

select * from cg_class where pid=0  and classtype=7   order by hots 

select * from cg_class where pid=0  and classtype=8   order by hots 

select * from cg_class where pid=0  and classtype=9   order by hots 

select * from cg_class where pid=0 and classtype=0 order by hots asc

select * from cg_config

select * from cg_class where html='undefined' limit 1

select * from cg_config

select * from cg_config

